[ 2017-02-14T09:43:16+08:00 ] 192.168.2.103 /index.php/mapi/customer/loginpost
INFO: [ app_init ] --START--
INFO: Run Behavior\BuildLiteBehavior [ RunTime:0.000010s ]
INFO: [ app_init ] --END-- [ RunTime:0.000681s ]
INFO: [ app_begin ] --START--
INFO: Run Behavior\ReadHtmlCacheBehavior [ RunTime:0.000557s ]
INFO: [ app_begin ] --END-- [ RunTime:0.000606s ]

[ 2017-02-14T14:58:32+08:00 ] 192.168.2.100 /index.php/mapi/customer/loginpost
INFO: [ app_init ] --START--
INFO: Run Behavior\BuildLiteBehavior [ RunTime:0.000009s ]
INFO: [ app_init ] --END-- [ RunTime:0.000053s ]
INFO: [ app_begin ] --START--
INFO: Run Behavior\ReadHtmlCacheBehavior [ RunTime:0.000020s ]
INFO: [ app_begin ] --END-- [ RunTime:0.000049s ]
SQL: SHOW COLUMNS FROM `yh_customer` [ RunTime:0.0004s ]
NOTIC: [8] Undefined index: username /var/www/mqtt/ThinkPHP/Library/Think/Model.class.php 第 1303 行.

[ 2017-02-14T15:18:33+08:00 ] 192.168.2.100 /index.php/mapi/customer/loginpost
INFO: [ app_init ] --START--
INFO: Run Behavior\BuildLiteBehavior [ RunTime:0.000020s ]
INFO: [ app_init ] --END-- [ RunTime:0.000142s ]
INFO: [ app_begin ] --START--
INFO: Run Behavior\ReadHtmlCacheBehavior [ RunTime:0.000057s ]
INFO: [ app_begin ] --END-- [ RunTime:0.000142s ]
SQL: SHOW COLUMNS FROM `yh_customer` [ RunTime:0.0007s ]
NOTIC: [8] Undefined index: username /var/www/mqtt/ThinkPHP/Library/Think/Model.class.php 第 1303 行.

[ 2017-02-14T15:31:14+08:00 ] 192.168.2.100 /index.php/mapi/customer/loginpost
INFO: [ app_init ] --START--
INFO: Run Behavior\BuildLiteBehavior [ RunTime:0.000008s ]
INFO: [ app_init ] --END-- [ RunTime:0.000052s ]
INFO: [ app_begin ] --START--
INFO: Run Behavior\ReadHtmlCacheBehavior [ RunTime:0.000019s ]
INFO: [ app_begin ] --END-- [ RunTime:0.000044s ]
SQL: SHOW COLUMNS FROM `yh_customer` [ RunTime:0.0003s ]
NOTIC: [8] Undefined index: username /var/www/mqtt/ThinkPHP/Library/Think/Model.class.php 第 1303 行.

[ 2017-02-14T15:47:41+08:00 ] 192.168.2.100 /index.php/mapi/customer/loginpost
INFO: [ app_init ] --START--
INFO: Run Behavior\BuildLiteBehavior [ RunTime:0.000013s ]
INFO: [ app_init ] --END-- [ RunTime:0.000084s ]
INFO: [ app_begin ] --START--
INFO: Run Behavior\ReadHtmlCacheBehavior [ RunTime:0.000031s ]
INFO: [ app_begin ] --END-- [ RunTime:0.000078s ]
SQL: SHOW COLUMNS FROM `yh_customer` [ RunTime:0.0005s ]
NOTIC: [8] Undefined index: username /var/www/mqtt/ThinkPHP/Library/Think/Model.class.php 第 1303 行.

[ 2017-02-14T15:55:08+08:00 ] 192.168.2.100 /index.php/mapi/customer/loginpost
INFO: [ app_init ] --START--
INFO: Run Behavior\BuildLiteBehavior [ RunTime:0.000008s ]
INFO: [ app_init ] --END-- [ RunTime:0.000048s ]
INFO: [ app_begin ] --START--
INFO: Run Behavior\ReadHtmlCacheBehavior [ RunTime:0.000016s ]
INFO: [ app_begin ] --END-- [ RunTime:0.000040s ]
SQL: SHOW COLUMNS FROM `yh_customer` [ RunTime:0.0003s ]
NOTIC: [8] Undefined index: username /var/www/mqtt/ThinkPHP/Library/Think/Model.class.php 第 1303 行.

[ 2017-02-14T16:07:18+08:00 ] 192.168.2.100 /index.php/mapi/customer/loginpost
INFO: [ app_init ] --START--
INFO: Run Behavior\BuildLiteBehavior [ RunTime:0.000008s ]
INFO: [ app_init ] --END-- [ RunTime:0.000050s ]
INFO: [ app_begin ] --START--
INFO: Run Behavior\ReadHtmlCacheBehavior [ RunTime:0.000017s ]
INFO: [ app_begin ] --END-- [ RunTime:0.000040s ]
SQL: SHOW COLUMNS FROM `yh_customer` [ RunTime:0.0003s ]
NOTIC: [8] Undefined index: username /var/www/mqtt/ThinkPHP/Library/Think/Model.class.php 第 1303 行.

[ 2017-02-14T16:07:30+08:00 ] 192.168.2.100 /index.php/mapi/customer/loginpost
INFO: [ app_init ] --START--
INFO: Run Behavior\BuildLiteBehavior [ RunTime:0.000008s ]
INFO: [ app_init ] --END-- [ RunTime:0.000052s ]
INFO: [ app_begin ] --START--
INFO: Run Behavior\ReadHtmlCacheBehavior [ RunTime:0.000019s ]
INFO: [ app_begin ] --END-- [ RunTime:0.000045s ]
SQL: SHOW COLUMNS FROM `yh_customer` [ RunTime:0.0003s ]
NOTIC: [8] Undefined index: username /var/www/mqtt/ThinkPHP/Library/Think/Model.class.php 第 1303 行.

[ 2017-02-14T16:07:33+08:00 ] 192.168.2.100 /index.php/mapi/customer/loginpost
INFO: [ app_init ] --START--
INFO: Run Behavior\BuildLiteBehavior [ RunTime:0.000028s ]
INFO: [ app_init ] --END-- [ RunTime:0.000189s ]
INFO: [ app_begin ] --START--
INFO: Run Behavior\ReadHtmlCacheBehavior [ RunTime:0.000069s ]
INFO: [ app_begin ] --END-- [ RunTime:0.000177s ]
SQL: SHOW COLUMNS FROM `yh_customer` [ RunTime:0.0009s ]
NOTIC: [8] Undefined index: username /var/www/mqtt/ThinkPHP/Library/Think/Model.class.php 第 1303 行.

[ 2017-02-14T16:07:35+08:00 ] 192.168.2.100 /index.php/mapi/customer/loginpost
INFO: [ app_init ] --START--
INFO: Run Behavior\BuildLiteBehavior [ RunTime:0.000011s ]
INFO: [ app_init ] --END-- [ RunTime:0.000069s ]
INFO: [ app_begin ] --START--
INFO: Run Behavior\ReadHtmlCacheBehavior [ RunTime:0.000024s ]
INFO: [ app_begin ] --END-- [ RunTime:0.000063s ]
SQL: SHOW COLUMNS FROM `yh_customer` [ RunTime:0.0005s ]
NOTIC: [8] Undefined index: username /var/www/mqtt/ThinkPHP/Library/Think/Model.class.php 第 1303 行.

[ 2017-02-14T16:20:26+08:00 ] 192.168.2.100 /index.php/mapi/customer/loginpost
INFO: [ app_init ] --START--
INFO: Run Behavior\BuildLiteBehavior [ RunTime:0.000030s ]
INFO: [ app_init ] --END-- [ RunTime:0.000232s ]
INFO: [ app_begin ] --START--
INFO: Run Behavior\ReadHtmlCacheBehavior [ RunTime:0.000072s ]
INFO: [ app_begin ] --END-- [ RunTime:0.000182s ]
SQL: SHOW COLUMNS FROM `yh_customer` [ RunTime:0.0010s ]
NOTIC: [8] Undefined index: username /var/www/mqtt/ThinkPHP/Library/Think/Model.class.php 第 1303 行.

[ 2017-02-14T16:28:21+08:00 ] 192.168.2.100 /index.php/mapi/customer/loginpost
INFO: [ app_init ] --START--
INFO: Run Behavior\BuildLiteBehavior [ RunTime:0.000008s ]
INFO: [ app_init ] --END-- [ RunTime:0.000055s ]
INFO: [ app_begin ] --START--
INFO: Run Behavior\ReadHtmlCacheBehavior [ RunTime:0.000019s ]
INFO: [ app_begin ] --END-- [ RunTime:0.000048s ]
SQL: SHOW COLUMNS FROM `yh_customer` [ RunTime:0.0003s ]
NOTIC: [8] Undefined index: username /var/www/mqtt/ThinkPHP/Library/Think/Model.class.php 第 1303 行.

[ 2017-02-14T16:29:32+08:00 ] 192.168.2.100 /index.php/mapi/customer/loginpost
INFO: [ app_init ] --START--
INFO: Run Behavior\BuildLiteBehavior [ RunTime:0.000008s ]
INFO: [ app_init ] --END-- [ RunTime:0.000053s ]
INFO: [ app_begin ] --START--
INFO: Run Behavior\ReadHtmlCacheBehavior [ RunTime:0.000019s ]
INFO: [ app_begin ] --END-- [ RunTime:0.000045s ]
SQL: SHOW COLUMNS FROM `yh_customer` [ RunTime:0.0003s ]
NOTIC: [8] Undefined index: username /var/www/mqtt/ThinkPHP/Library/Think/Model.class.php 第 1303 行.

[ 2017-02-14T16:29:34+08:00 ] 192.168.2.100 /index.php/mapi/customer/loginpost
INFO: [ app_init ] --START--
INFO: Run Behavior\BuildLiteBehavior [ RunTime:0.000009s ]
INFO: [ app_init ] --END-- [ RunTime:0.000059s ]
INFO: [ app_begin ] --START--
INFO: Run Behavior\ReadHtmlCacheBehavior [ RunTime:0.000016s ]
INFO: [ app_begin ] --END-- [ RunTime:0.000051s ]
SQL: SHOW COLUMNS FROM `yh_customer` [ RunTime:0.0003s ]
NOTIC: [8] Undefined index: username /var/www/mqtt/ThinkPHP/Library/Think/Model.class.php 第 1303 行.

[ 2017-02-14T16:29:35+08:00 ] 192.168.2.100 /index.php/mapi/customer/loginpost
INFO: [ app_init ] --START--
INFO: Run Behavior\BuildLiteBehavior [ RunTime:0.000008s ]
INFO: [ app_init ] --END-- [ RunTime:0.000051s ]
INFO: [ app_begin ] --START--
INFO: Run Behavior\ReadHtmlCacheBehavior [ RunTime:0.000018s ]
INFO: [ app_begin ] --END-- [ RunTime:0.000045s ]
SQL: SHOW COLUMNS FROM `yh_customer` [ RunTime:0.0003s ]
NOTIC: [8] Undefined index: username /var/www/mqtt/ThinkPHP/Library/Think/Model.class.php 第 1303 行.

[ 2017-02-14T16:29:36+08:00 ] 192.168.2.100 /index.php/mapi/customer/loginpost
INFO: [ app_init ] --START--
INFO: Run Behavior\BuildLiteBehavior [ RunTime:0.000008s ]
INFO: [ app_init ] --END-- [ RunTime:0.000049s ]
INFO: [ app_begin ] --START--
INFO: Run Behavior\ReadHtmlCacheBehavior [ RunTime:0.000017s ]
INFO: [ app_begin ] --END-- [ RunTime:0.000042s ]
SQL: SHOW COLUMNS FROM `yh_customer` [ RunTime:0.0003s ]
NOTIC: [8] Undefined index: username /var/www/mqtt/ThinkPHP/Library/Think/Model.class.php 第 1303 行.

[ 2017-02-14T16:31:12+08:00 ] 192.168.2.100 /index.php/mapi/customer/loginpost
INFO: [ app_init ] --START--
INFO: Run Behavior\BuildLiteBehavior [ RunTime:0.000008s ]
INFO: [ app_init ] --END-- [ RunTime:0.000051s ]
INFO: [ app_begin ] --START--
INFO: Run Behavior\ReadHtmlCacheBehavior [ RunTime:0.000019s ]
INFO: [ app_begin ] --END-- [ RunTime:0.000045s ]
SQL: SHOW COLUMNS FROM `yh_customer` [ RunTime:0.0003s ]
NOTIC: [8] Undefined index: username /var/www/mqtt/ThinkPHP/Library/Think/Model.class.php 第 1303 行.

[ 2017-02-14T16:31:13+08:00 ] 192.168.2.100 /index.php/mapi/customer/loginpost
INFO: [ app_init ] --START--
INFO: Run Behavior\BuildLiteBehavior [ RunTime:0.000008s ]
INFO: [ app_init ] --END-- [ RunTime:0.000050s ]
INFO: [ app_begin ] --START--
INFO: Run Behavior\ReadHtmlCacheBehavior [ RunTime:0.000053s ]
INFO: [ app_begin ] --END-- [ RunTime:0.000079s ]
SQL: SHOW COLUMNS FROM `yh_customer` [ RunTime:0.0003s ]
NOTIC: [8] Undefined index: username /var/www/mqtt/ThinkPHP/Library/Think/Model.class.php 第 1303 行.

[ 2017-02-14T16:31:13+08:00 ] 192.168.2.100 /index.php/mapi/customer/loginpost
INFO: [ app_init ] --START--
INFO: Run Behavior\BuildLiteBehavior [ RunTime:0.000008s ]
INFO: [ app_init ] --END-- [ RunTime:0.000050s ]
INFO: [ app_begin ] --START--
INFO: Run Behavior\ReadHtmlCacheBehavior [ RunTime:0.000016s ]
INFO: [ app_begin ] --END-- [ RunTime:0.000043s ]
SQL: SHOW COLUMNS FROM `yh_customer` [ RunTime:0.0003s ]
NOTIC: [8] Undefined index: username /var/www/mqtt/ThinkPHP/Library/Think/Model.class.php 第 1303 行.

[ 2017-02-14T16:31:26+08:00 ] 192.168.2.100 /index.php/mapi/customer/loginpost
INFO: [ app_init ] --START--
INFO: Run Behavior\BuildLiteBehavior [ RunTime:0.000008s ]
INFO: [ app_init ] --END-- [ RunTime:0.000053s ]
INFO: [ app_begin ] --START--
INFO: Run Behavior\ReadHtmlCacheBehavior [ RunTime:0.000019s ]
INFO: [ app_begin ] --END-- [ RunTime:0.000045s ]
SQL: SHOW COLUMNS FROM `yh_customer` [ RunTime:0.0003s ]
NOTIC: [8] Undefined index: username /var/www/mqtt/ThinkPHP/Library/Think/Model.class.php 第 1303 行.

[ 2017-02-14T16:31:27+08:00 ] 192.168.2.100 /index.php/mapi/customer/loginpost
INFO: [ app_init ] --START--
INFO: Run Behavior\BuildLiteBehavior [ RunTime:0.000008s ]
INFO: [ app_init ] --END-- [ RunTime:0.000050s ]
INFO: [ app_begin ] --START--
INFO: Run Behavior\ReadHtmlCacheBehavior [ RunTime:0.000017s ]
INFO: [ app_begin ] --END-- [ RunTime:0.000042s ]
SQL: SHOW COLUMNS FROM `yh_customer` [ RunTime:0.0003s ]
NOTIC: [8] Undefined index: username /var/www/mqtt/ThinkPHP/Library/Think/Model.class.php 第 1303 行.

[ 2017-02-14T16:31:27+08:00 ] 192.168.2.100 /index.php/mapi/customer/loginpost
INFO: [ app_init ] --START--
INFO: Run Behavior\BuildLiteBehavior [ RunTime:0.000007s ]
INFO: [ app_init ] --END-- [ RunTime:0.000049s ]
INFO: [ app_begin ] --START--
INFO: Run Behavior\ReadHtmlCacheBehavior [ RunTime:0.000016s ]
INFO: [ app_begin ] --END-- [ RunTime:0.000042s ]
SQL: SHOW COLUMNS FROM `yh_customer` [ RunTime:0.0003s ]
NOTIC: [8] Undefined index: username /var/www/mqtt/ThinkPHP/Library/Think/Model.class.php 第 1303 行.

[ 2017-02-14T16:31:27+08:00 ] 192.168.2.100 /index.php/mapi/customer/loginpost
INFO: [ app_init ] --START--
INFO: Run Behavior\BuildLiteBehavior [ RunTime:0.000018s ]
INFO: [ app_init ] --END-- [ RunTime:0.000106s ]
INFO: [ app_begin ] --START--
INFO: Run Behavior\ReadHtmlCacheBehavior [ RunTime:0.000036s ]
INFO: [ app_begin ] --END-- [ RunTime:0.000097s ]
SQL: SHOW COLUMNS FROM `yh_customer` [ RunTime:0.0006s ]
NOTIC: [8] Undefined index: username /var/www/mqtt/ThinkPHP/Library/Think/Model.class.php 第 1303 行.

[ 2017-02-14T16:32:14+08:00 ] 192.168.2.104 /index.php/mapi/customer/loginpost
INFO: [ app_init ] --START--
INFO: Run Behavior\BuildLiteBehavior [ RunTime:0.000008s ]
INFO: [ app_init ] --END-- [ RunTime:0.000053s ]
INFO: [ app_begin ] --START--
INFO: Run Behavior\ReadHtmlCacheBehavior [ RunTime:0.000023s ]
INFO: [ app_begin ] --END-- [ RunTime:0.000052s ]

[ 2017-02-14T16:35:15+08:00 ] 192.168.2.100 /index.php/mapi/customer/loginpost
INFO: [ app_init ] --START--
INFO: Run Behavior\BuildLiteBehavior [ RunTime:0.000008s ]
INFO: [ app_init ] --END-- [ RunTime:0.000052s ]
INFO: [ app_begin ] --START--
INFO: Run Behavior\ReadHtmlCacheBehavior [ RunTime:0.000018s ]
INFO: [ app_begin ] --END-- [ RunTime:0.000048s ]
SQL: SHOW COLUMNS FROM `yh_customer` [ RunTime:0.0003s ]
NOTIC: [8] Undefined index: username /var/www/mqtt/ThinkPHP/Library/Think/Model.class.php 第 1303 行.

[ 2017-02-14T16:37:29+08:00 ] 192.168.2.100 /index.php/mapi/customer/loginpost
INFO: [ app_init ] --START--
INFO: Run Behavior\BuildLiteBehavior [ RunTime:0.000013s ]
INFO: [ app_init ] --END-- [ RunTime:0.000085s ]
INFO: [ app_begin ] --START--
INFO: Run Behavior\ReadHtmlCacheBehavior [ RunTime:0.000031s ]
INFO: [ app_begin ] --END-- [ RunTime:0.000076s ]
SQL: SHOW COLUMNS FROM `yh_customer` [ RunTime:0.0004s ]
SQL: SELECT * FROM `yh_customer` WHERE `username` = '18666028715' AND `password` = 'f5bb0c8de146c67b44babbf4e6584cc0' LIMIT 1   [ RunTime:0.0003s ]
SQL: SHOW COLUMNS FROM `yh_customer` [ RunTime:0.0004s ]
SQL: SELECT * FROM `yh_customer` WHERE `uid` = '1' LIMIT 1   [ RunTime:0.0002s ]
SQL: UPDATE `yh_customer` SET `token`='97f5cda144976cab8928443f352cb9cd' WHERE `uid` = '1' [ RunTime:0.0051s ]

[ 2017-02-14T16:40:29+08:00 ] 192.168.2.100 /index.php/mapi/customer/loginpost
INFO: [ app_init ] --START--
INFO: Run Behavior\BuildLiteBehavior [ RunTime:0.000007s ]
INFO: [ app_init ] --END-- [ RunTime:0.000049s ]
INFO: [ app_begin ] --START--
INFO: Run Behavior\ReadHtmlCacheBehavior [ RunTime:0.000017s ]
INFO: [ app_begin ] --END-- [ RunTime:0.000042s ]
SQL: SHOW COLUMNS FROM `yh_customer` [ RunTime:0.0003s ]

[ 2017-02-14T16:40:33+08:00 ] 192.168.2.100 /index.php/mapi/customer/loginpost
INFO: [ app_init ] --START--
INFO: Run Behavior\BuildLiteBehavior [ RunTime:0.000008s ]
INFO: [ app_init ] --END-- [ RunTime:0.000047s ]
INFO: [ app_begin ] --START--
INFO: Run Behavior\ReadHtmlCacheBehavior [ RunTime:0.000016s ]
INFO: [ app_begin ] --END-- [ RunTime:0.000039s ]
SQL: SHOW COLUMNS FROM `yh_customer` [ RunTime:0.0003s ]

[ 2017-02-14T16:40:50+08:00 ] 192.168.2.100 /index.php/mapi/customer/loginpost
INFO: [ app_init ] --START--
INFO: Run Behavior\BuildLiteBehavior [ RunTime:0.000007s ]
INFO: [ app_init ] --END-- [ RunTime:0.000047s ]
INFO: [ app_begin ] --START--
INFO: Run Behavior\ReadHtmlCacheBehavior [ RunTime:0.000016s ]
INFO: [ app_begin ] --END-- [ RunTime:0.000040s ]
SQL: SHOW COLUMNS FROM `yh_customer` [ RunTime:0.0003s ]

[ 2017-02-14T16:41:19+08:00 ] 192.168.2.100 /index.php/mapi/customer/loginpost
INFO: [ app_init ] --START--
INFO: Run Behavior\BuildLiteBehavior [ RunTime:0.000008s ]
INFO: [ app_init ] --END-- [ RunTime:0.000052s ]
INFO: [ app_begin ] --START--
INFO: Run Behavior\ReadHtmlCacheBehavior [ RunTime:0.000019s ]
INFO: [ app_begin ] --END-- [ RunTime:0.000044s ]
SQL: SHOW COLUMNS FROM `yh_customer` [ RunTime:0.0003s ]
SQL: SELECT * FROM `yh_customer` WHERE `username` = '18666028715' AND `password` = 'f5bb0c8de146c67b44babbf4e6584cc0' LIMIT 1   [ RunTime:0.0001s ]
SQL: SHOW COLUMNS FROM `yh_customer` [ RunTime:0.0002s ]
SQL: SELECT * FROM `yh_customer` WHERE `uid` = '1' LIMIT 1   [ RunTime:0.0001s ]
SQL: UPDATE `yh_customer` SET `token`='0a58f89e2d4f10b77e2db41663735de1' WHERE `uid` = '1' [ RunTime:0.0137s ]

[ 2017-02-14T16:57:53+08:00 ] 192.168.2.104 /index.php/mapi/customer/loginpost
INFO: [ app_init ] --START--
INFO: Run Behavior\BuildLiteBehavior [ RunTime:0.000012s ]
INFO: [ app_init ] --END-- [ RunTime:0.000080s ]
INFO: [ app_begin ] --START--
INFO: Run Behavior\ReadHtmlCacheBehavior [ RunTime:0.000028s ]
INFO: [ app_begin ] --END-- [ RunTime:0.000071s ]
SQL: SHOW COLUMNS FROM `yh_customer` [ RunTime:0.0004s ]
SQL: SELECT * FROM `yh_customer` WHERE `username` = '18666028715' AND `password` = 'f5bb0c8de146c67b44babbf4e6584cc0' LIMIT 1   [ RunTime:0.0002s ]
SQL: SHOW COLUMNS FROM `yh_customer` [ RunTime:0.0002s ]
SQL: SELECT * FROM `yh_customer` WHERE `uid` = '1' LIMIT 1   [ RunTime:0.0001s ]
SQL: UPDATE `yh_customer` SET `token`='17ecb28d01a75ca20b9a0e16d8cd2aa0' WHERE `uid` = '1' [ RunTime:0.0034s ]

[ 2017-02-14T17:22:52+08:00 ] 192.168.2.104 /index.php/mapi/devices/gets/uid=undefined&token=undefined
INFO: [ app_init ] --START--
INFO: Run Behavior\BuildLiteBehavior [ RunTime:0.000008s ]
INFO: [ app_init ] --END-- [ RunTime:0.000053s ]
INFO: [ app_begin ] --START--
INFO: Run Behavior\ReadHtmlCacheBehavior [ RunTime:0.000020s ]
INFO: [ app_begin ] --END-- [ RunTime:0.000047s ]
NOTIC: [2] Declaration of Mapi\Controller\DevicesController::get() should be compatible with Think\Controller::get($name = '') /var/www/mqtt/Application/Mapi/Controller/DevicesController.class.php 第 4 行.

[ 2017-02-14T17:24:23+08:00 ] 192.168.2.104 /index.php/mapi/customer/loginpost
INFO: [ app_init ] --START--
INFO: Run Behavior\BuildLiteBehavior [ RunTime:0.000023s ]
INFO: [ app_init ] --END-- [ RunTime:0.000155s ]
INFO: [ app_begin ] --START--
INFO: Run Behavior\ReadHtmlCacheBehavior [ RunTime:0.000044s ]
INFO: [ app_begin ] --END-- [ RunTime:0.000107s ]
SQL: SHOW COLUMNS FROM `yh_customer` [ RunTime:0.0006s ]
SQL: SELECT * FROM `yh_customer` WHERE `username` = '18666028715' AND `password` = 'f5bb0c8de146c67b44babbf4e6584cc0' LIMIT 1   [ RunTime:0.0003s ]
SQL: SHOW COLUMNS FROM `yh_customer` [ RunTime:0.0005s ]
SQL: SELECT * FROM `yh_customer` WHERE `uid` = '1' LIMIT 1   [ RunTime:0.0003s ]
SQL: UPDATE `yh_customer` SET `token`='7b01aa2c36d867fc1e2e7a27621c235f' WHERE `uid` = '1' [ RunTime:0.0112s ]

[ 2017-02-14T17:24:23+08:00 ] 192.168.2.104 /index.php/mapi/devices/gets/uid=1&token=7b01aa2c36d867fc1e2e7a27621c235f
INFO: [ app_init ] --START--
INFO: Run Behavior\BuildLiteBehavior [ RunTime:0.000007s ]
INFO: [ app_init ] --END-- [ RunTime:0.000046s ]
INFO: [ app_begin ] --START--
INFO: Run Behavior\ReadHtmlCacheBehavior [ RunTime:0.000017s ]
INFO: [ app_begin ] --END-- [ RunTime:0.000040s ]
NOTIC: [2] Declaration of Mapi\Controller\DevicesController::get() should be compatible with Think\Controller::get($name = '') /var/www/mqtt/Application/Mapi/Controller/DevicesController.class.php 第 4 行.

[ 2017-02-14T17:31:01+08:00 ] 192.168.2.104 /index.php/mapi/devices/gets/
INFO: [ app_init ] --START--
INFO: Run Behavior\BuildLiteBehavior [ RunTime:0.000014s ]
INFO: [ app_init ] --END-- [ RunTime:0.000095s ]
INFO: [ app_begin ] --START--
INFO: Run Behavior\ReadHtmlCacheBehavior [ RunTime:0.000033s ]
INFO: [ app_begin ] --END-- [ RunTime:0.000084s ]
NOTIC: [2] Declaration of Mapi\Controller\DevicesController::get() should be compatible with Think\Controller::get($name = '') /var/www/mqtt/Application/Mapi/Controller/DevicesController.class.php 第 4 行.

[ 2017-02-14T17:31:14+08:00 ] 192.168.2.104 /index.php/mapi/customer/loginpost
INFO: [ app_init ] --START--
INFO: Run Behavior\BuildLiteBehavior [ RunTime:0.000014s ]
INFO: [ app_init ] --END-- [ RunTime:0.000088s ]
INFO: [ app_begin ] --START--
INFO: Run Behavior\ReadHtmlCacheBehavior [ RunTime:0.000032s ]
INFO: [ app_begin ] --END-- [ RunTime:0.000081s ]
SQL: SHOW COLUMNS FROM `yh_customer` [ RunTime:0.0005s ]
SQL: SELECT * FROM `yh_customer` WHERE `username` = '18666028715' AND `password` = 'f5bb0c8de146c67b44babbf4e6584cc0' LIMIT 1   [ RunTime:0.0003s ]
SQL: SHOW COLUMNS FROM `yh_customer` [ RunTime:0.0004s ]
SQL: SELECT * FROM `yh_customer` WHERE `uid` = '1' LIMIT 1   [ RunTime:0.0002s ]
SQL: UPDATE `yh_customer` SET `token`='6e4663fda67c35f0b3cef6352b1264ed' WHERE `uid` = '1' [ RunTime:0.0106s ]

[ 2017-02-14T17:31:14+08:00 ] 192.168.2.104 /index.php/mapi/devices/gets/
INFO: [ app_init ] --START--
INFO: Run Behavior\BuildLiteBehavior [ RunTime:0.000008s ]
INFO: [ app_init ] --END-- [ RunTime:0.000049s ]
INFO: [ app_begin ] --START--
INFO: Run Behavior\ReadHtmlCacheBehavior [ RunTime:0.000016s ]
INFO: [ app_begin ] --END-- [ RunTime:0.000043s ]
NOTIC: [2] Declaration of Mapi\Controller\DevicesController::get() should be compatible with Think\Controller::get($name = '') /var/www/mqtt/Application/Mapi/Controller/DevicesController.class.php 第 4 行.
SQL: SHOW COLUMNS FROM `yh_customer` [ RunTime:0.0003s ]
NOTIC: [8] Undefined index: auto /var/www/mqtt/ThinkPHP/Library/Think/Model.class.php 第 1128 行.
SQL: SELECT * FROM `yh_customer` WHERE `uid` = '1' AND `token` = '6e4663fda67c35f0b3cef6352b1264ed' LIMIT 1   [ RunTime:0.0001s ]
SQL: SHOW COLUMNS FROM `yh_cdevices` [ RunTime:0.0003s ]
SQL: SELECT yh_cdevices.device_name,yh_devices.* FROM `yh_cdevices` LEFT JOIN yh_devices ON yh_cdevices.did = yh_devices.id  WHERE yh_cdevices.cid = '1' AND yh_cdevices.status = 1  [ RunTime:0.0002s ]
SQL: SHOW COLUMNS FROM `yh_task` [ RunTime:0.0002s ]
SQL: SELECT * FROM `yh_task` WHERE `cid` = '1' AND `did` = '1262' ORDER BY id desc LIMIT 1   [ RunTime:0.0004s ]
NOTIC: [8] Undefined offset: 0 /var/www/mqtt/Application/Mapi/Controller/DevicesController.class.php 第 11 行.
NOTIC: [8] Undefined offset: 0 /var/www/mqtt/Application/Mapi/Controller/DevicesController.class.php 第 12 行.
SQL: SELECT * FROM `yh_task` WHERE `cid` = '1' AND `did` = '1263' ORDER BY id desc LIMIT 1   [ RunTime:0.0004s ]
NOTIC: [8] Undefined offset: 0 /var/www/mqtt/Application/Mapi/Controller/DevicesController.class.php 第 11 行.
NOTIC: [8] Undefined offset: 0 /var/www/mqtt/Application/Mapi/Controller/DevicesController.class.php 第 12 行.

[ 2017-02-14T17:36:04+08:00 ] 192.168.2.104 /index.php/mapi/devices/gets/
INFO: [ app_init ] --START--
INFO: Run Behavior\BuildLiteBehavior [ RunTime:0.000008s ]
INFO: [ app_init ] --END-- [ RunTime:0.000051s ]
INFO: [ app_begin ] --START--
INFO: Run Behavior\ReadHtmlCacheBehavior [ RunTime:0.000017s ]
INFO: [ app_begin ] --END-- [ RunTime:0.000044s ]
NOTIC: [2] Declaration of Mapi\Controller\DevicesController::get() should be compatible with Think\Controller::get($name = '') /var/www/mqtt/Application/Mapi/Controller/DevicesController.class.php 第 4 行.

[ 2017-02-14T17:36:14+08:00 ] 192.168.2.104 /index.php/mapi/customer/loginpost
INFO: [ app_init ] --START--
INFO: Run Behavior\BuildLiteBehavior [ RunTime:0.000007s ]
INFO: [ app_init ] --END-- [ RunTime:0.000050s ]
INFO: [ app_begin ] --START--
INFO: Run Behavior\ReadHtmlCacheBehavior [ RunTime:0.000017s ]
INFO: [ app_begin ] --END-- [ RunTime:0.000041s ]
SQL: SHOW COLUMNS FROM `yh_customer` [ RunTime:0.0003s ]
SQL: SELECT * FROM `yh_customer` WHERE `username` = '18666028715' AND `password` = 'f5bb0c8de146c67b44babbf4e6584cc0' LIMIT 1   [ RunTime:0.0001s ]
SQL: SHOW COLUMNS FROM `yh_customer` [ RunTime:0.0002s ]
SQL: SELECT * FROM `yh_customer` WHERE `uid` = '1' LIMIT 1   [ RunTime:0.0001s ]
SQL: UPDATE `yh_customer` SET `token`='fbe279e85e939381b29cab2431d38b95' WHERE `uid` = '1' [ RunTime:0.0102s ]

[ 2017-02-14T17:36:14+08:00 ] 192.168.2.104 /index.php/mapi/devices/gets/
INFO: [ app_init ] --START--
INFO: Run Behavior\BuildLiteBehavior [ RunTime:0.000008s ]
INFO: [ app_init ] --END-- [ RunTime:0.000050s ]
INFO: [ app_begin ] --START--
INFO: Run Behavior\ReadHtmlCacheBehavior [ RunTime:0.000016s ]
INFO: [ app_begin ] --END-- [ RunTime:0.000042s ]
NOTIC: [2] Declaration of Mapi\Controller\DevicesController::get() should be compatible with Think\Controller::get($name = '') /var/www/mqtt/Application/Mapi/Controller/DevicesController.class.php 第 4 行.
SQL: SHOW COLUMNS FROM `yh_customer` [ RunTime:0.0003s ]
NOTIC: [8] Undefined index: auto /var/www/mqtt/ThinkPHP/Library/Think/Model.class.php 第 1128 行.
SQL: SELECT * FROM `yh_customer` WHERE `uid` = '1' AND `token` = 'fbe279e85e939381b29cab2431d38b95' LIMIT 1   [ RunTime:0.0001s ]
SQL: SHOW COLUMNS FROM `yh_cdevices` [ RunTime:0.0002s ]
SQL: SELECT yh_cdevices.device_name,yh_devices.* FROM `yh_cdevices` LEFT JOIN yh_devices ON yh_cdevices.did = yh_devices.id  WHERE yh_cdevices.cid = '1' AND yh_cdevices.status = 1  [ RunTime:0.0002s ]
SQL: SHOW COLUMNS FROM `yh_task` [ RunTime:0.0002s ]
SQL: SELECT * FROM `yh_task` WHERE `cid` = '1' AND `did` = '1262' ORDER BY id desc LIMIT 1   [ RunTime:0.0003s ]
NOTIC: [8] Undefined offset: 0 /var/www/mqtt/Application/Mapi/Controller/DevicesController.class.php 第 11 行.
NOTIC: [8] Undefined offset: 0 /var/www/mqtt/Application/Mapi/Controller/DevicesController.class.php 第 12 行.
SQL: SELECT * FROM `yh_task` WHERE `cid` = '1' AND `did` = '1263' ORDER BY id desc LIMIT 1   [ RunTime:0.0003s ]
NOTIC: [8] Undefined offset: 0 /var/www/mqtt/Application/Mapi/Controller/DevicesController.class.php 第 11 行.
NOTIC: [8] Undefined offset: 0 /var/www/mqtt/Application/Mapi/Controller/DevicesController.class.php 第 12 行.

[ 2017-02-14T17:38:11+08:00 ] 192.168.2.104 /index.php/mapi/devices/gets/
INFO: [ app_init ] --START--
INFO: Run Behavior\BuildLiteBehavior [ RunTime:0.000008s ]
INFO: [ app_init ] --END-- [ RunTime:0.000053s ]
INFO: [ app_begin ] --START--
INFO: Run Behavior\ReadHtmlCacheBehavior [ RunTime:0.000018s ]
INFO: [ app_begin ] --END-- [ RunTime:0.000045s ]
NOTIC: [2] Declaration of Mapi\Controller\DevicesController::get() should be compatible with Think\Controller::get($name = '') /var/www/mqtt/Application/Mapi/Controller/DevicesController.class.php 第 4 行.
SQL: SHOW COLUMNS FROM `yh_customer` [ RunTime:0.0003s ]
NOTIC: [8] Undefined index: auto /var/www/mqtt/ThinkPHP/Library/Think/Model.class.php 第 1128 行.
SQL: SELECT * FROM `yh_customer` WHERE `uid` = '1' AND `token` = 'fbe279e85e939381b29cab2431d38b95' LIMIT 1   [ RunTime:0.0002s ]
SQL: SHOW COLUMNS FROM `yh_cdevices` [ RunTime:0.0002s ]
SQL: SELECT yh_cdevices.device_name,yh_devices.* FROM `yh_cdevices` LEFT JOIN yh_devices ON yh_cdevices.did = yh_devices.id  WHERE yh_cdevices.cid = '1' AND yh_cdevices.status = 1  [ RunTime:0.0003s ]
SQL: SHOW COLUMNS FROM `yh_task` [ RunTime:0.0002s ]
SQL: SELECT * FROM `yh_task` WHERE `cid` = '1' AND `did` = '1262' ORDER BY id desc LIMIT 1   [ RunTime:0.0004s ]
NOTIC: [8] Undefined offset: 0 /var/www/mqtt/Application/Mapi/Controller/DevicesController.class.php 第 11 行.
NOTIC: [8] Undefined offset: 0 /var/www/mqtt/Application/Mapi/Controller/DevicesController.class.php 第 12 行.
SQL: SELECT * FROM `yh_task` WHERE `cid` = '1' AND `did` = '1263' ORDER BY id desc LIMIT 1   [ RunTime:0.0004s ]
NOTIC: [8] Undefined offset: 0 /var/www/mqtt/Application/Mapi/Controller/DevicesController.class.php 第 11 行.
NOTIC: [8] Undefined offset: 0 /var/www/mqtt/Application/Mapi/Controller/DevicesController.class.php 第 12 行.

[ 2017-02-14T18:01:00+08:00 ] 192.168.2.104 /index.php/mapi/devices/gets/
INFO: [ app_init ] --START--
INFO: Run Behavior\BuildLiteBehavior [ RunTime:0.000008s ]
INFO: [ app_init ] --END-- [ RunTime:0.000053s ]
INFO: [ app_begin ] --START--
INFO: Run Behavior\ReadHtmlCacheBehavior [ RunTime:0.000018s ]
INFO: [ app_begin ] --END-- [ RunTime:0.000044s ]
NOTIC: [2] Declaration of Mapi\Controller\DevicesController::get() should be compatible with Think\Controller::get($name = '') /var/www/mqtt/Application/Mapi/Controller/DevicesController.class.php 第 4 行.

[ 2017-02-14T18:01:57+08:00 ] 192.168.2.104 /index.php/mapi/devices/gets/
INFO: [ app_init ] --START--
INFO: Run Behavior\BuildLiteBehavior [ RunTime:0.000013s ]
INFO: [ app_init ] --END-- [ RunTime:0.000093s ]
INFO: [ app_begin ] --START--
INFO: Run Behavior\ReadHtmlCacheBehavior [ RunTime:0.000033s ]
INFO: [ app_begin ] --END-- [ RunTime:0.000086s ]
NOTIC: [2] Declaration of Mapi\Controller\DevicesController::get() should be compatible with Think\Controller::get($name = '') /var/www/mqtt/Application/Mapi/Controller/DevicesController.class.php 第 4 行.

[ 2017-02-14T18:03:26+08:00 ] 192.168.2.104 /index.php/mapi/devices/gets/
INFO: [ app_init ] --START--
INFO: Run Behavior\BuildLiteBehavior [ RunTime:0.000012s ]
INFO: [ app_init ] --END-- [ RunTime:0.000079s ]
INFO: [ app_begin ] --START--
INFO: Run Behavior\ReadHtmlCacheBehavior [ RunTime:0.000030s ]
INFO: [ app_begin ] --END-- [ RunTime:0.000073s ]
NOTIC: [2] Declaration of Mapi\Controller\DevicesController::get() should be compatible with Think\Controller::get($name = '') /var/www/mqtt/Application/Mapi/Controller/DevicesController.class.php 第 4 行.

[ 2017-02-14T18:04:34+08:00 ] 192.168.2.104 /index.php/mapi/devices/gets/
INFO: [ app_init ] --START--
INFO: Run Behavior\BuildLiteBehavior [ RunTime:0.000029s ]
INFO: [ app_init ] --END-- [ RunTime:0.000192s ]
INFO: [ app_begin ] --START--
INFO: Run Behavior\ReadHtmlCacheBehavior [ RunTime:0.000137s ]
INFO: [ app_begin ] --END-- [ RunTime:0.000254s ]
NOTIC: [2] Declaration of Mapi\Controller\DevicesController::get() should be compatible with Think\Controller::get($name = '') /var/www/mqtt/Application/Mapi/Controller/DevicesController.class.php 第 4 行.

[ 2017-02-14T18:05:18+08:00 ] 192.168.2.104 /index.php/mapi/devices/gets/
INFO: [ app_init ] --START--
INFO: Run Behavior\BuildLiteBehavior [ RunTime:0.000013s ]
INFO: [ app_init ] --END-- [ RunTime:0.000107s ]
INFO: [ app_begin ] --START--
INFO: Run Behavior\ReadHtmlCacheBehavior [ RunTime:0.000030s ]
INFO: [ app_begin ] --END-- [ RunTime:0.000076s ]
NOTIC: [2] Declaration of Mapi\Controller\DevicesController::get() should be compatible with Think\Controller::get($name = '') /var/www/mqtt/Application/Mapi/Controller/DevicesController.class.php 第 4 行.

[ 2017-02-14T18:06:04+08:00 ] 192.168.2.104 /index.php/mapi/devices/gets/
INFO: [ app_init ] --START--
INFO: Run Behavior\BuildLiteBehavior [ RunTime:0.000008s ]
INFO: [ app_init ] --END-- [ RunTime:0.000053s ]
INFO: [ app_begin ] --START--
INFO: Run Behavior\ReadHtmlCacheBehavior [ RunTime:0.000019s ]
INFO: [ app_begin ] --END-- [ RunTime:0.000045s ]
NOTIC: [2] Declaration of Mapi\Controller\DevicesController::get() should be compatible with Think\Controller::get($name = '') /var/www/mqtt/Application/Mapi/Controller/DevicesController.class.php 第 4 行.

[ 2017-02-14T18:06:57+08:00 ] 192.168.2.104 /index.php/mapi/devices/gets/
INFO: [ app_init ] --START--
INFO: Run Behavior\BuildLiteBehavior [ RunTime:0.000008s ]
INFO: [ app_init ] --END-- [ RunTime:0.000064s ]
INFO: [ app_begin ] --START--
INFO: Run Behavior\ReadHtmlCacheBehavior [ RunTime:0.000018s ]
INFO: [ app_begin ] --END-- [ RunTime:0.000044s ]
NOTIC: [2] Declaration of Mapi\Controller\DevicesController::get() should be compatible with Think\Controller::get($name = '') /var/www/mqtt/Application/Mapi/Controller/DevicesController.class.php 第 4 行.

[ 2017-02-14T18:07:07+08:00 ] 192.168.2.104 /index.php/mapi/customer/loginpost
INFO: [ app_init ] --START--
INFO: Run Behavior\BuildLiteBehavior [ RunTime:0.000007s ]
INFO: [ app_init ] --END-- [ RunTime:0.000052s ]
INFO: [ app_begin ] --START--
INFO: Run Behavior\ReadHtmlCacheBehavior [ RunTime:0.000018s ]
INFO: [ app_begin ] --END-- [ RunTime:0.000045s ]
SQL: SHOW COLUMNS FROM `yh_customer` [ RunTime:0.0003s ]
SQL: SELECT * FROM `yh_customer` WHERE `username` = '18666028715' AND `password` = 'f5bb0c8de146c67b44babbf4e6584cc0' LIMIT 1   [ RunTime:0.0002s ]
SQL: SHOW COLUMNS FROM `yh_customer` [ RunTime:0.0002s ]
SQL: SELECT * FROM `yh_customer` WHERE `uid` = '1' LIMIT 1   [ RunTime:0.0002s ]
SQL: UPDATE `yh_customer` SET `token`='b3980fff17d3a545c4483dd7be4e6757' WHERE `uid` = '1' [ RunTime:0.0030s ]

[ 2017-02-14T18:07:07+08:00 ] 192.168.2.104 /index.php/mapi/devices/gets/
INFO: [ app_init ] --START--
INFO: Run Behavior\BuildLiteBehavior [ RunTime:0.000011s ]
INFO: [ app_init ] --END-- [ RunTime:0.000073s ]
INFO: [ app_begin ] --START--
INFO: Run Behavior\ReadHtmlCacheBehavior [ RunTime:0.000024s ]
INFO: [ app_begin ] --END-- [ RunTime:0.000066s ]
NOTIC: [2] Declaration of Mapi\Controller\DevicesController::get() should be compatible with Think\Controller::get($name = '') /var/www/mqtt/Application/Mapi/Controller/DevicesController.class.php 第 4 行.
SQL: SHOW COLUMNS FROM `yh_customer` [ RunTime:0.0004s ]
NOTIC: [8] Undefined index: auto /var/www/mqtt/ThinkPHP/Library/Think/Model.class.php 第 1128 行.
SQL: SELECT * FROM `yh_customer` WHERE `uid` = '1' AND `token` = 'b3980fff17d3a545c4483dd7be4e6757' LIMIT 1   [ RunTime:0.0002s ]
SQL: SHOW COLUMNS FROM `yh_cdevices` [ RunTime:0.0003s ]
SQL: SELECT yh_cdevices.device_name,yh_devices.* FROM `yh_cdevices` LEFT JOIN yh_devices ON yh_cdevices.did = yh_devices.id  WHERE yh_cdevices.cid = '1' AND yh_cdevices.status = 1  [ RunTime:0.0003s ]
SQL: SHOW COLUMNS FROM `yh_task` [ RunTime:0.0003s ]
SQL: SELECT * FROM `yh_task` WHERE `cid` = '1' AND `did` = '1262' ORDER BY id desc LIMIT 1   [ RunTime:0.0005s ]
NOTIC: [8] Undefined offset: 0 /var/www/mqtt/Application/Mapi/Controller/DevicesController.class.php 第 11 行.
NOTIC: [8] Undefined offset: 0 /var/www/mqtt/Application/Mapi/Controller/DevicesController.class.php 第 12 行.
SQL: SELECT * FROM `yh_task` WHERE `cid` = '1' AND `did` = '1263' ORDER BY id desc LIMIT 1   [ RunTime:0.0005s ]
NOTIC: [8] Undefined offset: 0 /var/www/mqtt/Application/Mapi/Controller/DevicesController.class.php 第 11 行.
NOTIC: [8] Undefined offset: 0 /var/www/mqtt/Application/Mapi/Controller/DevicesController.class.php 第 12 行.

[ 2017-02-14T18:07:10+08:00 ] 192.168.2.104 /index.php/mapi/devices/gets/
INFO: [ app_init ] --START--
INFO: Run Behavior\BuildLiteBehavior [ RunTime:0.000007s ]
INFO: [ app_init ] --END-- [ RunTime:0.000050s ]
INFO: [ app_begin ] --START--
INFO: Run Behavior\ReadHtmlCacheBehavior [ RunTime:0.000017s ]
INFO: [ app_begin ] --END-- [ RunTime:0.000041s ]
NOTIC: [2] Declaration of Mapi\Controller\DevicesController::get() should be compatible with Think\Controller::get($name = '') /var/www/mqtt/Application/Mapi/Controller/DevicesController.class.php 第 4 行.
SQL: SHOW COLUMNS FROM `yh_customer` [ RunTime:0.0003s ]
NOTIC: [8] Undefined index: auto /var/www/mqtt/ThinkPHP/Library/Think/Model.class.php 第 1128 行.
SQL: SELECT * FROM `yh_customer` WHERE `uid` = '1' AND `token` = 'b3980fff17d3a545c4483dd7be4e6757' LIMIT 1   [ RunTime:0.0002s ]
SQL: SHOW COLUMNS FROM `yh_cdevices` [ RunTime:0.0002s ]
SQL: SELECT yh_cdevices.device_name,yh_devices.* FROM `yh_cdevices` LEFT JOIN yh_devices ON yh_cdevices.did = yh_devices.id  WHERE yh_cdevices.cid = '1' AND yh_cdevices.status = 1  [ RunTime:0.0002s ]
SQL: SHOW COLUMNS FROM `yh_task` [ RunTime:0.0002s ]
SQL: SELECT * FROM `yh_task` WHERE `cid` = '1' AND `did` = '1262' ORDER BY id desc LIMIT 1   [ RunTime:0.0003s ]
NOTIC: [8] Undefined offset: 0 /var/www/mqtt/Application/Mapi/Controller/DevicesController.class.php 第 11 行.
NOTIC: [8] Undefined offset: 0 /var/www/mqtt/Application/Mapi/Controller/DevicesController.class.php 第 12 行.
SQL: SELECT * FROM `yh_task` WHERE `cid` = '1' AND `did` = '1263' ORDER BY id desc LIMIT 1   [ RunTime:0.0003s ]
NOTIC: [8] Undefined offset: 0 /var/www/mqtt/Application/Mapi/Controller/DevicesController.class.php 第 11 行.
NOTIC: [8] Undefined offset: 0 /var/www/mqtt/Application/Mapi/Controller/DevicesController.class.php 第 12 行.

[ 2017-02-14T18:07:29+08:00 ] 192.168.2.104 /index.php/mapi/devices/gets/
INFO: [ app_init ] --START--
INFO: Run Behavior\BuildLiteBehavior [ RunTime:0.000008s ]
INFO: [ app_init ] --END-- [ RunTime:0.000074s ]
INFO: [ app_begin ] --START--
INFO: Run Behavior\ReadHtmlCacheBehavior [ RunTime:0.000019s ]
INFO: [ app_begin ] --END-- [ RunTime:0.000044s ]
NOTIC: [2] Declaration of Mapi\Controller\DevicesController::get() should be compatible with Think\Controller::get($name = '') /var/www/mqtt/Application/Mapi/Controller/DevicesController.class.php 第 4 行.

[ 2017-02-14T18:08:45+08:00 ] 192.168.2.104 /index.php/mapi/devices/gets/
INFO: [ app_init ] --START--
INFO: Run Behavior\BuildLiteBehavior [ RunTime:0.000008s ]
INFO: [ app_init ] --END-- [ RunTime:0.000053s ]
INFO: [ app_begin ] --START--
INFO: Run Behavior\ReadHtmlCacheBehavior [ RunTime:0.000018s ]
INFO: [ app_begin ] --END-- [ RunTime:0.000045s ]
NOTIC: [2] Declaration of Mapi\Controller\DevicesController::get() should be compatible with Think\Controller::get($name = '') /var/www/mqtt/Application/Mapi/Controller/DevicesController.class.php 第 4 行.

[ 2017-02-14T18:09:56+08:00 ] 192.168.2.104 /index.php/mapi/devices/gets/
INFO: [ app_init ] --START--
INFO: Run Behavior\BuildLiteBehavior [ RunTime:0.000008s ]
INFO: [ app_init ] --END-- [ RunTime:0.000052s ]
INFO: [ app_begin ] --START--
INFO: Run Behavior\ReadHtmlCacheBehavior [ RunTime:0.000019s ]
INFO: [ app_begin ] --END-- [ RunTime:0.000045s ]
NOTIC: [2] Declaration of Mapi\Controller\DevicesController::get() should be compatible with Think\Controller::get($name = '') /var/www/mqtt/Application/Mapi/Controller/DevicesController.class.php 第 4 行.

[ 2017-02-14T18:12:19+08:00 ] 192.168.2.104 /index.php/mapi/customer/loginpost
INFO: [ app_init ] --START--
INFO: Run Behavior\BuildLiteBehavior [ RunTime:0.000009s ]
INFO: [ app_init ] --END-- [ RunTime:0.000077s ]
INFO: [ app_begin ] --START--
INFO: Run Behavior\ReadHtmlCacheBehavior [ RunTime:0.000025s ]
INFO: [ app_begin ] --END-- [ RunTime:0.000053s ]
SQL: SHOW COLUMNS FROM `yh_customer` [ RunTime:0.0003s ]
SQL: SELECT * FROM `yh_customer` WHERE `username` = '18666028715' AND `password` = 'f5bb0c8de146c67b44babbf4e6584cc0' LIMIT 1   [ RunTime:0.0002s ]
SQL: SHOW COLUMNS FROM `yh_customer` [ RunTime:0.0002s ]
SQL: SELECT * FROM `yh_customer` WHERE `uid` = '1' LIMIT 1   [ RunTime:0.0001s ]
SQL: UPDATE `yh_customer` SET `token`='3510472819db6cf4d66f1f0ece48e39e' WHERE `uid` = '1' [ RunTime:0.0089s ]

[ 2017-02-14T18:12:19+08:00 ] 192.168.2.104 /index.php/mapi/devices/gets/
INFO: [ app_init ] --START--
INFO: Run Behavior\BuildLiteBehavior [ RunTime:0.000008s ]
INFO: [ app_init ] --END-- [ RunTime:0.000048s ]
INFO: [ app_begin ] --START--
INFO: Run Behavior\ReadHtmlCacheBehavior [ RunTime:0.000016s ]
INFO: [ app_begin ] --END-- [ RunTime:0.000041s ]
NOTIC: [2] Declaration of Mapi\Controller\DevicesController::get() should be compatible with Think\Controller::get($name = '') /var/www/mqtt/Application/Mapi/Controller/DevicesController.class.php 第 4 行.
SQL: SHOW COLUMNS FROM `yh_customer` [ RunTime:0.0003s ]
NOTIC: [8] Undefined index: auto /var/www/mqtt/ThinkPHP/Library/Think/Model.class.php 第 1128 行.
SQL: SELECT * FROM `yh_customer` WHERE `uid` = '1' AND `token` = '3510472819db6cf4d66f1f0ece48e39e' LIMIT 1   [ RunTime:0.0002s ]
SQL: SHOW COLUMNS FROM `yh_cdevices` [ RunTime:0.0002s ]
SQL: SELECT yh_cdevices.device_name,yh_devices.* FROM `yh_cdevices` LEFT JOIN yh_devices ON yh_cdevices.did = yh_devices.id  WHERE yh_cdevices.cid = '1' AND yh_cdevices.status = 1  [ RunTime:0.0002s ]
SQL: SHOW COLUMNS FROM `yh_task` [ RunTime:0.0002s ]
SQL: SELECT * FROM `yh_task` WHERE `cid` = '1' AND `did` = '1262' ORDER BY id desc LIMIT 1   [ RunTime:0.0003s ]
NOTIC: [8] Undefined offset: 0 /var/www/mqtt/Application/Mapi/Controller/DevicesController.class.php 第 11 行.
NOTIC: [8] Undefined offset: 0 /var/www/mqtt/Application/Mapi/Controller/DevicesController.class.php 第 12 行.
SQL: SELECT * FROM `yh_task` WHERE `cid` = '1' AND `did` = '1263' ORDER BY id desc LIMIT 1   [ RunTime:0.0003s ]
NOTIC: [8] Undefined offset: 0 /var/www/mqtt/Application/Mapi/Controller/DevicesController.class.php 第 11 行.
NOTIC: [8] Undefined offset: 0 /var/www/mqtt/Application/Mapi/Controller/DevicesController.class.php 第 12 行.

[ 2017-02-14T18:15:42+08:00 ] 192.168.2.104 /index.php/mapi/devices/gets/
INFO: [ app_init ] --START--
INFO: Run Behavior\BuildLiteBehavior [ RunTime:0.000008s ]
INFO: [ app_init ] --END-- [ RunTime:0.000053s ]
INFO: [ app_begin ] --START--
INFO: Run Behavior\ReadHtmlCacheBehavior [ RunTime:0.000018s ]
INFO: [ app_begin ] --END-- [ RunTime:0.000045s ]
NOTIC: [2] Declaration of Mapi\Controller\DevicesController::get() should be compatible with Think\Controller::get($name = '') /var/www/mqtt/Application/Mapi/Controller/DevicesController.class.php 第 4 行.

[ 2017-02-14T18:15:51+08:00 ] 192.168.2.104 /index.php/mapi/customer/loginpost
INFO: [ app_init ] --START--
INFO: Run Behavior\BuildLiteBehavior [ RunTime:0.000008s ]
INFO: [ app_init ] --END-- [ RunTime:0.000053s ]
INFO: [ app_begin ] --START--
INFO: Run Behavior\ReadHtmlCacheBehavior [ RunTime:0.000018s ]
INFO: [ app_begin ] --END-- [ RunTime:0.000045s ]
SQL: SHOW COLUMNS FROM `yh_customer` [ RunTime:0.0003s ]
SQL: SELECT * FROM `yh_customer` WHERE `username` = '18666028715' AND `password` = 'f5bb0c8de146c67b44babbf4e6584cc0' LIMIT 1   [ RunTime:0.0002s ]
SQL: SHOW COLUMNS FROM `yh_customer` [ RunTime:0.0002s ]
SQL: SELECT * FROM `yh_customer` WHERE `uid` = '1' LIMIT 1   [ RunTime:0.0001s ]
SQL: UPDATE `yh_customer` SET `token`='ef7f95d2fd4eabc8bbeafe65baacc8d2' WHERE `uid` = '1' [ RunTime:0.0098s ]

[ 2017-02-14T18:15:51+08:00 ] 192.168.2.104 /index.php/mapi/devices/gets/
INFO: [ app_init ] --START--
INFO: Run Behavior\BuildLiteBehavior [ RunTime:0.000008s ]
INFO: [ app_init ] --END-- [ RunTime:0.000049s ]
INFO: [ app_begin ] --START--
INFO: Run Behavior\ReadHtmlCacheBehavior [ RunTime:0.000016s ]
INFO: [ app_begin ] --END-- [ RunTime:0.000042s ]
NOTIC: [2] Declaration of Mapi\Controller\DevicesController::get() should be compatible with Think\Controller::get($name = '') /var/www/mqtt/Application/Mapi/Controller/DevicesController.class.php 第 4 行.
SQL: SHOW COLUMNS FROM `yh_customer` [ RunTime:0.0003s ]
NOTIC: [8] Undefined index: auto /var/www/mqtt/ThinkPHP/Library/Think/Model.class.php 第 1128 行.
SQL: SELECT * FROM `yh_customer` WHERE `uid` = '1' AND `token` = 'ef7f95d2fd4eabc8bbeafe65baacc8d2' LIMIT 1   [ RunTime:0.0002s ]
SQL: SHOW COLUMNS FROM `yh_cdevices` [ RunTime:0.0002s ]
SQL: SELECT yh_cdevices.device_name,yh_devices.* FROM `yh_cdevices` LEFT JOIN yh_devices ON yh_cdevices.did = yh_devices.id  WHERE yh_cdevices.cid = '1' AND yh_cdevices.status = 1  [ RunTime:0.0002s ]
SQL: SHOW COLUMNS FROM `yh_task` [ RunTime:0.0002s ]
SQL: SELECT * FROM `yh_task` WHERE `cid` = '1' AND `did` = '1262' ORDER BY id desc LIMIT 1   [ RunTime:0.0003s ]
NOTIC: [8] Undefined offset: 0 /var/www/mqtt/Application/Mapi/Controller/DevicesController.class.php 第 11 行.
NOTIC: [8] Undefined offset: 0 /var/www/mqtt/Application/Mapi/Controller/DevicesController.class.php 第 12 行.
SQL: SELECT * FROM `yh_task` WHERE `cid` = '1' AND `did` = '1263' ORDER BY id desc LIMIT 1   [ RunTime:0.0004s ]
NOTIC: [8] Undefined offset: 0 /var/www/mqtt/Application/Mapi/Controller/DevicesController.class.php 第 11 行.
NOTIC: [8] Undefined offset: 0 /var/www/mqtt/Application/Mapi/Controller/DevicesController.class.php 第 12 行.

[ 2017-02-14T18:17:08+08:00 ] 192.168.2.104 /index.php/mapi/devices/gets/
INFO: [ app_init ] --START--
INFO: Run Behavior\BuildLiteBehavior [ RunTime:0.000027s ]
INFO: [ app_init ] --END-- [ RunTime:0.000193s ]
INFO: [ app_begin ] --START--
INFO: Run Behavior\ReadHtmlCacheBehavior [ RunTime:0.000082s ]
INFO: [ app_begin ] --END-- [ RunTime:0.000189s ]
NOTIC: [2] Declaration of Mapi\Controller\DevicesController::get() should be compatible with Think\Controller::get($name = '') /var/www/mqtt/Application/Mapi/Controller/DevicesController.class.php 第 4 行.

[ 2017-02-14T18:17:54+08:00 ] 192.168.2.104 /index.php/mapi/devices/gets/
INFO: [ app_init ] --START--
INFO: Run Behavior\BuildLiteBehavior [ RunTime:0.000008s ]
INFO: [ app_init ] --END-- [ RunTime:0.000054s ]
INFO: [ app_begin ] --START--
INFO: Run Behavior\ReadHtmlCacheBehavior [ RunTime:0.000020s ]
INFO: [ app_begin ] --END-- [ RunTime:0.000048s ]
NOTIC: [2] Declaration of Mapi\Controller\DevicesController::get() should be compatible with Think\Controller::get($name = '') /var/www/mqtt/Application/Mapi/Controller/DevicesController.class.php 第 4 行.

[ 2017-02-14T18:17:57+08:00 ] 192.168.2.104 /index.php/mapi/customer/loginpost
INFO: [ app_init ] --START--
INFO: Run Behavior\BuildLiteBehavior [ RunTime:0.000008s ]
INFO: [ app_init ] --END-- [ RunTime:0.000051s ]
INFO: [ app_begin ] --START--
INFO: Run Behavior\ReadHtmlCacheBehavior [ RunTime:0.000017s ]
INFO: [ app_begin ] --END-- [ RunTime:0.000043s ]
SQL: SHOW COLUMNS FROM `yh_customer` [ RunTime:0.0003s ]
SQL: SELECT * FROM `yh_customer` WHERE `username` = '18666028715' AND `password` = 'f5bb0c8de146c67b44babbf4e6584cc0' LIMIT 1   [ RunTime:0.0001s ]
SQL: SHOW COLUMNS FROM `yh_customer` [ RunTime:0.0002s ]
SQL: SELECT * FROM `yh_customer` WHERE `uid` = '1' LIMIT 1   [ RunTime:0.0001s ]
SQL: UPDATE `yh_customer` SET `token`='a98404b8b25ebf5efdcb09973d0e7204' WHERE `uid` = '1' [ RunTime:0.0060s ]

[ 2017-02-14T18:17:57+08:00 ] 192.168.2.104 /index.php/mapi/devices/gets/
INFO: [ app_init ] --START--
INFO: Run Behavior\BuildLiteBehavior [ RunTime:0.000007s ]
INFO: [ app_init ] --END-- [ RunTime:0.000044s ]
INFO: [ app_begin ] --START--
INFO: Run Behavior\ReadHtmlCacheBehavior [ RunTime:0.000014s ]
INFO: [ app_begin ] --END-- [ RunTime:0.000037s ]
NOTIC: [2] Declaration of Mapi\Controller\DevicesController::get() should be compatible with Think\Controller::get($name = '') /var/www/mqtt/Application/Mapi/Controller/DevicesController.class.php 第 4 行.
SQL: SHOW COLUMNS FROM `yh_customer` [ RunTime:0.0004s ]
NOTIC: [8] Undefined index: auto /var/www/mqtt/ThinkPHP/Library/Think/Model.class.php 第 1128 行.
SQL: SELECT * FROM `yh_customer` WHERE `uid` = '1' AND `token` = 'a98404b8b25ebf5efdcb09973d0e7204' LIMIT 1   [ RunTime:0.0002s ]
SQL: SHOW COLUMNS FROM `yh_cdevices` [ RunTime:0.0002s ]
SQL: SELECT yh_cdevices.device_name,yh_devices.* FROM `yh_cdevices` LEFT JOIN yh_devices ON yh_cdevices.did = yh_devices.id  WHERE yh_cdevices.cid = '1' AND yh_cdevices.status = 1  [ RunTime:0.0002s ]
SQL: SHOW COLUMNS FROM `yh_task` [ RunTime:0.0002s ]
SQL: SELECT * FROM `yh_task` WHERE `cid` = '1' AND `did` = '1262' ORDER BY id desc LIMIT 1   [ RunTime:0.0003s ]
NOTIC: [8] Undefined offset: 0 /var/www/mqtt/Application/Mapi/Controller/DevicesController.class.php 第 11 行.
NOTIC: [8] Undefined offset: 0 /var/www/mqtt/Application/Mapi/Controller/DevicesController.class.php 第 12 行.
SQL: SELECT * FROM `yh_task` WHERE `cid` = '1' AND `did` = '1263' ORDER BY id desc LIMIT 1   [ RunTime:0.0003s ]
NOTIC: [8] Undefined offset: 0 /var/www/mqtt/Application/Mapi/Controller/DevicesController.class.php 第 11 行.
NOTIC: [8] Undefined offset: 0 /var/www/mqtt/Application/Mapi/Controller/DevicesController.class.php 第 12 行.

[ 2017-02-14T18:19:36+08:00 ] 192.168.2.104 /index.php/mapi/devices/gets/
INFO: [ app_init ] --START--
INFO: Run Behavior\BuildLiteBehavior [ RunTime:0.000008s ]
INFO: [ app_init ] --END-- [ RunTime:0.000054s ]
INFO: [ app_begin ] --START--
INFO: Run Behavior\ReadHtmlCacheBehavior [ RunTime:0.000019s ]
INFO: [ app_begin ] --END-- [ RunTime:0.000045s ]
NOTIC: [2] Declaration of Mapi\Controller\DevicesController::get() should be compatible with Think\Controller::get($name = '') /var/www/mqtt/Application/Mapi/Controller/DevicesController.class.php 第 4 行.

[ 2017-02-14T18:19:37+08:00 ] 192.168.2.104 /index.php/mapi/customer/loginpost
INFO: [ app_init ] --START--
INFO: Run Behavior\BuildLiteBehavior [ RunTime:0.000008s ]
INFO: [ app_init ] --END-- [ RunTime:0.000050s ]
INFO: [ app_begin ] --START--
INFO: Run Behavior\ReadHtmlCacheBehavior [ RunTime:0.000016s ]
INFO: [ app_begin ] --END-- [ RunTime:0.000042s ]
SQL: SHOW COLUMNS FROM `yh_customer` [ RunTime:0.0003s ]
SQL: SELECT * FROM `yh_customer` WHERE `username` = '18666028715' AND `password` = 'f5bb0c8de146c67b44babbf4e6584cc0' LIMIT 1   [ RunTime:0.0002s ]
SQL: SHOW COLUMNS FROM `yh_customer` [ RunTime:0.0003s ]
SQL: SELECT * FROM `yh_customer` WHERE `uid` = '1' LIMIT 1   [ RunTime:0.0001s ]
SQL: UPDATE `yh_customer` SET `token`='59849bd085457ff37254b7fa0984b2e3' WHERE `uid` = '1' [ RunTime:0.0090s ]

[ 2017-02-14T18:19:38+08:00 ] 192.168.2.104 /index.php/mapi/devices/gets/
INFO: [ app_init ] --START--
INFO: Run Behavior\BuildLiteBehavior [ RunTime:0.000008s ]
INFO: [ app_init ] --END-- [ RunTime:0.000048s ]
INFO: [ app_begin ] --START--
INFO: Run Behavior\ReadHtmlCacheBehavior [ RunTime:0.000018s ]
INFO: [ app_begin ] --END-- [ RunTime:0.000043s ]
NOTIC: [2] Declaration of Mapi\Controller\DevicesController::get() should be compatible with Think\Controller::get($name = '') /var/www/mqtt/Application/Mapi/Controller/DevicesController.class.php 第 4 行.
SQL: SHOW COLUMNS FROM `yh_customer` [ RunTime:0.0003s ]
NOTIC: [8] Undefined index: auto /var/www/mqtt/ThinkPHP/Library/Think/Model.class.php 第 1128 行.
SQL: SELECT * FROM `yh_customer` WHERE `uid` = '1' AND `token` = '59849bd085457ff37254b7fa0984b2e3' LIMIT 1   [ RunTime:0.0002s ]
SQL: SHOW COLUMNS FROM `yh_cdevices` [ RunTime:0.0002s ]
SQL: SELECT yh_cdevices.device_name,yh_devices.* FROM `yh_cdevices` LEFT JOIN yh_devices ON yh_cdevices.did = yh_devices.id  WHERE yh_cdevices.cid = '1' AND yh_cdevices.status = 1  [ RunTime:0.0002s ]
SQL: SHOW COLUMNS FROM `yh_task` [ RunTime:0.0002s ]
SQL: SELECT * FROM `yh_task` WHERE `cid` = '1' AND `did` = '1262' ORDER BY id desc LIMIT 1   [ RunTime:0.0003s ]
NOTIC: [8] Undefined offset: 0 /var/www/mqtt/Application/Mapi/Controller/DevicesController.class.php 第 11 行.
NOTIC: [8] Undefined offset: 0 /var/www/mqtt/Application/Mapi/Controller/DevicesController.class.php 第 12 行.
SQL: SELECT * FROM `yh_task` WHERE `cid` = '1' AND `did` = '1263' ORDER BY id desc LIMIT 1   [ RunTime:0.0003s ]
NOTIC: [8] Undefined offset: 0 /var/www/mqtt/Application/Mapi/Controller/DevicesController.class.php 第 11 行.
NOTIC: [8] Undefined offset: 0 /var/www/mqtt/Application/Mapi/Controller/DevicesController.class.php 第 12 行.

[ 2017-02-14T18:24:52+08:00 ] 192.168.2.104 /index.php/mapi/devices/gets/
INFO: [ app_init ] --START--
INFO: Run Behavior\BuildLiteBehavior [ RunTime:0.000008s ]
INFO: [ app_init ] --END-- [ RunTime:0.000050s ]
INFO: [ app_begin ] --START--
INFO: Run Behavior\ReadHtmlCacheBehavior [ RunTime:0.000018s ]
INFO: [ app_begin ] --END-- [ RunTime:0.000042s ]
NOTIC: [2] Declaration of Mapi\Controller\DevicesController::get() should be compatible with Think\Controller::get($name = '') /var/www/mqtt/Application/Mapi/Controller/DevicesController.class.php 第 4 行.

[ 2017-02-14T18:24:52+08:00 ] 192.168.2.104 /index.php/mapi/devices/gets/
INFO: [ app_init ] --START--
INFO: Run Behavior\BuildLiteBehavior [ RunTime:0.000008s ]
INFO: [ app_init ] --END-- [ RunTime:0.000050s ]
INFO: [ app_begin ] --START--
INFO: Run Behavior\ReadHtmlCacheBehavior [ RunTime:0.000015s ]
INFO: [ app_begin ] --END-- [ RunTime:0.000039s ]
NOTIC: [2] Declaration of Mapi\Controller\DevicesController::get() should be compatible with Think\Controller::get($name = '') /var/www/mqtt/Application/Mapi/Controller/DevicesController.class.php 第 4 行.

[ 2017-02-14T18:25:22+08:00 ] 192.168.2.104 /index.php/mapi/devices/gets/
INFO: [ app_init ] --START--
INFO: Run Behavior\BuildLiteBehavior [ RunTime:0.000007s ]
INFO: [ app_init ] --END-- [ RunTime:0.000052s ]
INFO: [ app_begin ] --START--
INFO: Run Behavior\ReadHtmlCacheBehavior [ RunTime:0.000018s ]
INFO: [ app_begin ] --END-- [ RunTime:0.000052s ]
NOTIC: [2] Declaration of Mapi\Controller\DevicesController::get() should be compatible with Think\Controller::get($name = '') /var/www/mqtt/Application/Mapi/Controller/DevicesController.class.php 第 4 行.

[ 2017-02-14T18:25:37+08:00 ] 192.168.2.104 /index.php/mapi/devices/gets/
INFO: [ app_init ] --START--
INFO: Run Behavior\BuildLiteBehavior [ RunTime:0.000023s ]
INFO: [ app_init ] --END-- [ RunTime:0.000156s ]
INFO: [ app_begin ] --START--
INFO: Run Behavior\ReadHtmlCacheBehavior [ RunTime:0.000059s ]
INFO: [ app_begin ] --END-- [ RunTime:0.000145s ]
NOTIC: [2] Declaration of Mapi\Controller\DevicesController::get() should be compatible with Think\Controller::get($name = '') /var/www/mqtt/Application/Mapi/Controller/DevicesController.class.php 第 4 行.

[ 2017-02-14T18:25:37+08:00 ] 192.168.2.104 /index.php/mapi/devices/gets/
INFO: [ app_init ] --START--
INFO: Run Behavior\BuildLiteBehavior [ RunTime:0.000023s ]
INFO: [ app_init ] --END-- [ RunTime:0.000162s ]
INFO: [ app_begin ] --START--
INFO: Run Behavior\ReadHtmlCacheBehavior [ RunTime:0.000128s ]
INFO: [ app_begin ] --END-- [ RunTime:0.000212s ]
NOTIC: [2] Declaration of Mapi\Controller\DevicesController::get() should be compatible with Think\Controller::get($name = '') /var/www/mqtt/Application/Mapi/Controller/DevicesController.class.php 第 4 行.

[ 2017-02-14T18:26:00+08:00 ] 192.168.2.104 /index.php/mapi/devices/gets/
INFO: [ app_init ] --START--
INFO: Run Behavior\BuildLiteBehavior [ RunTime:0.000008s ]
INFO: [ app_init ] --END-- [ RunTime:0.000052s ]
INFO: [ app_begin ] --START--
INFO: Run Behavior\ReadHtmlCacheBehavior [ RunTime:0.000018s ]
INFO: [ app_begin ] --END-- [ RunTime:0.000044s ]
NOTIC: [2] Declaration of Mapi\Controller\DevicesController::get() should be compatible with Think\Controller::get($name = '') /var/www/mqtt/Application/Mapi/Controller/DevicesController.class.php 第 4 行.

[ 2017-02-14T18:26:00+08:00 ] 192.168.2.104 /index.php/mapi/devices/gets/
INFO: [ app_init ] --START--
INFO: Run Behavior\BuildLiteBehavior [ RunTime:0.000008s ]
INFO: [ app_init ] --END-- [ RunTime:0.000052s ]
INFO: [ app_begin ] --START--
INFO: Run Behavior\ReadHtmlCacheBehavior [ RunTime:0.000018s ]
INFO: [ app_begin ] --END-- [ RunTime:0.000044s ]
NOTIC: [2] Declaration of Mapi\Controller\DevicesController::get() should be compatible with Think\Controller::get($name = '') /var/www/mqtt/Application/Mapi/Controller/DevicesController.class.php 第 4 行.

[ 2017-02-14T18:27:44+08:00 ] 192.168.2.104 /index.php/mapi/devices/gets/
INFO: [ app_init ] --START--
INFO: Run Behavior\BuildLiteBehavior [ RunTime:0.000007s ]
INFO: [ app_init ] --END-- [ RunTime:0.000047s ]
INFO: [ app_begin ] --START--
INFO: Run Behavior\ReadHtmlCacheBehavior [ RunTime:0.000017s ]
INFO: [ app_begin ] --END-- [ RunTime:0.000039s ]
NOTIC: [2] Declaration of Mapi\Controller\DevicesController::get() should be compatible with Think\Controller::get($name = '') /var/www/mqtt/Application/Mapi/Controller/DevicesController.class.php 第 4 行.

[ 2017-02-14T18:27:44+08:00 ] 192.168.2.104 /index.php/mapi/devices/gets/
INFO: [ app_init ] --START--
INFO: Run Behavior\BuildLiteBehavior [ RunTime:0.000006s ]
INFO: [ app_init ] --END-- [ RunTime:0.000037s ]
INFO: [ app_begin ] --START--
INFO: Run Behavior\ReadHtmlCacheBehavior [ RunTime:0.000013s ]
INFO: [ app_begin ] --END-- [ RunTime:0.000036s ]
NOTIC: [2] Declaration of Mapi\Controller\DevicesController::get() should be compatible with Think\Controller::get($name = '') /var/www/mqtt/Application/Mapi/Controller/DevicesController.class.php 第 4 行.

[ 2017-02-14T18:27:47+08:00 ] 192.168.2.104 /index.php/mapi/customer/loginpost
INFO: [ app_init ] --START--
INFO: Run Behavior\BuildLiteBehavior [ RunTime:0.000017s ]
INFO: [ app_init ] --END-- [ RunTime:0.000105s ]
INFO: [ app_begin ] --START--
INFO: Run Behavior\ReadHtmlCacheBehavior [ RunTime:0.000036s ]
INFO: [ app_begin ] --END-- [ RunTime:0.000098s ]
SQL: SHOW COLUMNS FROM `yh_customer` [ RunTime:0.0006s ]
SQL: SELECT * FROM `yh_customer` WHERE `username` = '18666028715' AND `password` = 'f5bb0c8de146c67b44babbf4e6584cc0' LIMIT 1   [ RunTime:0.0003s ]
SQL: SHOW COLUMNS FROM `yh_customer` [ RunTime:0.0005s ]
SQL: SELECT * FROM `yh_customer` WHERE `uid` = '1' LIMIT 1   [ RunTime:0.0003s ]
SQL: UPDATE `yh_customer` SET `token`='cd5b2c14521a5215a7aecab7f242011e' WHERE `uid` = '1' [ RunTime:1.0934s ]

[ 2017-02-14T18:27:47+08:00 ] 192.168.2.104 /index.php/mapi/devices/gets/
INFO: [ app_init ] --START--
INFO: Run Behavior\BuildLiteBehavior [ RunTime:0.000007s ]
INFO: [ app_init ] --END-- [ RunTime:0.000065s ]
INFO: [ app_begin ] --START--
INFO: Run Behavior\ReadHtmlCacheBehavior [ RunTime:0.000017s ]
INFO: [ app_begin ] --END-- [ RunTime:0.000052s ]
NOTIC: [2] Declaration of Mapi\Controller\DevicesController::get() should be compatible with Think\Controller::get($name = '') /var/www/mqtt/Application/Mapi/Controller/DevicesController.class.php 第 4 行.
SQL: SHOW COLUMNS FROM `yh_customer` [ RunTime:0.0004s ]
NOTIC: [8] Undefined index: auto /var/www/mqtt/ThinkPHP/Library/Think/Model.class.php 第 1128 行.
SQL: SELECT * FROM `yh_customer` WHERE `uid` = '1' AND `token` = 'cd5b2c14521a5215a7aecab7f242011e' LIMIT 1   [ RunTime:0.0002s ]
SQL: SHOW COLUMNS FROM `yh_cdevices` [ RunTime:0.0002s ]
SQL: SELECT yh_cdevices.device_name,yh_devices.* FROM `yh_cdevices` LEFT JOIN yh_devices ON yh_cdevices.did = yh_devices.id  WHERE yh_cdevices.cid = '1' AND yh_cdevices.status = 1  [ RunTime:0.0003s ]
SQL: SHOW COLUMNS FROM `yh_task` [ RunTime:0.0002s ]
SQL: SELECT * FROM `yh_task` WHERE `cid` = '1' AND `did` = '1262' ORDER BY id desc LIMIT 1   [ RunTime:0.0005s ]
NOTIC: [8] Undefined offset: 0 /var/www/mqtt/Application/Mapi/Controller/DevicesController.class.php 第 11 行.
NOTIC: [8] Undefined offset: 0 /var/www/mqtt/Application/Mapi/Controller/DevicesController.class.php 第 12 行.
SQL: SELECT * FROM `yh_task` WHERE `cid` = '1' AND `did` = '1263' ORDER BY id desc LIMIT 1   [ RunTime:0.0004s ]
NOTIC: [8] Undefined offset: 0 /var/www/mqtt/Application/Mapi/Controller/DevicesController.class.php 第 11 行.
NOTIC: [8] Undefined offset: 0 /var/www/mqtt/Application/Mapi/Controller/DevicesController.class.php 第 12 行.

[ 2017-02-14T18:27:54+08:00 ] 192.168.2.104 /index.php/mapi/devices/gets/
INFO: [ app_init ] --START--
INFO: Run Behavior\BuildLiteBehavior [ RunTime:0.000008s ]
INFO: [ app_init ] --END-- [ RunTime:0.000052s ]
INFO: [ app_begin ] --START--
INFO: Run Behavior\ReadHtmlCacheBehavior [ RunTime:0.000019s ]
INFO: [ app_begin ] --END-- [ RunTime:0.000044s ]
NOTIC: [2] Declaration of Mapi\Controller\DevicesController::get() should be compatible with Think\Controller::get($name = '') /var/www/mqtt/Application/Mapi/Controller/DevicesController.class.php 第 4 行.
SQL: SHOW COLUMNS FROM `yh_customer` [ RunTime:0.0003s ]
NOTIC: [8] Undefined index: auto /var/www/mqtt/ThinkPHP/Library/Think/Model.class.php 第 1128 行.
SQL: SELECT * FROM `yh_customer` WHERE `uid` = '1' AND `token` = 'cd5b2c14521a5215a7aecab7f242011e' LIMIT 1   [ RunTime:0.0002s ]
SQL: SHOW COLUMNS FROM `yh_cdevices` [ RunTime:0.0002s ]
SQL: SELECT yh_cdevices.device_name,yh_devices.* FROM `yh_cdevices` LEFT JOIN yh_devices ON yh_cdevices.did = yh_devices.id  WHERE yh_cdevices.cid = '1' AND yh_cdevices.status = 1  [ RunTime:0.0002s ]
SQL: SHOW COLUMNS FROM `yh_task` [ RunTime:0.0002s ]
SQL: SELECT * FROM `yh_task` WHERE `cid` = '1' AND `did` = '1262' ORDER BY id desc LIMIT 1   [ RunTime:0.0004s ]
NOTIC: [8] Undefined offset: 0 /var/www/mqtt/Application/Mapi/Controller/DevicesController.class.php 第 11 行.
NOTIC: [8] Undefined offset: 0 /var/www/mqtt/Application/Mapi/Controller/DevicesController.class.php 第 12 行.
SQL: SELECT * FROM `yh_task` WHERE `cid` = '1' AND `did` = '1263' ORDER BY id desc LIMIT 1   [ RunTime:0.0003s ]
NOTIC: [8] Undefined offset: 0 /var/www/mqtt/Application/Mapi/Controller/DevicesController.class.php 第 11 行.
NOTIC: [8] Undefined offset: 0 /var/www/mqtt/Application/Mapi/Controller/DevicesController.class.php 第 12 行.

[ 2017-02-14T18:27:54+08:00 ] 192.168.2.104 /index.php/mapi/devices/gets/
INFO: [ app_init ] --START--
INFO: Run Behavior\BuildLiteBehavior [ RunTime:0.000008s ]
INFO: [ app_init ] --END-- [ RunTime:0.000052s ]
INFO: [ app_begin ] --START--
INFO: Run Behavior\ReadHtmlCacheBehavior [ RunTime:0.000015s ]
INFO: [ app_begin ] --END-- [ RunTime:0.000042s ]
NOTIC: [2] Declaration of Mapi\Controller\DevicesController::get() should be compatible with Think\Controller::get($name = '') /var/www/mqtt/Application/Mapi/Controller/DevicesController.class.php 第 4 行.

[ 2017-02-14T18:29:04+08:00 ] 192.168.2.104 /index.php/mapi/customer/loginpost
INFO: [ app_init ] --START--
INFO: Run Behavior\BuildLiteBehavior [ RunTime:0.000008s ]
INFO: [ app_init ] --END-- [ RunTime:0.000052s ]
INFO: [ app_begin ] --START--
INFO: Run Behavior\ReadHtmlCacheBehavior [ RunTime:0.000018s ]
INFO: [ app_begin ] --END-- [ RunTime:0.000045s ]
SQL: SHOW COLUMNS FROM `yh_customer` [ RunTime:0.0003s ]
SQL: SELECT * FROM `yh_customer` WHERE `username` = '18666028715' AND `password` = 'f5bb0c8de146c67b44babbf4e6584cc0' LIMIT 1   [ RunTime:0.0001s ]
SQL: SHOW COLUMNS FROM `yh_customer` [ RunTime:0.0002s ]
SQL: SELECT * FROM `yh_customer` WHERE `uid` = '1' LIMIT 1   [ RunTime:0.0001s ]
SQL: UPDATE `yh_customer` SET `token`='61860ef52052815e7f9946beef42b9ab' WHERE `uid` = '1' [ RunTime:0.0050s ]

[ 2017-02-14T18:29:04+08:00 ] 192.168.2.104 /index.php/mapi/devices/gets/
INFO: [ app_init ] --START--
INFO: Run Behavior\BuildLiteBehavior [ RunTime:0.000007s ]
INFO: [ app_init ] --END-- [ RunTime:0.000048s ]
INFO: [ app_begin ] --START--
INFO: Run Behavior\ReadHtmlCacheBehavior [ RunTime:0.000016s ]
INFO: [ app_begin ] --END-- [ RunTime:0.000042s ]
NOTIC: [2] Declaration of Mapi\Controller\DevicesController::get() should be compatible with Think\Controller::get($name = '') /var/www/mqtt/Application/Mapi/Controller/DevicesController.class.php 第 4 行.
SQL: SHOW COLUMNS FROM `yh_customer` [ RunTime:0.0003s ]
NOTIC: [8] Undefined index: auto /var/www/mqtt/ThinkPHP/Library/Think/Model.class.php 第 1128 行.
SQL: SELECT * FROM `yh_customer` WHERE `uid` = '1' AND `token` = '61860ef52052815e7f9946beef42b9ab' LIMIT 1   [ RunTime:0.0002s ]
SQL: SHOW COLUMNS FROM `yh_cdevices` [ RunTime:0.0002s ]
SQL: SELECT yh_cdevices.device_name,yh_devices.* FROM `yh_cdevices` LEFT JOIN yh_devices ON yh_cdevices.did = yh_devices.id  WHERE yh_cdevices.cid = '1' AND yh_cdevices.status = 1  [ RunTime:0.0002s ]
SQL: SHOW COLUMNS FROM `yh_task` [ RunTime:0.0002s ]
SQL: SELECT * FROM `yh_task` WHERE `cid` = '1' AND `did` = '1262' ORDER BY id desc LIMIT 1   [ RunTime:0.0003s ]
NOTIC: [8] Undefined offset: 0 /var/www/mqtt/Application/Mapi/Controller/DevicesController.class.php 第 11 行.
NOTIC: [8] Undefined offset: 0 /var/www/mqtt/Application/Mapi/Controller/DevicesController.class.php 第 12 行.
SQL: SELECT * FROM `yh_task` WHERE `cid` = '1' AND `did` = '1263' ORDER BY id desc LIMIT 1   [ RunTime:0.0003s ]
NOTIC: [8] Undefined offset: 0 /var/www/mqtt/Application/Mapi/Controller/DevicesController.class.php 第 11 行.
NOTIC: [8] Undefined offset: 0 /var/www/mqtt/Application/Mapi/Controller/DevicesController.class.php 第 12 行.

[ 2017-02-14T18:30:05+08:00 ] 192.168.2.104 /index.php/mapi/devices/gets/
INFO: [ app_init ] --START--
INFO: Run Behavior\BuildLiteBehavior [ RunTime:0.000010s ]
INFO: [ app_init ] --END-- [ RunTime:0.000067s ]
INFO: [ app_begin ] --START--
INFO: Run Behavior\ReadHtmlCacheBehavior [ RunTime:0.000024s ]
INFO: [ app_begin ] --END-- [ RunTime:0.000060s ]
NOTIC: [2] Declaration of Mapi\Controller\DevicesController::get() should be compatible with Think\Controller::get($name = '') /var/www/mqtt/Application/Mapi/Controller/DevicesController.class.php 第 4 行.
SQL: SHOW COLUMNS FROM `yh_customer` [ RunTime:0.0004s ]
NOTIC: [8] Undefined index: auto /var/www/mqtt/ThinkPHP/Library/Think/Model.class.php 第 1128 行.
SQL: SELECT * FROM `yh_customer` WHERE `uid` = '1' AND `token` = '61860ef52052815e7f9946beef42b9ab' LIMIT 1   [ RunTime:0.0002s ]
SQL: SHOW COLUMNS FROM `yh_cdevices` [ RunTime:0.0003s ]
SQL: SELECT yh_cdevices.device_name,yh_devices.* FROM `yh_cdevices` LEFT JOIN yh_devices ON yh_cdevices.did = yh_devices.id  WHERE yh_cdevices.cid = '1' AND yh_cdevices.status = 1  [ RunTime:0.0003s ]
SQL: SHOW COLUMNS FROM `yh_task` [ RunTime:0.0003s ]
SQL: SELECT * FROM `yh_task` WHERE `cid` = '1' AND `did` = '1262' ORDER BY id desc LIMIT 1   [ RunTime:0.0004s ]
NOTIC: [8] Undefined offset: 0 /var/www/mqtt/Application/Mapi/Controller/DevicesController.class.php 第 11 行.
NOTIC: [8] Undefined offset: 0 /var/www/mqtt/Application/Mapi/Controller/DevicesController.class.php 第 12 行.
SQL: SELECT * FROM `yh_task` WHERE `cid` = '1' AND `did` = '1263' ORDER BY id desc LIMIT 1   [ RunTime:0.0005s ]
NOTIC: [8] Undefined offset: 0 /var/www/mqtt/Application/Mapi/Controller/DevicesController.class.php 第 11 行.
NOTIC: [8] Undefined offset: 0 /var/www/mqtt/Application/Mapi/Controller/DevicesController.class.php 第 12 行.

[ 2017-02-14T18:30:14+08:00 ] 192.168.2.104 /index.php/mapi/devices/gets/
INFO: [ app_init ] --START--
INFO: Run Behavior\BuildLiteBehavior [ RunTime:0.000008s ]
INFO: [ app_init ] --END-- [ RunTime:0.000051s ]
INFO: [ app_begin ] --START--
INFO: Run Behavior\ReadHtmlCacheBehavior [ RunTime:0.000018s ]
INFO: [ app_begin ] --END-- [ RunTime:0.000042s ]
NOTIC: [2] Declaration of Mapi\Controller\DevicesController::get() should be compatible with Think\Controller::get($name = '') /var/www/mqtt/Application/Mapi/Controller/DevicesController.class.php 第 4 行.

[ 2017-02-14T18:30:14+08:00 ] 192.168.2.104 /index.php/mapi/devices/gets/
INFO: [ app_init ] --START--
INFO: Run Behavior\BuildLiteBehavior [ RunTime:0.000007s ]
INFO: [ app_init ] --END-- [ RunTime:0.000051s ]
INFO: [ app_begin ] --START--
INFO: Run Behavior\ReadHtmlCacheBehavior [ RunTime:0.000018s ]
INFO: [ app_begin ] --END-- [ RunTime:0.000042s ]
NOTIC: [2] Declaration of Mapi\Controller\DevicesController::get() should be compatible with Think\Controller::get($name = '') /var/www/mqtt/Application/Mapi/Controller/DevicesController.class.php 第 4 行.
SQL: SHOW COLUMNS FROM `yh_customer` [ RunTime:0.0003s ]
NOTIC: [8] Undefined index: auto /var/www/mqtt/ThinkPHP/Library/Think/Model.class.php 第 1128 行.
SQL: SELECT * FROM `yh_customer` WHERE `uid` = '1' AND `token` = '61860ef52052815e7f9946beef42b9ab' LIMIT 1   [ RunTime:0.0002s ]
SQL: SHOW COLUMNS FROM `yh_cdevices` [ RunTime:0.0002s ]
SQL: SELECT yh_cdevices.device_name,yh_devices.* FROM `yh_cdevices` LEFT JOIN yh_devices ON yh_cdevices.did = yh_devices.id  WHERE yh_cdevices.cid = '1' AND yh_cdevices.status = 1  [ RunTime:0.0002s ]
SQL: SHOW COLUMNS FROM `yh_task` [ RunTime:0.0002s ]
SQL: SELECT * FROM `yh_task` WHERE `cid` = '1' AND `did` = '1262' ORDER BY id desc LIMIT 1   [ RunTime:0.0004s ]
NOTIC: [8] Undefined offset: 0 /var/www/mqtt/Application/Mapi/Controller/DevicesController.class.php 第 11 行.
NOTIC: [8] Undefined offset: 0 /var/www/mqtt/Application/Mapi/Controller/DevicesController.class.php 第 12 行.
SQL: SELECT * FROM `yh_task` WHERE `cid` = '1' AND `did` = '1263' ORDER BY id desc LIMIT 1   [ RunTime:0.0003s ]
NOTIC: [8] Undefined offset: 0 /var/www/mqtt/Application/Mapi/Controller/DevicesController.class.php 第 11 行.
NOTIC: [8] Undefined offset: 0 /var/www/mqtt/Application/Mapi/Controller/DevicesController.class.php 第 12 行.

[ 2017-02-14T18:45:29+08:00 ] 192.168.2.104 /index.php/mapi/customer/loginpost
INFO: [ app_init ] --START--
INFO: Run Behavior\BuildLiteBehavior [ RunTime:0.000008s ]
INFO: [ app_init ] --END-- [ RunTime:0.000052s ]
INFO: [ app_begin ] --START--
INFO: Run Behavior\ReadHtmlCacheBehavior [ RunTime:0.000017s ]
INFO: [ app_begin ] --END-- [ RunTime:0.000044s ]
SQL: SHOW COLUMNS FROM `yh_customer` [ RunTime:0.0003s ]
SQL: SELECT * FROM `yh_customer` WHERE `username` = '18666028715' AND `password` = 'f5bb0c8de146c67b44babbf4e6584cc0' LIMIT 1   [ RunTime:0.0001s ]
SQL: SHOW COLUMNS FROM `yh_customer` [ RunTime:0.0002s ]
SQL: SELECT * FROM `yh_customer` WHERE `uid` = '1' LIMIT 1   [ RunTime:0.0001s ]
SQL: UPDATE `yh_customer` SET `token`='8db21d189cb871f53dfe132159faac77' WHERE `uid` = '1' [ RunTime:0.0099s ]

[ 2017-02-14T18:45:29+08:00 ] 192.168.2.104 /index.php/mapi/devices/gets/
INFO: [ app_init ] --START--
INFO: Run Behavior\BuildLiteBehavior [ RunTime:0.000008s ]
INFO: [ app_init ] --END-- [ RunTime:0.000050s ]
INFO: [ app_begin ] --START--
INFO: Run Behavior\ReadHtmlCacheBehavior [ RunTime:0.000016s ]
INFO: [ app_begin ] --END-- [ RunTime:0.000042s ]
NOTIC: [2] Declaration of Mapi\Controller\DevicesController::get() should be compatible with Think\Controller::get($name = '') /var/www/mqtt/Application/Mapi/Controller/DevicesController.class.php 第 4 行.
SQL: SHOW COLUMNS FROM `yh_customer` [ RunTime:0.0003s ]
NOTIC: [8] Undefined index: auto /var/www/mqtt/ThinkPHP/Library/Think/Model.class.php 第 1128 行.
SQL: SELECT * FROM `yh_customer` WHERE `uid` = '1' AND `token` = '8db21d189cb871f53dfe132159faac77' LIMIT 1   [ RunTime:0.0002s ]
SQL: SHOW COLUMNS FROM `yh_cdevices` [ RunTime:0.0002s ]
SQL: SELECT yh_cdevices.device_name,yh_devices.* FROM `yh_cdevices` LEFT JOIN yh_devices ON yh_cdevices.did = yh_devices.id  WHERE yh_cdevices.cid = '1' AND yh_cdevices.status = 1  [ RunTime:0.0002s ]
SQL: SHOW COLUMNS FROM `yh_task` [ RunTime:0.0002s ]
SQL: SELECT * FROM `yh_task` WHERE `cid` = '1' AND `did` = '1262' ORDER BY id desc LIMIT 1   [ RunTime:0.0004s ]
NOTIC: [8] Undefined offset: 0 /var/www/mqtt/Application/Mapi/Controller/DevicesController.class.php 第 11 行.
NOTIC: [8] Undefined offset: 0 /var/www/mqtt/Application/Mapi/Controller/DevicesController.class.php 第 12 行.
SQL: SELECT * FROM `yh_task` WHERE `cid` = '1' AND `did` = '1263' ORDER BY id desc LIMIT 1   [ RunTime:0.0003s ]
NOTIC: [8] Undefined offset: 0 /var/www/mqtt/Application/Mapi/Controller/DevicesController.class.php 第 11 行.
NOTIC: [8] Undefined offset: 0 /var/www/mqtt/Application/Mapi/Controller/DevicesController.class.php 第 12 行.

[ 2017-02-14T18:45:49+08:00 ] 192.168.2.104 /index.php/mapi/devices/gets/
INFO: [ app_init ] --START--
INFO: Run Behavior\BuildLiteBehavior [ RunTime:0.000008s ]
INFO: [ app_init ] --END-- [ RunTime:0.000048s ]
INFO: [ app_begin ] --START--
INFO: Run Behavior\ReadHtmlCacheBehavior [ RunTime:0.000017s ]
INFO: [ app_begin ] --END-- [ RunTime:0.000040s ]
NOTIC: [2] Declaration of Mapi\Controller\DevicesController::get() should be compatible with Think\Controller::get($name = '') /var/www/mqtt/Application/Mapi/Controller/DevicesController.class.php 第 4 行.
SQL: SHOW COLUMNS FROM `yh_customer` [ RunTime:0.0003s ]
NOTIC: [8] Undefined index: auto /var/www/mqtt/ThinkPHP/Library/Think/Model.class.php 第 1128 行.
SQL: SELECT * FROM `yh_customer` WHERE `uid` = '1' AND `token` = '8db21d189cb871f53dfe132159faac77' LIMIT 1   [ RunTime:0.0001s ]
SQL: SHOW COLUMNS FROM `yh_cdevices` [ RunTime:0.0002s ]
SQL: SELECT yh_cdevices.device_name,yh_devices.* FROM `yh_cdevices` LEFT JOIN yh_devices ON yh_cdevices.did = yh_devices.id  WHERE yh_cdevices.cid = '1' AND yh_cdevices.status = 1  [ RunTime:0.0002s ]
SQL: SHOW COLUMNS FROM `yh_task` [ RunTime:0.0003s ]
SQL: SELECT * FROM `yh_task` WHERE `cid` = '1' AND `did` = '1262' ORDER BY id desc LIMIT 1   [ RunTime:0.0003s ]
NOTIC: [8] Undefined offset: 0 /var/www/mqtt/Application/Mapi/Controller/DevicesController.class.php 第 11 行.
NOTIC: [8] Undefined offset: 0 /var/www/mqtt/Application/Mapi/Controller/DevicesController.class.php 第 12 行.
SQL: SELECT * FROM `yh_task` WHERE `cid` = '1' AND `did` = '1263' ORDER BY id desc LIMIT 1   [ RunTime:0.0003s ]
NOTIC: [8] Undefined offset: 0 /var/www/mqtt/Application/Mapi/Controller/DevicesController.class.php 第 11 行.
NOTIC: [8] Undefined offset: 0 /var/www/mqtt/Application/Mapi/Controller/DevicesController.class.php 第 12 行.

[ 2017-02-14T18:45:49+08:00 ] 192.168.2.104 /index.php/mapi/devices/gets/
INFO: [ app_init ] --START--
INFO: Run Behavior\BuildLiteBehavior [ RunTime:0.000006s ]
INFO: [ app_init ] --END-- [ RunTime:0.000040s ]
INFO: [ app_begin ] --START--
INFO: Run Behavior\ReadHtmlCacheBehavior [ RunTime:0.000015s ]
INFO: [ app_begin ] --END-- [ RunTime:0.000039s ]
NOTIC: [2] Declaration of Mapi\Controller\DevicesController::get() should be compatible with Think\Controller::get($name = '') /var/www/mqtt/Application/Mapi/Controller/DevicesController.class.php 第 4 行.

[ 2017-02-14T18:49:22+08:00 ] 192.168.2.104 /index.php/mapi/customer/loginpost
INFO: [ app_init ] --START--
INFO: Run Behavior\BuildLiteBehavior [ RunTime:0.000016s ]
INFO: [ app_init ] --END-- [ RunTime:0.000104s ]
INFO: [ app_begin ] --START--
INFO: Run Behavior\ReadHtmlCacheBehavior [ RunTime:0.000037s ]
INFO: [ app_begin ] --END-- [ RunTime:0.000096s ]
SQL: SHOW COLUMNS FROM `yh_customer` [ RunTime:0.0003s ]
SQL: SELECT * FROM `yh_customer` WHERE `username` = '18666028715' AND `password` = 'f5bb0c8de146c67b44babbf4e6584cc0' LIMIT 1   [ RunTime:0.0002s ]
SQL: SHOW COLUMNS FROM `yh_customer` [ RunTime:0.0003s ]
SQL: SELECT * FROM `yh_customer` WHERE `uid` = '1' LIMIT 1   [ RunTime:0.0001s ]
SQL: UPDATE `yh_customer` SET `token`='52f97073afb752a6e70d4b1ecc5eb024' WHERE `uid` = '1' [ RunTime:0.0091s ]

[ 2017-02-14T18:49:23+08:00 ] 192.168.2.104 /index.php/mapi/devices/gets/
INFO: [ app_init ] --START--
INFO: Run Behavior\BuildLiteBehavior [ RunTime:0.000016s ]
INFO: [ app_init ] --END-- [ RunTime:0.000103s ]
INFO: [ app_begin ] --START--
INFO: Run Behavior\ReadHtmlCacheBehavior [ RunTime:0.000036s ]
INFO: [ app_begin ] --END-- [ RunTime:0.000097s ]
NOTIC: [2] Declaration of Mapi\Controller\DevicesController::get() should be compatible with Think\Controller::get($name = '') /var/www/mqtt/Application/Mapi/Controller/DevicesController.class.php 第 4 行.
SQL: SHOW COLUMNS FROM `yh_customer` [ RunTime:0.0006s ]
NOTIC: [8] Undefined index: auto /var/www/mqtt/ThinkPHP/Library/Think/Model.class.php 第 1128 行.
SQL: SELECT * FROM `yh_customer` WHERE `uid` = '1' AND `token` = '52f97073afb752a6e70d4b1ecc5eb024' LIMIT 1   [ RunTime:0.0005s ]
SQL: SHOW COLUMNS FROM `yh_cdevices` [ RunTime:0.0008s ]
SQL: SELECT yh_cdevices.device_name,yh_devices.* FROM `yh_cdevices` LEFT JOIN yh_devices ON yh_cdevices.did = yh_devices.id  WHERE yh_cdevices.cid = '1' AND yh_cdevices.status = 1  [ RunTime:0.0008s ]
SQL: SHOW COLUMNS FROM `yh_task` [ RunTime:0.0008s ]
SQL: SELECT * FROM `yh_task` WHERE `cid` = '1' AND `did` = '1262' ORDER BY id desc LIMIT 1   [ RunTime:0.0013s ]
NOTIC: [8] Undefined offset: 0 /var/www/mqtt/Application/Mapi/Controller/DevicesController.class.php 第 11 行.
NOTIC: [8] Undefined offset: 0 /var/www/mqtt/Application/Mapi/Controller/DevicesController.class.php 第 12 行.
SQL: SELECT * FROM `yh_task` WHERE `cid` = '1' AND `did` = '1263' ORDER BY id desc LIMIT 1   [ RunTime:0.0013s ]
NOTIC: [8] Undefined offset: 0 /var/www/mqtt/Application/Mapi/Controller/DevicesController.class.php 第 11 行.
NOTIC: [8] Undefined offset: 0 /var/www/mqtt/Application/Mapi/Controller/DevicesController.class.php 第 12 行.

[ 2017-02-14T18:49:27+08:00 ] 192.168.2.104 /index.php/mapi/devices/gets/
INFO: [ app_init ] --START--
INFO: Run Behavior\BuildLiteBehavior [ RunTime:0.000029s ]
INFO: [ app_init ] --END-- [ RunTime:0.000191s ]
INFO: [ app_begin ] --START--
INFO: Run Behavior\ReadHtmlCacheBehavior [ RunTime:0.000069s ]
INFO: [ app_begin ] --END-- [ RunTime:0.000177s ]
NOTIC: [2] Declaration of Mapi\Controller\DevicesController::get() should be compatible with Think\Controller::get($name = '') /var/www/mqtt/Application/Mapi/Controller/DevicesController.class.php 第 4 行.
SQL: SHOW COLUMNS FROM `yh_customer` [ RunTime:0.0010s ]
NOTIC: [8] Undefined index: auto /var/www/mqtt/ThinkPHP/Library/Think/Model.class.php 第 1128 行.
SQL: SELECT * FROM `yh_customer` WHERE `uid` = '1' AND `token` = '52f97073afb752a6e70d4b1ecc5eb024' LIMIT 1   [ RunTime:0.0005s ]
SQL: SHOW COLUMNS FROM `yh_cdevices` [ RunTime:0.0009s ]
SQL: SELECT yh_cdevices.device_name,yh_devices.* FROM `yh_cdevices` LEFT JOIN yh_devices ON yh_cdevices.did = yh_devices.id  WHERE yh_cdevices.cid = '1' AND yh_cdevices.status = 1  [ RunTime:0.0009s ]
SQL: SHOW COLUMNS FROM `yh_task` [ RunTime:0.0009s ]
SQL: SELECT * FROM `yh_task` WHERE `cid` = '1' AND `did` = '1262' ORDER BY id desc LIMIT 1   [ RunTime:0.0012s ]
NOTIC: [8] Undefined offset: 0 /var/www/mqtt/Application/Mapi/Controller/DevicesController.class.php 第 11 行.
NOTIC: [8] Undefined offset: 0 /var/www/mqtt/Application/Mapi/Controller/DevicesController.class.php 第 12 行.
SQL: SELECT * FROM `yh_task` WHERE `cid` = '1' AND `did` = '1263' ORDER BY id desc LIMIT 1   [ RunTime:0.0012s ]
NOTIC: [8] Undefined offset: 0 /var/www/mqtt/Application/Mapi/Controller/DevicesController.class.php 第 11 行.
NOTIC: [8] Undefined offset: 0 /var/www/mqtt/Application/Mapi/Controller/DevicesController.class.php 第 12 行.

[ 2017-02-14T18:49:27+08:00 ] 192.168.2.104 /index.php/mapi/devices/gets/
INFO: [ app_init ] --START--
INFO: Run Behavior\BuildLiteBehavior [ RunTime:0.000029s ]
INFO: [ app_init ] --END-- [ RunTime:0.000213s ]
INFO: [ app_begin ] --START--
INFO: Run Behavior\ReadHtmlCacheBehavior [ RunTime:0.000063s ]
INFO: [ app_begin ] --END-- [ RunTime:0.000170s ]
NOTIC: [2] Declaration of Mapi\Controller\DevicesController::get() should be compatible with Think\Controller::get($name = '') /var/www/mqtt/Application/Mapi/Controller/DevicesController.class.php 第 4 行.

[ 2017-02-14T18:50:03+08:00 ] 192.168.2.104 /index.php/mapi/customer/loginpost
INFO: [ app_init ] --START--
INFO: Run Behavior\BuildLiteBehavior [ RunTime:0.000007s ]
INFO: [ app_init ] --END-- [ RunTime:0.000052s ]
INFO: [ app_begin ] --START--
INFO: Run Behavior\ReadHtmlCacheBehavior [ RunTime:0.000018s ]
INFO: [ app_begin ] --END-- [ RunTime:0.000044s ]
SQL: SHOW COLUMNS FROM `yh_customer` [ RunTime:0.0003s ]
SQL: SELECT * FROM `yh_customer` WHERE `username` = '18666028715' AND `password` = 'f5bb0c8de146c67b44babbf4e6584cc0' LIMIT 1   [ RunTime:0.0002s ]
SQL: SHOW COLUMNS FROM `yh_customer` [ RunTime:0.0003s ]
SQL: SELECT * FROM `yh_customer` WHERE `uid` = '1' LIMIT 1   [ RunTime:0.0002s ]
SQL: UPDATE `yh_customer` SET `token`='b8a92c0924efc003ad5834da572df5ec' WHERE `uid` = '1' [ RunTime:0.0095s ]

[ 2017-02-14T18:50:03+08:00 ] 192.168.2.104 /index.php/mapi/devices/gets/
INFO: [ app_init ] --START--
INFO: Run Behavior\BuildLiteBehavior [ RunTime:0.000007s ]
INFO: [ app_init ] --END-- [ RunTime:0.000045s ]
INFO: [ app_begin ] --START--
INFO: Run Behavior\ReadHtmlCacheBehavior [ RunTime:0.000014s ]
INFO: [ app_begin ] --END-- [ RunTime:0.000038s ]
NOTIC: [2] Declaration of Mapi\Controller\DevicesController::get() should be compatible with Think\Controller::get($name = '') /var/www/mqtt/Application/Mapi/Controller/DevicesController.class.php 第 4 行.
SQL: SHOW COLUMNS FROM `yh_customer` [ RunTime:0.0003s ]
NOTIC: [8] Undefined index: auto /var/www/mqtt/ThinkPHP/Library/Think/Model.class.php 第 1128 行.
SQL: SELECT * FROM `yh_customer` WHERE `uid` = '1' AND `token` = 'b8a92c0924efc003ad5834da572df5ec' LIMIT 1   [ RunTime:0.0002s ]
SQL: SHOW COLUMNS FROM `yh_cdevices` [ RunTime:0.0002s ]
SQL: SELECT yh_cdevices.device_name,yh_devices.* FROM `yh_cdevices` LEFT JOIN yh_devices ON yh_cdevices.did = yh_devices.id  WHERE yh_cdevices.cid = '1' AND yh_cdevices.status = 1  [ RunTime:0.0002s ]
SQL: SHOW COLUMNS FROM `yh_task` [ RunTime:0.0002s ]
SQL: SELECT * FROM `yh_task` WHERE `cid` = '1' AND `did` = '1262' ORDER BY id desc LIMIT 1   [ RunTime:0.0003s ]
NOTIC: [8] Undefined offset: 0 /var/www/mqtt/Application/Mapi/Controller/DevicesController.class.php 第 11 行.
NOTIC: [8] Undefined offset: 0 /var/www/mqtt/Application/Mapi/Controller/DevicesController.class.php 第 12 行.
SQL: SELECT * FROM `yh_task` WHERE `cid` = '1' AND `did` = '1263' ORDER BY id desc LIMIT 1   [ RunTime:0.0003s ]
NOTIC: [8] Undefined offset: 0 /var/www/mqtt/Application/Mapi/Controller/DevicesController.class.php 第 11 行.
NOTIC: [8] Undefined offset: 0 /var/www/mqtt/Application/Mapi/Controller/DevicesController.class.php 第 12 行.

[ 2017-02-14T18:50:11+08:00 ] 192.168.2.104 /index.php/mapi/devices/gets/
INFO: [ app_init ] --START--
INFO: Run Behavior\BuildLiteBehavior [ RunTime:0.000007s ]
INFO: [ app_init ] --END-- [ RunTime:0.000051s ]
INFO: [ app_begin ] --START--
INFO: Run Behavior\ReadHtmlCacheBehavior [ RunTime:0.000017s ]
INFO: [ app_begin ] --END-- [ RunTime:0.000044s ]
NOTIC: [2] Declaration of Mapi\Controller\DevicesController::get() should be compatible with Think\Controller::get($name = '') /var/www/mqtt/Application/Mapi/Controller/DevicesController.class.php 第 4 行.

[ 2017-02-14T18:50:11+08:00 ] 192.168.2.104 /index.php/mapi/devices/gets/
INFO: [ app_init ] --START--
INFO: Run Behavior\BuildLiteBehavior [ RunTime:0.000007s ]
INFO: [ app_init ] --END-- [ RunTime:0.000051s ]
INFO: [ app_begin ] --START--
INFO: Run Behavior\ReadHtmlCacheBehavior [ RunTime:0.000019s ]
INFO: [ app_begin ] --END-- [ RunTime:0.000044s ]
NOTIC: [2] Declaration of Mapi\Controller\DevicesController::get() should be compatible with Think\Controller::get($name = '') /var/www/mqtt/Application/Mapi/Controller/DevicesController.class.php 第 4 行.
SQL: SHOW COLUMNS FROM `yh_customer` [ RunTime:0.0003s ]
NOTIC: [8] Undefined index: auto /var/www/mqtt/ThinkPHP/Library/Think/Model.class.php 第 1128 行.
SQL: SELECT * FROM `yh_customer` WHERE `uid` = '1' AND `token` = 'b8a92c0924efc003ad5834da572df5ec' LIMIT 1   [ RunTime:0.0002s ]
SQL: SHOW COLUMNS FROM `yh_cdevices` [ RunTime:0.0002s ]
SQL: SELECT yh_cdevices.device_name,yh_devices.* FROM `yh_cdevices` LEFT JOIN yh_devices ON yh_cdevices.did = yh_devices.id  WHERE yh_cdevices.cid = '1' AND yh_cdevices.status = 1  [ RunTime:0.0002s ]
SQL: SHOW COLUMNS FROM `yh_task` [ RunTime:0.0002s ]
SQL: SELECT * FROM `yh_task` WHERE `cid` = '1' AND `did` = '1262' ORDER BY id desc LIMIT 1   [ RunTime:0.0004s ]
NOTIC: [8] Undefined offset: 0 /var/www/mqtt/Application/Mapi/Controller/DevicesController.class.php 第 11 行.
NOTIC: [8] Undefined offset: 0 /var/www/mqtt/Application/Mapi/Controller/DevicesController.class.php 第 12 行.
SQL: SELECT * FROM `yh_task` WHERE `cid` = '1' AND `did` = '1263' ORDER BY id desc LIMIT 1   [ RunTime:0.0003s ]
NOTIC: [8] Undefined offset: 0 /var/www/mqtt/Application/Mapi/Controller/DevicesController.class.php 第 11 行.
NOTIC: [8] Undefined offset: 0 /var/www/mqtt/Application/Mapi/Controller/DevicesController.class.php 第 12 行.

[ 2017-02-14T18:52:17+08:00 ] 192.168.2.104 /index.php/mapi/customer/loginpost
INFO: [ app_init ] --START--
INFO: Run Behavior\BuildLiteBehavior [ RunTime:0.000008s ]
INFO: [ app_init ] --END-- [ RunTime:0.000052s ]
INFO: [ app_begin ] --START--
INFO: Run Behavior\ReadHtmlCacheBehavior [ RunTime:0.000016s ]
INFO: [ app_begin ] --END-- [ RunTime:0.000039s ]
SQL: SHOW COLUMNS FROM `yh_customer` [ RunTime:0.0003s ]
SQL: SELECT * FROM `yh_customer` WHERE `username` = '18666028715' AND `password` = 'f5bb0c8de146c67b44babbf4e6584cc0' LIMIT 1   [ RunTime:0.0002s ]
SQL: SHOW COLUMNS FROM `yh_customer` [ RunTime:0.0002s ]
SQL: SELECT * FROM `yh_customer` WHERE `uid` = '1' LIMIT 1   [ RunTime:0.0002s ]
SQL: UPDATE `yh_customer` SET `token`='e31f50d16517a8e0e5a493d3b0a5f40a' WHERE `uid` = '1' [ RunTime:0.0083s ]

[ 2017-02-14T18:52:17+08:00 ] 192.168.2.104 /index.php/mapi/devices/gets/
INFO: [ app_init ] --START--
INFO: Run Behavior\BuildLiteBehavior [ RunTime:0.000008s ]
INFO: [ app_init ] --END-- [ RunTime:0.000049s ]
INFO: [ app_begin ] --START--
INFO: Run Behavior\ReadHtmlCacheBehavior [ RunTime:0.000016s ]
INFO: [ app_begin ] --END-- [ RunTime:0.000042s ]
NOTIC: [2] Declaration of Mapi\Controller\DevicesController::get() should be compatible with Think\Controller::get($name = '') /var/www/mqtt/Application/Mapi/Controller/DevicesController.class.php 第 4 行.
SQL: SHOW COLUMNS FROM `yh_customer` [ RunTime:0.0003s ]
NOTIC: [8] Undefined index: auto /var/www/mqtt/ThinkPHP/Library/Think/Model.class.php 第 1128 行.
SQL: SELECT * FROM `yh_customer` WHERE `uid` = '1' AND `token` = 'e31f50d16517a8e0e5a493d3b0a5f40a' LIMIT 1   [ RunTime:0.0002s ]
SQL: SHOW COLUMNS FROM `yh_cdevices` [ RunTime:0.0003s ]
SQL: SELECT yh_cdevices.device_name,yh_devices.* FROM `yh_cdevices` LEFT JOIN yh_devices ON yh_cdevices.did = yh_devices.id  WHERE yh_cdevices.cid = '1' AND yh_cdevices.status = 1  [ RunTime:0.0002s ]
SQL: SHOW COLUMNS FROM `yh_task` [ RunTime:0.0002s ]
SQL: SELECT * FROM `yh_task` WHERE `cid` = '1' AND `did` = '1262' ORDER BY id desc LIMIT 1   [ RunTime:0.0004s ]
NOTIC: [8] Undefined offset: 0 /var/www/mqtt/Application/Mapi/Controller/DevicesController.class.php 第 11 行.
NOTIC: [8] Undefined offset: 0 /var/www/mqtt/Application/Mapi/Controller/DevicesController.class.php 第 12 行.
SQL: SELECT * FROM `yh_task` WHERE `cid` = '1' AND `did` = '1263' ORDER BY id desc LIMIT 1   [ RunTime:0.0004s ]
NOTIC: [8] Undefined offset: 0 /var/www/mqtt/Application/Mapi/Controller/DevicesController.class.php 第 11 行.
NOTIC: [8] Undefined offset: 0 /var/www/mqtt/Application/Mapi/Controller/DevicesController.class.php 第 12 行.

[ 2017-02-14T18:52:21+08:00 ] 192.168.2.104 /index.php/mapi/devices/gets/
INFO: [ app_init ] --START--
INFO: Run Behavior\BuildLiteBehavior [ RunTime:0.000007s ]
INFO: [ app_init ] --END-- [ RunTime:0.000047s ]
INFO: [ app_begin ] --START--
INFO: Run Behavior\ReadHtmlCacheBehavior [ RunTime:0.000015s ]
INFO: [ app_begin ] --END-- [ RunTime:0.000039s ]
NOTIC: [2] Declaration of Mapi\Controller\DevicesController::get() should be compatible with Think\Controller::get($name = '') /var/www/mqtt/Application/Mapi/Controller/DevicesController.class.php 第 4 行.

[ 2017-02-14T18:52:21+08:00 ] 192.168.2.104 /index.php/mapi/devices/gets/
INFO: [ app_init ] --START--
INFO: Run Behavior\BuildLiteBehavior [ RunTime:0.000007s ]
INFO: [ app_init ] --END-- [ RunTime:0.000047s ]
INFO: [ app_begin ] --START--
INFO: Run Behavior\ReadHtmlCacheBehavior [ RunTime:0.000016s ]
INFO: [ app_begin ] --END-- [ RunTime:0.000040s ]
NOTIC: [2] Declaration of Mapi\Controller\DevicesController::get() should be compatible with Think\Controller::get($name = '') /var/www/mqtt/Application/Mapi/Controller/DevicesController.class.php 第 4 行.
SQL: SHOW COLUMNS FROM `yh_customer` [ RunTime:0.0003s ]
NOTIC: [8] Undefined index: auto /var/www/mqtt/ThinkPHP/Library/Think/Model.class.php 第 1128 行.
SQL: SELECT * FROM `yh_customer` WHERE `uid` = '1' AND `token` = 'e31f50d16517a8e0e5a493d3b0a5f40a' LIMIT 1   [ RunTime:0.0001s ]
SQL: SHOW COLUMNS FROM `yh_cdevices` [ RunTime:0.0002s ]
SQL: SELECT yh_cdevices.device_name,yh_devices.* FROM `yh_cdevices` LEFT JOIN yh_devices ON yh_cdevices.did = yh_devices.id  WHERE yh_cdevices.cid = '1' AND yh_cdevices.status = 1  [ RunTime:0.0002s ]
SQL: SHOW COLUMNS FROM `yh_task` [ RunTime:0.0002s ]
SQL: SELECT * FROM `yh_task` WHERE `cid` = '1' AND `did` = '1262' ORDER BY id desc LIMIT 1   [ RunTime:0.0003s ]
NOTIC: [8] Undefined offset: 0 /var/www/mqtt/Application/Mapi/Controller/DevicesController.class.php 第 11 行.
NOTIC: [8] Undefined offset: 0 /var/www/mqtt/Application/Mapi/Controller/DevicesController.class.php 第 12 行.
SQL: SELECT * FROM `yh_task` WHERE `cid` = '1' AND `did` = '1263' ORDER BY id desc LIMIT 1   [ RunTime:0.0003s ]
NOTIC: [8] Undefined offset: 0 /var/www/mqtt/Application/Mapi/Controller/DevicesController.class.php 第 11 行.
NOTIC: [8] Undefined offset: 0 /var/www/mqtt/Application/Mapi/Controller/DevicesController.class.php 第 12 行.

[ 2017-02-14T18:52:29+08:00 ] 192.168.2.104 /index.php/mapi/devices/gets/
INFO: [ app_init ] --START--
INFO: Run Behavior\BuildLiteBehavior [ RunTime:0.000008s ]
INFO: [ app_init ] --END-- [ RunTime:0.000051s ]
INFO: [ app_begin ] --START--
INFO: Run Behavior\ReadHtmlCacheBehavior [ RunTime:0.000018s ]
INFO: [ app_begin ] --END-- [ RunTime:0.000045s ]
NOTIC: [2] Declaration of Mapi\Controller\DevicesController::get() should be compatible with Think\Controller::get($name = '') /var/www/mqtt/Application/Mapi/Controller/DevicesController.class.php 第 4 行.
SQL: SHOW COLUMNS FROM `yh_customer` [ RunTime:0.0003s ]
NOTIC: [8] Undefined index: auto /var/www/mqtt/ThinkPHP/Library/Think/Model.class.php 第 1128 行.
SQL: SELECT * FROM `yh_customer` WHERE `uid` = '1' AND `token` = 'e31f50d16517a8e0e5a493d3b0a5f40a' LIMIT 1   [ RunTime:0.0002s ]
SQL: SHOW COLUMNS FROM `yh_cdevices` [ RunTime:0.0002s ]
SQL: SELECT yh_cdevices.device_name,yh_devices.* FROM `yh_cdevices` LEFT JOIN yh_devices ON yh_cdevices.did = yh_devices.id  WHERE yh_cdevices.cid = '1' AND yh_cdevices.status = 1  [ RunTime:0.0002s ]
SQL: SHOW COLUMNS FROM `yh_task` [ RunTime:0.0002s ]
SQL: SELECT * FROM `yh_task` WHERE `cid` = '1' AND `did` = '1262' ORDER BY id desc LIMIT 1   [ RunTime:0.0003s ]
NOTIC: [8] Undefined offset: 0 /var/www/mqtt/Application/Mapi/Controller/DevicesController.class.php 第 11 行.
NOTIC: [8] Undefined offset: 0 /var/www/mqtt/Application/Mapi/Controller/DevicesController.class.php 第 12 行.
SQL: SELECT * FROM `yh_task` WHERE `cid` = '1' AND `did` = '1263' ORDER BY id desc LIMIT 1   [ RunTime:0.0003s ]
NOTIC: [8] Undefined offset: 0 /var/www/mqtt/Application/Mapi/Controller/DevicesController.class.php 第 11 行.
NOTIC: [8] Undefined offset: 0 /var/www/mqtt/Application/Mapi/Controller/DevicesController.class.php 第 12 行.

