[ 2016-08-26T16:00:10+08:00 ] 127.0.0.1 /Public/js/lib/jquery-1.10.2.min.map
ERR: 非法操作:js

[ 2016-08-26T16:00:12+08:00 ] 127.0.0.1 /Public/js/lib/jquery-1.10.2.min.map
ERR: 非法操作:js

[ 2016-08-26T16:03:25+08:00 ] 127.0.0.1 /Public/js/lib/jquery-1.10.2.min.map
ERR: 非法操作:js

[ 2016-08-26T16:03:26+08:00 ] 127.0.0.1 /Public/js/lib/jquery-1.10.2.min.map
ERR: 非法操作:js

[ 2016-08-26T16:03:40+08:00 ] 127.0.0.1 /devices/import
INFO: [ app_begin ] --START--
INFO: Run Behavior\ReadHtmlCacheBehavior [ RunTime:0.000018s ]
INFO: [ app_begin ] --END-- [ RunTime:0.000050s ]
SQL: SHOW COLUMNS FROM `yh_devices` [ RunTime:0.0003s ]
NOTIC: [2] call_user_func() expects parameter 1 to be a valid callback, no array or string given /var/www/mqtt/ThinkPHP/Library/Think/Upload.class.php 第 170 行.
NOTIC: [8] Undefined index: validate /var/www/mqtt/ThinkPHP/Library/Think/Model.class.php 第 1185 行.
NOTIC: [8] Undefined index: uuid /var/www/mqtt/ThinkPHP/Library/Think/Model.class.php 第 1303 行.
NOTIC: [8] Undefined index: sucess /var/www/mqtt/Application/Home/Controller/DevicesController.class.php 第 75 行.
NOTIC: [8] Undefined index: validate /var/www/mqtt/ThinkPHP/Library/Think/Model.class.php 第 1185 行.
NOTIC: [8] Undefined index: uuid /var/www/mqtt/ThinkPHP/Library/Think/Model.class.php 第 1303 行.
NOTIC: [8] Undefined index: sucess /var/www/mqtt/Application/Home/Controller/DevicesController.class.php 第 75 行.
NOTIC: [8] Undefined index: validate /var/www/mqtt/ThinkPHP/Library/Think/Model.class.php 第 1185 行.
NOTIC: [8] Undefined index: uuid /var/www/mqtt/ThinkPHP/Library/Think/Model.class.php 第 1303 行.
NOTIC: [8] Undefined index: sucess /var/www/mqtt/Application/Home/Controller/DevicesController.class.php 第 75 行.
NOTIC: [8] Undefined index: validate /var/www/mqtt/ThinkPHP/Library/Think/Model.class.php 第 1185 行.
NOTIC: [8] Undefined index: uuid /var/www/mqtt/ThinkPHP/Library/Think/Model.class.php 第 1303 行.
NOTIC: [8] Undefined index: sucess /var/www/mqtt/Application/Home/Controller/DevicesController.class.php 第 75 行.
NOTIC: [8] Undefined index: validate /var/www/mqtt/ThinkPHP/Library/Think/Model.class.php 第 1185 行.
NOTIC: [8] Undefined index: uuid /var/www/mqtt/ThinkPHP/Library/Think/Model.class.php 第 1303 行.
NOTIC: [8] Undefined index: sucess /var/www/mqtt/Application/Home/Controller/DevicesController.class.php 第 75 行.
NOTIC: [8] Undefined index: validate /var/www/mqtt/ThinkPHP/Library/Think/Model.class.php 第 1185 行.
NOTIC: [8] Undefined index: uuid /var/www/mqtt/ThinkPHP/Library/Think/Model.class.php 第 1303 行.
NOTIC: [8] Undefined index: sucess /var/www/mqtt/Application/Home/Controller/DevicesController.class.php 第 75 行.
NOTIC: [8] Undefined index: validate /var/www/mqtt/ThinkPHP/Library/Think/Model.class.php 第 1185 行.
NOTIC: [8] Undefined index: uuid /var/www/mqtt/ThinkPHP/Library/Think/Model.class.php 第 1303 行.
NOTIC: [8] Undefined index: sucess /var/www/mqtt/Application/Home/Controller/DevicesController.class.php 第 75 行.
NOTIC: [8] Undefined index: validate /var/www/mqtt/ThinkPHP/Library/Think/Model.class.php 第 1185 行.
NOTIC: [8] Undefined index: uuid /var/www/mqtt/ThinkPHP/Library/Think/Model.class.php 第 1303 行.
NOTIC: [8] Undefined index: sucess /var/www/mqtt/Application/Home/Controller/DevicesController.class.php 第 75 行.
NOTIC: [8] Undefined index: validate /var/www/mqtt/ThinkPHP/Library/Think/Model.class.php 第 1185 行.
NOTIC: [8] Undefined index: uuid /var/www/mqtt/ThinkPHP/Library/Think/Model.class.php 第 1303 行.
NOTIC: [8] Undefined index: sucess /var/www/mqtt/Application/Home/Controller/DevicesController.class.php 第 75 行.
NOTIC: [8] Undefined index: validate /var/www/mqtt/ThinkPHP/Library/Think/Model.class.php 第 1185 行.
NOTIC: [8] Undefined index: uuid /var/www/mqtt/ThinkPHP/Library/Think/Model.class.php 第 1303 行.
NOTIC: [8] Undefined index: sucess /var/www/mqtt/Application/Home/Controller/DevicesController.class.php 第 75 行.
NOTIC: [8] Undefined index: validate /var/www/mqtt/ThinkPHP/Library/Think/Model.class.php 第 1185 行.
NOTIC: [8] Undefined index: uuid /var/www/mqtt/ThinkPHP/Library/Think/Model.class.php 第 1303 行.
NOTIC: [8] Undefined index: sucess /var/www/mqtt/Application/Home/Controller/DevicesController.class.php 第 75 行.
NOTIC: [8] Undefined index: validate /var/www/mqtt/ThinkPHP/Library/Think/Model.class.php 第 1185 行.
NOTIC: [8] Undefined index: uuid /var/www/mqtt/ThinkPHP/Library/Think/Model.class.php 第 1303 行.
NOTIC: [8] Undefined index: sucess /var/www/mqtt/Application/Home/Controller/DevicesController.class.php 第 75 行.
NOTIC: [8] Undefined index: validate /var/www/mqtt/ThinkPHP/Library/Think/Model.class.php 第 1185 行.
NOTIC: [8] Undefined index: uuid /var/www/mqtt/ThinkPHP/Library/Think/Model.class.php 第 1303 行.
NOTIC: [8] Undefined index: sucess /var/www/mqtt/Application/Home/Controller/DevicesController.class.php 第 75 行.
NOTIC: [8] Undefined index: validate /var/www/mqtt/ThinkPHP/Library/Think/Model.class.php 第 1185 行.
NOTIC: [8] Undefined index: uuid /var/www/mqtt/ThinkPHP/Library/Think/Model.class.php 第 1303 行.
NOTIC: [8] Undefined index: sucess /var/www/mqtt/Application/Home/Controller/DevicesController.class.php 第 75 行.
NOTIC: [8] Undefined index: validate /var/www/mqtt/ThinkPHP/Library/Think/Model.class.php 第 1185 行.
NOTIC: [8] Undefined index: uuid /var/www/mqtt/ThinkPHP/Library/Think/Model.class.php 第 1303 行.
NOTIC: [8] Undefined index: sucess /var/www/mqtt/Application/Home/Controller/DevicesController.class.php 第 75 行.
NOTIC: [8] Undefined index: validate /var/www/mqtt/ThinkPHP/Library/Think/Model.class.php 第 1185 行.
NOTIC: [8] Undefined index: uuid /var/www/mqtt/ThinkPHP/Library/Think/Model.class.php 第 1303 行.
NOTIC: [8] Undefined index: sucess /var/www/mqtt/Application/Home/Controller/DevicesController.class.php 第 75 行.
NOTIC: [8] Undefined index: validate /var/www/mqtt/ThinkPHP/Library/Think/Model.class.php 第 1185 行.
NOTIC: [8] Undefined index: uuid /var/www/mqtt/ThinkPHP/Library/Think/Model.class.php 第 1303 行.
NOTIC: [8] Undefined index: sucess /var/www/mqtt/Application/Home/Controller/DevicesController.class.php 第 75 行.
NOTIC: [8] Undefined index: validate /var/www/mqtt/ThinkPHP/Library/Think/Model.class.php 第 1185 行.
NOTIC: [8] Undefined index: uuid /var/www/mqtt/ThinkPHP/Library/Think/Model.class.php 第 1303 行.
NOTIC: [8] Undefined index: sucess /var/www/mqtt/Application/Home/Controller/DevicesController.class.php 第 75 行.
NOTIC: [8] Undefined index: validate /var/www/mqtt/ThinkPHP/Library/Think/Model.class.php 第 1185 行.
NOTIC: [8] Undefined index: uuid /var/www/mqtt/ThinkPHP/Library/Think/Model.class.php 第 1303 行.
NOTIC: [8] Undefined index: sucess /var/www/mqtt/Application/Home/Controller/DevicesController.class.php 第 75 行.
NOTIC: [8] Undefined index: validate /var/www/mqtt/ThinkPHP/Library/Think/Model.class.php 第 1185 行.
NOTIC: [8] Undefined index: uuid /var/www/mqtt/ThinkPHP/Library/Think/Model.class.php 第 1303 行.
NOTIC: [8] Undefined index: sucess /var/www/mqtt/Application/Home/Controller/DevicesController.class.php 第 75 行.
NOTIC: [8] Undefined index: validate /var/www/mqtt/ThinkPHP/Library/Think/Model.class.php 第 1185 行.
NOTIC: [8] Undefined index: uuid /var/www/mqtt/ThinkPHP/Library/Think/Model.class.php 第 1303 行.
NOTIC: [8] Undefined index: sucess /var/www/mqtt/Application/Home/Controller/DevicesController.class.php 第 75 行.
NOTIC: [8] Undefined index: validate /var/www/mqtt/ThinkPHP/Library/Think/Model.class.php 第 1185 行.
NOTIC: [8] Undefined index: uuid /var/www/mqtt/ThinkPHP/Library/Think/Model.class.php 第 1303 行.
NOTIC: [8] Undefined index: sucess /var/www/mqtt/Application/Home/Controller/DevicesController.class.php 第 75 行.
NOTIC: [8] Undefined index: validate /var/www/mqtt/ThinkPHP/Library/Think/Model.class.php 第 1185 行.
NOTIC: [8] Undefined index: uuid /var/www/mqtt/ThinkPHP/Library/Think/Model.class.php 第 1303 行.
NOTIC: [8] Undefined index: sucess /var/www/mqtt/Application/Home/Controller/DevicesController.class.php 第 75 行.
NOTIC: [8] Undefined index: validate /var/www/mqtt/ThinkPHP/Library/Think/Model.class.php 第 1185 行.
NOTIC: [8] Undefined index: uuid /var/www/mqtt/ThinkPHP/Library/Think/Model.class.php 第 1303 行.
NOTIC: [8] Undefined index: sucess /var/www/mqtt/Application/Home/Controller/DevicesController.class.php 第 75 行.
NOTIC: [8] Undefined index: validate /var/www/mqtt/ThinkPHP/Library/Think/Model.class.php 第 1185 行.
NOTIC: [8] Undefined index: uuid /var/www/mqtt/ThinkPHP/Library/Think/Model.class.php 第 1303 行.
NOTIC: [8] Undefined index: sucess /var/www/mqtt/Application/Home/Controller/DevicesController.class.php 第 75 行.
NOTIC: [8] Undefined index: validate /var/www/mqtt/ThinkPHP/Library/Think/Model.class.php 第 1185 行.
NOTIC: [8] Undefined index: uuid /var/www/mqtt/ThinkPHP/Library/Think/Model.class.php 第 1303 行.
NOTIC: [8] Undefined index: sucess /var/www/mqtt/Application/Home/Controller/DevicesController.class.php 第 75 行.
NOTIC: [8] Undefined index: validate /var/www/mqtt/ThinkPHP/Library/Think/Model.class.php 第 1185 行.
NOTIC: [8] Undefined index: uuid /var/www/mqtt/ThinkPHP/Library/Think/Model.class.php 第 1303 行.
NOTIC: [8] Undefined index: sucess /var/www/mqtt/Application/Home/Controller/DevicesController.class.php 第 75 行.
NOTIC: [8] Undefined index: validate /var/www/mqtt/ThinkPHP/Library/Think/Model.class.php 第 1185 行.
NOTIC: [8] Undefined index: uuid /var/www/mqtt/ThinkPHP/Library/Think/Model.class.php 第 1303 行.
NOTIC: [8] Undefined index: sucess /var/www/mqtt/Application/Home/Controller/DevicesController.class.php 第 75 行.
NOTIC: [8] Undefined index: validate /var/www/mqtt/ThinkPHP/Library/Think/Model.class.php 第 1185 行.
NOTIC: [8] Undefined index: uuid /var/www/mqtt/ThinkPHP/Library/Think/Model.class.php 第 1303 行.
NOTIC: [8] Undefined index: sucess /var/www/mqtt/Application/Home/Controller/DevicesController.class.php 第 75 行.
NOTIC: [8] Undefined index: validate /var/www/mqtt/ThinkPHP/Library/Think/Model.class.php 第 1185 行.
NOTIC: [8] Undefined index: uuid /var/www/mqtt/ThinkPHP/Library/Think/Model.class.php 第 1303 行.
NOTIC: [8] Undefined index: sucess /var/www/mqtt/Application/Home/Controller/DevicesController.class.php 第 75 行.
NOTIC: [8] Undefined index: validate /var/www/mqtt/ThinkPHP/Library/Think/Model.class.php 第 1185 行.
NOTIC: [8] Undefined index: uuid /var/www/mqtt/ThinkPHP/Library/Think/Model.class.php 第 1303 行.
NOTIC: [8] Undefined index: sucess /var/www/mqtt/Application/Home/Controller/DevicesController.class.php 第 75 行.
NOTIC: [8] Undefined index: validate /var/www/mqtt/ThinkPHP/Library/Think/Model.class.php 第 1185 行.
NOTIC: [8] Undefined index: uuid /var/www/mqtt/ThinkPHP/Library/Think/Model.class.php 第 1303 行.
NOTIC: [8] Undefined index: sucess /var/www/mqtt/Application/Home/Controller/DevicesController.class.php 第 75 行.
NOTIC: [8] Undefined index: validate /var/www/mqtt/ThinkPHP/Library/Think/Model.class.php 第 1185 行.
NOTIC: [8] Undefined index: uuid /var/www/mqtt/ThinkPHP/Library/Think/Model.class.php 第 1303 行.
NOTIC: [8] Undefined index: sucess /var/www/mqtt/Application/Home/Controller/DevicesController.class.php 第 75 行.
NOTIC: [8] Undefined index: validate /var/www/mqtt/ThinkPHP/Library/Think/Model.class.php 第 1185 行.
NOTIC: [8] Undefined index: uuid /var/www/mqtt/ThinkPHP/Library/Think/Model.class.php 第 1303 行.
NOTIC: [8] Undefined index: sucess /var/www/mqtt/Application/Home/Controller/DevicesController.class.php 第 75 行.
NOTIC: [8] Undefined index: validate /var/www/mqtt/ThinkPHP/Library/Think/Model.class.php 第 1185 行.
NOTIC: [8] Undefined index: uuid /var/www/mqtt/ThinkPHP/Library/Think/Model.class.php 第 1303 行.
NOTIC: [8] Undefined index: sucess /var/www/mqtt/Application/Home/Controller/DevicesController.class.php 第 75 行.
NOTIC: [8] Undefined index: validate /var/www/mqtt/ThinkPHP/Library/Think/Model.class.php 第 1185 行.
NOTIC: [8] Undefined index: uuid /var/www/mqtt/ThinkPHP/Library/Think/Model.class.php 第 1303 行.
NOTIC: [8] Undefined index: sucess /var/www/mqtt/Application/Home/Controller/DevicesController.class.php 第 75 行.
NOTIC: [8] Undefined index: validate /var/www/mqtt/ThinkPHP/Library/Think/Model.class.php 第 1185 行.
NOTIC: [8] Undefined index: uuid /var/www/mqtt/ThinkPHP/Library/Think/Model.class.php 第 1303 行.
NOTIC: [8] Undefined index: sucess /var/www/mqtt/Application/Home/Controller/DevicesController.class.php 第 75 行.
NOTIC: [8] Undefined index: validate /var/www/mqtt/ThinkPHP/Library/Think/Model.class.php 第 1185 行.
NOTIC: [8] Undefined index: uuid /var/www/mqtt/ThinkPHP/Library/Think/Model.class.php 第 1303 行.
NOTIC: [8] Undefined index: sucess /var/www/mqtt/Application/Home/Controller/DevicesController.class.php 第 75 行.
NOTIC: [8] Undefined index: validate /var/www/mqtt/ThinkPHP/Library/Think/Model.class.php 第 1185 行.
NOTIC: [8] Undefined index: uuid /var/www/mqtt/ThinkPHP/Library/Think/Model.class.php 第 1303 行.
NOTIC: [8] Undefined index: sucess /var/www/mqtt/Application/Home/Controller/DevicesController.class.php 第 75 行.
NOTIC: [8] Undefined index: validate /var/www/mqtt/ThinkPHP/Library/Think/Model.class.php 第 1185 行.
NOTIC: [8] Undefined index: uuid /var/www/mqtt/ThinkPHP/Library/Think/Model.class.php 第 1303 行.
NOTIC: [8] Undefined index: sucess /var/www/mqtt/Application/Home/Controller/DevicesController.class.php 第 75 行.
NOTIC: [8] Undefined index: validate /var/www/mqtt/ThinkPHP/Library/Think/Model.class.php 第 1185 行.
NOTIC: [8] Undefined index: uuid /var/www/mqtt/ThinkPHP/Library/Think/Model.class.php 第 1303 行.
NOTIC: [8] Undefined index: sucess /var/www/mqtt/Application/Home/Controller/DevicesController.class.php 第 75 行.
NOTIC: [8] Undefined index: validate /var/www/mqtt/ThinkPHP/Library/Think/Model.class.php 第 1185 行.
NOTIC: [8] Undefined index: uuid /var/www/mqtt/ThinkPHP/Library/Think/Model.class.php 第 1303 行.
NOTIC: [8] Undefined index: sucess /var/www/mqtt/Application/Home/Controller/DevicesController.class.php 第 75 行.
NOTIC: [8] Undefined index: validate /var/www/mqtt/ThinkPHP/Library/Think/Model.class.php 第 1185 行.
NOTIC: [8] Undefined index: uuid /var/www/mqtt/ThinkPHP/Library/Think/Model.class.php 第 1303 行.
NOTIC: [8] Undefined index: sucess /var/www/mqtt/Application/Home/Controller/DevicesController.class.php 第 75 行.
NOTIC: [8] Undefined index: validate /var/www/mqtt/ThinkPHP/Library/Think/Model.class.php 第 1185 行.
NOTIC: [8] Undefined index: uuid /var/www/mqtt/ThinkPHP/Library/Think/Model.class.php 第 1303 行.
NOTIC: [8] Undefined index: sucess /var/www/mqtt/Application/Home/Controller/DevicesController.class.php 第 75 行.
NOTIC: [8] Undefined index: validate /var/www/mqtt/ThinkPHP/Library/Think/Model.class.php 第 1185 行.
NOTIC: [8] Undefined index: uuid /var/www/mqtt/ThinkPHP/Library/Think/Model.class.php 第 1303 行.
NOTIC: [8] Undefined index: sucess /var/www/mqtt/Application/Home/Controller/DevicesController.class.php 第 75 行.
NOTIC: [8] Undefined index: validate /var/www/mqtt/ThinkPHP/Library/Think/Model.class.php 第 1185 行.
NOTIC: [8] Undefined index: uuid /var/www/mqtt/ThinkPHP/Library/Think/Model.class.php 第 1303 行.
NOTIC: [8] Undefined index: sucess /var/www/mqtt/Application/Home/Controller/DevicesController.class.php 第 75 行.
NOTIC: [8] Undefined index: validate /var/www/mqtt/ThinkPHP/Library/Think/Model.class.php 第 1185 行.
NOTIC: [8] Undefined index: uuid /var/www/mqtt/ThinkPHP/Library/Think/Model.class.php 第 1303 行.
NOTIC: [8] Undefined index: sucess /var/www/mqtt/Application/Home/Controller/DevicesController.class.php 第 75 行.
NOTIC: [8] Undefined index: validate /var/www/mqtt/ThinkPHP/Library/Think/Model.class.php 第 1185 行.
NOTIC: [8] Undefined index: uuid /var/www/mqtt/ThinkPHP/Library/Think/Model.class.php 第 1303 行.
NOTIC: [8] Undefined index: sucess /var/www/mqtt/Application/Home/Controller/DevicesController.class.php 第 75 行.
NOTIC: [8] Undefined index: validate /var/www/mqtt/ThinkPHP/Library/Think/Model.class.php 第 1185 行.
NOTIC: [8] Undefined index: uuid /var/www/mqtt/ThinkPHP/Library/Think/Model.class.php 第 1303 行.
NOTIC: [8] Undefined index: sucess /var/www/mqtt/Application/Home/Controller/DevicesController.class.php 第 75 行.
NOTIC: [8] Undefined index: validate /var/www/mqtt/ThinkPHP/Library/Think/Model.class.php 第 1185 行.
NOTIC: [8] Undefined index: uuid /var/www/mqtt/ThinkPHP/Library/Think/Model.class.php 第 1303 行.
NOTIC: [8] Undefined index: sucess /var/www/mqtt/Application/Home/Controller/DevicesController.class.php 第 75 行.
NOTIC: [8] Undefined index: validate /var/www/mqtt/ThinkPHP/Library/Think/Model.class.php 第 1185 行.
NOTIC: [8] Undefined index: uuid /var/www/mqtt/ThinkPHP/Library/Think/Model.class.php 第 1303 行.
NOTIC: [8] Undefined index: sucess /var/www/mqtt/Application/Home/Controller/DevicesController.class.php 第 75 行.
NOTIC: [8] Undefined index: validate /var/www/mqtt/ThinkPHP/Library/Think/Model.class.php 第 1185 行.
NOTIC: [8] Undefined index: uuid /var/www/mqtt/ThinkPHP/Library/Think/Model.class.php 第 1303 行.
NOTIC: [8] Undefined index: sucess /var/www/mqtt/Application/Home/Controller/DevicesController.class.php 第 75 行.
NOTIC: [8] Undefined index: validate /var/www/mqtt/ThinkPHP/Library/Think/Model.class.php 第 1185 行.
NOTIC: [8] Undefined index: uuid /var/www/mqtt/ThinkPHP/Library/Think/Model.class.php 第 1303 行.
NOTIC: [8] Undefined index: sucess /var/www/mqtt/Application/Home/Controller/DevicesController.class.php 第 75 行.
NOTIC: [8] Undefined index: validate /var/www/mqtt/ThinkPHP/Library/Think/Model.class.php 第 1185 行.
NOTIC: [8] Undefined index: uuid /var/www/mqtt/ThinkPHP/Library/Think/Model.class.php 第 1303 行.
NOTIC: [8] Undefined index: sucess /var/www/mqtt/Application/Home/Controller/DevicesController.class.php 第 75 行.
NOTIC: [8] Undefined index: validate /var/www/mqtt/ThinkPHP/Library/Think/Model.class.php 第 1185 行.
NOTIC: [8] Undefined index: uuid /var/www/mqtt/ThinkPHP/Library/Think/Model.class.php 第 1303 行.
NOTIC: [8] Undefined index: sucess /var/www/mqtt/Application/Home/Controller/DevicesController.class.php 第 75 行.
NOTIC: [8] Undefined index: validate /var/www/mqtt/ThinkPHP/Library/Think/Model.class.php 第 1185 行.
NOTIC: [8] Undefined index: uuid /var/www/mqtt/ThinkPHP/Library/Think/Model.class.php 第 1303 行.
NOTIC: [8] Undefined index: sucess /var/www/mqtt/Application/Home/Controller/DevicesController.class.php 第 75 行.
NOTIC: [8] Undefined index: validate /var/www/mqtt/ThinkPHP/Library/Think/Model.class.php 第 1185 行.
NOTIC: [8] Undefined index: uuid /var/www/mqtt/ThinkPHP/Library/Think/Model.class.php 第 1303 行.
NOTIC: [8] Undefined index: sucess /var/www/mqtt/Application/Home/Controller/DevicesController.class.php 第 75 行.
NOTIC: [8] Undefined index: validate /var/www/mqtt/ThinkPHP/Library/Think/Model.class.php 第 1185 行.
NOTIC: [8] Undefined index: uuid /var/www/mqtt/ThinkPHP/Library/Think/Model.class.php 第 1303 行.
NOTIC: [8] Undefined index: sucess /var/www/mqtt/Application/Home/Controller/DevicesController.class.php 第 75 行.
NOTIC: [8] Undefined index: validate /var/www/mqtt/ThinkPHP/Library/Think/Model.class.php 第 1185 行.
NOTIC: [8] Undefined index: uuid /var/www/mqtt/ThinkPHP/Library/Think/Model.class.php 第 1303 行.
NOTIC: [8] Undefined index: sucess /var/www/mqtt/Application/Home/Controller/DevicesController.class.php 第 75 行.
NOTIC: [8] Undefined index: validate /var/www/mqtt/ThinkPHP/Library/Think/Model.class.php 第 1185 行.
NOTIC: [8] Undefined index: uuid /var/www/mqtt/ThinkPHP/Library/Think/Model.class.php 第 1303 行.
NOTIC: [8] Undefined index: sucess /var/www/mqtt/Application/Home/Controller/DevicesController.class.php 第 75 行.
NOTIC: [8] Undefined index: validate /var/www/mqtt/ThinkPHP/Library/Think/Model.class.php 第 1185 行.
NOTIC: [8] Undefined index: uuid /var/www/mqtt/ThinkPHP/Library/Think/Model.class.php 第 1303 行.
NOTIC: [8] Undefined index: sucess /var/www/mqtt/Application/Home/Controller/DevicesController.class.php 第 75 行.
NOTIC: [8] Undefined index: validate /var/www/mqtt/ThinkPHP/Library/Think/Model.class.php 第 1185 行.
NOTIC: [8] Undefined index: uuid /var/www/mqtt/ThinkPHP/Library/Think/Model.class.php 第 1303 行.
NOTIC: [8] Undefined index: sucess /var/www/mqtt/Application/Home/Controller/DevicesController.class.php 第 75 行.
NOTIC: [8] Undefined index: validate /var/www/mqtt/ThinkPHP/Library/Think/Model.class.php 第 1185 行.
NOTIC: [8] Undefined index: uuid /var/www/mqtt/ThinkPHP/Library/Think/Model.class.php 第 1303 行.
NOTIC: [8] Undefined index: sucess /var/www/mqtt/Application/Home/Controller/DevicesController.class.php 第 75 行.
NOTIC: [8] Undefined index: validate /var/www/mqtt/ThinkPHP/Library/Think/Model.class.php 第 1185 行.
NOTIC: [8] Undefined index: uuid /var/www/mqtt/ThinkPHP/Library/Think/Model.class.php 第 1303 行.
NOTIC: [8] Undefined index: sucess /var/www/mqtt/Application/Home/Controller/DevicesController.class.php 第 75 行.
NOTIC: [8] Undefined index: validate /var/www/mqtt/ThinkPHP/Library/Think/Model.class.php 第 1185 行.
NOTIC: [8] Undefined index: uuid /var/www/mqtt/ThinkPHP/Library/Think/Model.class.php 第 1303 行.
NOTIC: [8] Undefined index: sucess /var/www/mqtt/Application/Home/Controller/DevicesController.class.php 第 75 行.
NOTIC: [8] Undefined index: validate /var/www/mqtt/ThinkPHP/Library/Think/Model.class.php 第 1185 行.
NOTIC: [8] Undefined index: uuid /var/www/mqtt/ThinkPHP/Library/Think/Model.class.php 第 1303 行.
NOTIC: [8] Undefined index: sucess /var/www/mqtt/Application/Home/Controller/DevicesController.class.php 第 75 行.
NOTIC: [8] Undefined index: validate /var/www/mqtt/ThinkPHP/Library/Think/Model.class.php 第 1185 行.
NOTIC: [8] Undefined index: uuid /var/www/mqtt/ThinkPHP/Library/Think/Model.class.php 第 1303 行.
NOTIC: [8] Undefined index: sucess /var/www/mqtt/Application/Home/Controller/DevicesController.class.php 第 75 行.
NOTIC: [8] Undefined index: validate /var/www/mqtt/ThinkPHP/Library/Think/Model.class.php 第 1185 行.
NOTIC: [8] Undefined index: uuid /var/www/mqtt/ThinkPHP/Library/Think/Model.class.php 第 1303 行.
NOTIC: [8] Undefined index: sucess /var/www/mqtt/Application/Home/Controller/DevicesController.class.php 第 75 行.
NOTIC: [8] Undefined index: validate /var/www/mqtt/ThinkPHP/Library/Think/Model.class.php 第 1185 行.
NOTIC: [8] Undefined index: uuid /var/www/mqtt/ThinkPHP/Library/Think/Model.class.php 第 1303 行.
NOTIC: [8] Undefined index: sucess /var/www/mqtt/Application/Home/Controller/DevicesController.class.php 第 75 行.
NOTIC: [8] Undefined index: validate /var/www/mqtt/ThinkPHP/Library/Think/Model.class.php 第 1185 行.
NOTIC: [8] Undefined index: uuid /var/www/mqtt/ThinkPHP/Library/Think/Model.class.php 第 1303 行.
NOTIC: [8] Undefined index: sucess /var/www/mqtt/Application/Home/Controller/DevicesController.class.php 第 75 行.
NOTIC: [8] Undefined index: validate /var/www/mqtt/ThinkPHP/Library/Think/Model.class.php 第 1185 行.
NOTIC: [8] Undefined index: uuid /var/www/mqtt/ThinkPHP/Library/Think/Model.class.php 第 1303 行.
NOTIC: [8] Undefined index: sucess /var/www/mqtt/Application/Home/Controller/DevicesController.class.php 第 75 行.
NOTIC: [8] Undefined index: validate /var/www/mqtt/ThinkPHP/Library/Think/Model.class.php 第 1185 行.
NOTIC: [8] Undefined index: uuid /var/www/mqtt/ThinkPHP/Library/Think/Model.class.php 第 1303 行.
NOTIC: [8] Undefined index: sucess /var/www/mqtt/Application/Home/Controller/DevicesController.class.php 第 75 行.
NOTIC: [8] Undefined index: validate /var/www/mqtt/ThinkPHP/Library/Think/Model.class.php 第 1185 行.
NOTIC: [8] Undefined index: uuid /var/www/mqtt/ThinkPHP/Library/Think/Model.class.php 第 1303 行.
NOTIC: [8] Undefined index: sucess /var/www/mqtt/Application/Home/Controller/DevicesController.class.php 第 75 行.
NOTIC: [8] Undefined index: validate /var/www/mqtt/ThinkPHP/Library/Think/Model.class.php 第 1185 行.
NOTIC: [8] Undefined index: uuid /var/www/mqtt/ThinkPHP/Library/Think/Model.class.php 第 1303 行.
NOTIC: [8] Undefined index: sucess /var/www/mqtt/Application/Home/Controller/DevicesController.class.php 第 75 行.
NOTIC: [8] Undefined index: validate /var/www/mqtt/ThinkPHP/Library/Think/Model.class.php 第 1185 行.
NOTIC: [8] Undefined index: uuid /var/www/mqtt/ThinkPHP/Library/Think/Model.class.php 第 1303 行.
NOTIC: [8] Undefined index: sucess /var/www/mqtt/Application/Home/Controller/DevicesController.class.php 第 75 行.
NOTIC: [8] Undefined index: validate /var/www/mqtt/ThinkPHP/Library/Think/Model.class.php 第 1185 行.
NOTIC: [8] Undefined index: uuid /var/www/mqtt/ThinkPHP/Library/Think/Model.class.php 第 1303 行.
NOTIC: [8] Undefined index: sucess /var/www/mqtt/Application/Home/Controller/DevicesController.class.php 第 75 行.
NOTIC: [8] Undefined index: validate /var/www/mqtt/ThinkPHP/Library/Think/Model.class.php 第 1185 行.
NOTIC: [8] Undefined index: uuid /var/www/mqtt/ThinkPHP/Library/Think/Model.class.php 第 1303 行.
NOTIC: [8] Undefined index: sucess /var/www/mqtt/Application/Home/Controller/DevicesController.class.php 第 75 行.
NOTIC: [8] Undefined index: validate /var/www/mqtt/ThinkPHP/Library/Think/Model.class.php 第 1185 行.
NOTIC: [8] Undefined index: uuid /var/www/mqtt/ThinkPHP/Library/Think/Model.class.php 第 1303 行.
NOTIC: [8] Undefined index: sucess /var/www/mqtt/Application/Home/Controller/DevicesController.class.php 第 75 行.
NOTIC: [8] Undefined index: validate /var/www/mqtt/ThinkPHP/Library/Think/Model.class.php 第 1185 行.
NOTIC: [8] Undefined index: uuid /var/www/mqtt/ThinkPHP/Library/Think/Model.class.php 第 1303 行.
NOTIC: [8] Undefined index: sucess /var/www/mqtt/Application/Home/Controller/DevicesController.class.php 第 75 行.
NOTIC: [8] Undefined index: validate /var/www/mqtt/ThinkPHP/Library/Think/Model.class.php 第 1185 行.
NOTIC: [8] Undefined index: uuid /var/www/mqtt/ThinkPHP/Library/Think/Model.class.php 第 1303 行.
NOTIC: [8] Undefined index: sucess /var/www/mqtt/Application/Home/Controller/DevicesController.class.php 第 75 行.
NOTIC: [8] Undefined index: validate /var/www/mqtt/ThinkPHP/Library/Think/Model.class.php 第 1185 行.
NOTIC: [8] Undefined index: uuid /var/www/mqtt/ThinkPHP/Library/Think/Model.class.php 第 1303 行.
NOTIC: [8] Undefined index: sucess /var/www/mqtt/Application/Home/Controller/DevicesController.class.php 第 75 行.
NOTIC: [8] Undefined index: validate /var/www/mqtt/ThinkPHP/Library/Think/Model.class.php 第 1185 行.
NOTIC: [8] Undefined index: uuid /var/www/mqtt/ThinkPHP/Library/Think/Model.class.php 第 1303 行.
NOTIC: [8] Undefined index: sucess /var/www/mqtt/Application/Home/Controller/DevicesController.class.php 第 75 行.
NOTIC: [8] Undefined index: validate /var/www/mqtt/ThinkPHP/Library/Think/Model.class.php 第 1185 行.
NOTIC: [8] Undefined index: uuid /var/www/mqtt/ThinkPHP/Library/Think/Model.class.php 第 1303 行.
NOTIC: [8] Undefined index: sucess /var/www/mqtt/Application/Home/Controller/DevicesController.class.php 第 75 行.
NOTIC: [8] Undefined index: validate /var/www/mqtt/ThinkPHP/Library/Think/Model.class.php 第 1185 行.
NOTIC: [8] Undefined index: uuid /var/www/mqtt/ThinkPHP/Library/Think/Model.class.php 第 1303 行.
NOTIC: [8] Undefined index: sucess /var/www/mqtt/Application/Home/Controller/DevicesController.class.php 第 75 行.
NOTIC: [8] Undefined index: validate /var/www/mqtt/ThinkPHP/Library/Think/Model.class.php 第 1185 行.
NOTIC: [8] Undefined index: uuid /var/www/mqtt/ThinkPHP/Library/Think/Model.class.php 第 1303 行.
NOTIC: [8] Undefined index: sucess /var/www/mqtt/Application/Home/Controller/DevicesController.class.php 第 75 行.
NOTIC: [8] Undefined index: validate /var/www/mqtt/ThinkPHP/Library/Think/Model.class.php 第 1185 行.
NOTIC: [8] Undefined index: uuid /var/www/mqtt/ThinkPHP/Library/Think/Model.class.php 第 1303 行.
NOTIC: [8] Undefined index: sucess /var/www/mqtt/Application/Home/Controller/DevicesController.class.php 第 75 行.
NOTIC: [8] Undefined index: validate /var/www/mqtt/ThinkPHP/Library/Think/Model.class.php 第 1185 行.
NOTIC: [8] Undefined index: uuid /var/www/mqtt/ThinkPHP/Library/Think/Model.class.php 第 1303 行.
NOTIC: [8] Undefined index: sucess /var/www/mqtt/Application/Home/Controller/DevicesController.class.php 第 75 行.
NOTIC: [8] Undefined index: validate /var/www/mqtt/ThinkPHP/Library/Think/Model.class.php 第 1185 行.
NOTIC: [8] Undefined index: uuid /var/www/mqtt/ThinkPHP/Library/Think/Model.class.php 第 1303 行.
NOTIC: [8] Undefined index: sucess /var/www/mqtt/Application/Home/Controller/DevicesController.class.php 第 75 行.
NOTIC: [8] Undefined index: validate /var/www/mqtt/ThinkPHP/Library/Think/Model.class.php 第 1185 行.
NOTIC: [8] Undefined index: uuid /var/www/mqtt/ThinkPHP/Library/Think/Model.class.php 第 1303 行.
NOTIC: [8] Undefined index: sucess /var/www/mqtt/Application/Home/Controller/DevicesController.class.php 第 75 行.
NOTIC: [8] Undefined index: validate /var/www/mqtt/ThinkPHP/Library/Think/Model.class.php 第 1185 行.
NOTIC: [8] Undefined index: uuid /var/www/mqtt/ThinkPHP/Library/Think/Model.class.php 第 1303 行.
NOTIC: [8] Undefined index: sucess /var/www/mqtt/Application/Home/Controller/DevicesController.class.php 第 75 行.
NOTIC: [8] Undefined index: validate /var/www/mqtt/ThinkPHP/Library/Think/Model.class.php 第 1185 行.
NOTIC: [8] Undefined index: uuid /var/www/mqtt/ThinkPHP/Library/Think/Model.class.php 第 1303 行.
NOTIC: [8] Undefined index: sucess /var/www/mqtt/Application/Home/Controller/DevicesController.class.php 第 75 行.
NOTIC: [8] Undefined index: validate /var/www/mqtt/ThinkPHP/Library/Think/Model.class.php 第 1185 行.
NOTIC: [8] Undefined index: uuid /var/www/mqtt/ThinkPHP/Library/Think/Model.class.php 第 1303 行.
NOTIC: [8] Undefined index: sucess /var/www/mqtt/Application/Home/Controller/DevicesController.class.php 第 75 行.
NOTIC: [8] Undefined index: validate /var/www/mqtt/ThinkPHP/Library/Think/Model.class.php 第 1185 行.
NOTIC: [8] Undefined index: uuid /var/www/mqtt/ThinkPHP/Library/Think/Model.class.php 第 1303 行.
NOTIC: [8] Undefined index: sucess /var/www/mqtt/Application/Home/Controller/DevicesController.class.php 第 75 行.
NOTIC: [8] Undefined index: validate /var/www/mqtt/ThinkPHP/Library/Think/Model.class.php 第 1185 行.
NOTIC: [8] Undefined index: uuid /var/www/mqtt/ThinkPHP/Library/Think/Model.class.php 第 1303 行.
NOTIC: [8] Undefined index: sucess /var/www/mqtt/Application/Home/Controller/DevicesController.class.php 第 75 行.
NOTIC: [8] Undefined index: validate /var/www/mqtt/ThinkPHP/Library/Think/Model.class.php 第 1185 行.
NOTIC: [8] Undefined index: uuid /var/www/mqtt/ThinkPHP/Library/Think/Model.class.php 第 1303 行.
NOTIC: [8] Undefined index: sucess /var/www/mqtt/Application/Home/Controller/DevicesController.class.php 第 75 行.
NOTIC: [8] Undefined index: validate /var/www/mqtt/ThinkPHP/Library/Think/Model.class.php 第 1185 行.
NOTIC: [8] Undefined index: uuid /var/www/mqtt/ThinkPHP/Library/Think/Model.class.php 第 1303 行.
NOTIC: [8] Undefined index: sucess /var/www/mqtt/Application/Home/Controller/DevicesController.class.php 第 75 行.
NOTIC: [8] Undefined index: validate /var/www/mqtt/ThinkPHP/Library/Think/Model.class.php 第 1185 行.
NOTIC: [8] Undefined index: uuid /var/www/mqtt/ThinkPHP/Library/Think/Model.class.php 第 1303 行.
NOTIC: [8] Undefined index: sucess /var/www/mqtt/Application/Home/Controller/DevicesController.class.php 第 75 行.
NOTIC: [8] Undefined index: validate /var/www/mqtt/ThinkPHP/Library/Think/Model.class.php 第 1185 行.
NOTIC: [8] Undefined index: uuid /var/www/mqtt/ThinkPHP/Library/Think/Model.class.php 第 1303 行.
NOTIC: [8] Undefined index: sucess /var/www/mqtt/Application/Home/Controller/DevicesController.class.php 第 75 行.
NOTIC: [8] Undefined index: validate /var/www/mqtt/ThinkPHP/Library/Think/Model.class.php 第 1185 行.
NOTIC: [8] Undefined index: uuid /var/www/mqtt/ThinkPHP/Library/Think/Model.class.php 第 1303 行.
NOTIC: [8] Undefined index: sucess /var/www/mqtt/Application/Home/Controller/DevicesController.class.php 第 75 行.
NOTIC: [8] Undefined index: validate /var/www/mqtt/ThinkPHP/Library/Think/Model.class.php 第 1185 行.
NOTIC: [8] Undefined index: uuid /var/www/mqtt/ThinkPHP/Library/Think/Model.class.php 第 1303 行.
NOTIC: [8] Undefined index: sucess /var/www/mqtt/Application/Home/Controller/DevicesController.class.php 第 75 行.
NOTIC: [8] Undefined index: validate /var/www/mqtt/ThinkPHP/Library/Think/Model.class.php 第 1185 行.
NOTIC: [8] Undefined index: uuid /var/www/mqtt/ThinkPHP/Library/Think/Model.class.php 第 1303 行.
NOTIC: [8] Undefined index: sucess /var/www/mqtt/Application/Home/Controller/DevicesController.class.php 第 75 行.
NOTIC: [8] Undefined index: validate /var/www/mqtt/ThinkPHP/Library/Think/Model.class.php 第 1185 行.
NOTIC: [8] Undefined index: uuid /var/www/mqtt/ThinkPHP/Library/Think/Model.class.php 第 1303 行.
NOTIC: [8] Undefined index: sucess /var/www/mqtt/Application/Home/Controller/DevicesController.class.php 第 75 行.
NOTIC: [8] Undefined index: validate /var/www/mqtt/ThinkPHP/Library/Think/Model.class.php 第 1185 行.
NOTIC: [8] Undefined index: uuid /var/www/mqtt/ThinkPHP/Library/Think/Model.class.php 第 1303 行.
NOTIC: [8] Undefined index: sucess /var/www/mqtt/Application/Home/Controller/DevicesController.class.php 第 75 行.
NOTIC: [8] Undefined index: validate /var/www/mqtt/ThinkPHP/Library/Think/Model.class.php 第 1185 行.
NOTIC: [8] Undefined index: uuid /var/www/mqtt/ThinkPHP/Library/Think/Model.class.php 第 1303 行.
NOTIC: [8] Undefined index: sucess /var/www/mqtt/Application/Home/Controller/DevicesController.class.php 第 75 行.
NOTIC: [8] Undefined index: validate /var/www/mqtt/ThinkPHP/Library/Think/Model.class.php 第 1185 行.
NOTIC: [8] Undefined index: uuid /var/www/mqtt/ThinkPHP/Library/Think/Model.class.php 第 1303 行.
NOTIC: [8] Undefined index: sucess /var/www/mqtt/Application/Home/Controller/DevicesController.class.php 第 75 行.
NOTIC: [8] Undefined index: validate /var/www/mqtt/ThinkPHP/Library/Think/Model.class.php 第 1185 行.
NOTIC: [8] Undefined index: uuid /var/www/mqtt/ThinkPHP/Library/Think/Model.class.php 第 1303 行.
NOTIC: [8] Undefined index: sucess /var/www/mqtt/Application/Home/Controller/DevicesController.class.php 第 75 行.
NOTIC: [8] Undefined index: validate /var/www/mqtt/ThinkPHP/Library/Think/Model.class.php 第 1185 行.
NOTIC: [8] Undefined index: uuid /var/www/mqtt/ThinkPHP/Library/Think/Model.class.php 第 1303 行.
NOTIC: [8] Undefined index: sucess /var/www/mqtt/Application/Home/Controller/DevicesController.class.php 第 75 行.
NOTIC: [8] Undefined index: validate /var/www/mqtt/ThinkPHP/Library/Think/Model.class.php 第 1185 行.
NOTIC: [8] Undefined index: uuid /var/www/mqtt/ThinkPHP/Library/Think/Model.class.php 第 1303 行.
NOTIC: [8] Undefined index: sucess /var/www/mqtt/Application/Home/Controller/DevicesController.class.php 第 75 行.
NOTIC: [8] Undefined index: validate /var/www/mqtt/ThinkPHP/Library/Think/Model.class.php 第 1185 行.
NOTIC: [8] Undefined index: uuid /var/www/mqtt/ThinkPHP/Library/Think/Model.class.php 第 1303 行.
NOTIC: [8] Undefined index: sucess /var/www/mqtt/Application/Home/Controller/DevicesController.class.php 第 75 行.
NOTIC: [8] Undefined index: validate /var/www/mqtt/ThinkPHP/Library/Think/Model.class.php 第 1185 行.
NOTIC: [8] Undefined index: uuid /var/www/mqtt/ThinkPHP/Library/Think/Model.class.php 第 1303 行.
NOTIC: [8] Undefined index: sucess /var/www/mqtt/Application/Home/Controller/DevicesController.class.php 第 75 行.
NOTIC: [8] Undefined index: validate /var/www/mqtt/ThinkPHP/Library/Think/Model.class.php 第 1185 行.
NOTIC: [8] Undefined index: uuid /var/www/mqtt/ThinkPHP/Library/Think/Model.class.php 第 1303 行.
NOTIC: [8] Undefined index: sucess /var/www/mqtt/Application/Home/Controller/DevicesController.class.php 第 75 行.
NOTIC: [8] Undefined index: validate /var/www/mqtt/ThinkPHP/Library/Think/Model.class.php 第 1185 行.
NOTIC: [8] Undefined index: uuid /var/www/mqtt/ThinkPHP/Library/Think/Model.class.php 第 1303 行.
NOTIC: [8] Undefined index: sucess /var/www/mqtt/Application/Home/Controller/DevicesController.class.php 第 75 行.

[ 2016-08-26T16:03:41+08:00 ] 127.0.0.1 /Public/js/lib/jquery-1.10.2.min.map
ERR: 非法操作:js

[ 2016-08-26T16:04:05+08:00 ] 127.0.0.1 /Public/js/lib/jquery-1.10.2.min.map
ERR: 非法操作:js

[ 2016-08-26T16:07:07+08:00 ] 127.0.0.1 /Public/js/lib/jquery-1.10.2.min.map
ERR: 非法操作:js

[ 2016-08-26T16:08:52+08:00 ] 127.0.0.1 /Public/js/lib/jquery-1.10.2.min.map
ERR: 非法操作:js

[ 2016-08-26T16:12:03+08:00 ] 127.0.0.1 /Public/js/lib/jquery-1.10.2.min.map
ERR: 非法操作:js

[ 2016-08-26T16:41:14+08:00 ] 127.0.0.1 /devices/newpost
INFO: [ app_begin ] --START--
INFO: Run Behavior\ReadHtmlCacheBehavior [ RunTime:0.000020s ]
INFO: [ app_begin ] --END-- [ RunTime:0.000060s ]
SQL: SHOW COLUMNS FROM `yh_devices` [ RunTime:0.0003s ]
NOTIC: [8] Undefined index: validate /var/www/mqtt/ThinkPHP/Library/Think/Model.class.php 第 1185 行.
SQL: SELECT * FROM `yh_devices` WHERE `uuid` = '1' LIMIT 1   [ RunTime:0.0002s ]

[ 2016-08-26T16:47:52+08:00 ] 127.0.0.1 /devices/newpost
INFO: [ app_begin ] --START--
INFO: Run Behavior\ReadHtmlCacheBehavior [ RunTime:0.000019s ]
INFO: [ app_begin ] --END-- [ RunTime:0.000062s ]
SQL: SHOW COLUMNS FROM `yh_devices` [ RunTime:0.0003s ]
NOTIC: [8] Undefined index: validate /var/www/mqtt/ThinkPHP/Library/Think/Model.class.php 第 1185 行.
SQL: SELECT * FROM `yh_devices` WHERE `uuid` = '1' LIMIT 1   [ RunTime:0.0002s ]

[ 2016-08-26T17:41:51+08:00 ] 127.0.0.1 /Public/js/lib/jquery-1.10.2.min.map
ERR: 非法操作:js

[ 2016-08-26T17:42:21+08:00 ] 127.0.0.1 /Public/js/lib/jquery-1.10.2.min.map
ERR: 非法操作:js

[ 2016-08-26T17:42:23+08:00 ] 127.0.0.1 /Public/js/lib/jquery-1.10.2.min.map
ERR: 非法操作:js

[ 2016-08-26T17:42:24+08:00 ] 127.0.0.1 /Public/js/lib/jquery-1.10.2.min.map
ERR: 非法操作:js

[ 2016-08-26T17:42:25+08:00 ] 127.0.0.1 /Public/js/lib/jquery-1.10.2.min.map
ERR: 非法操作:js

[ 2016-08-26T17:42:27+08:00 ] 127.0.0.1 /Public/js/lib/jquery-1.10.2.min.map
ERR: 非法操作:js

[ 2016-08-26T17:42:28+08:00 ] 127.0.0.1 /Public/js/lib/jquery-1.10.2.min.map
ERR: 非法操作:js

[ 2016-08-26T17:42:28+08:00 ] 127.0.0.1 /Public/js/lib/jquery-1.10.2.min.map
ERR: 非法操作:js

[ 2016-08-26T17:42:29+08:00 ] 127.0.0.1 /Public/js/lib/jquery-1.10.2.min.map
ERR: 非法操作:js

[ 2016-08-26T17:42:30+08:00 ] 127.0.0.1 /Public/js/lib/jquery-1.10.2.min.map
ERR: 非法操作:js

[ 2016-08-26T17:42:46+08:00 ] 127.0.0.1 /Public/js/lib/jquery-1.10.2.min.map
ERR: 非法操作:js

[ 2016-08-26T17:42:55+08:00 ] 127.0.0.1 /Public/js/lib/jquery-1.10.2.min.map
ERR: 非法操作:js

[ 2016-08-26T17:44:36+08:00 ] 127.0.0.1 /Public/js/lib/jquery-1.10.2.min.map
ERR: 非法操作:js

[ 2016-08-26T17:44:42+08:00 ] 127.0.0.1 /Public/js/lib/jquery-1.10.2.min.map
ERR: 非法操作:js

[ 2016-08-26T17:44:53+08:00 ] 127.0.0.1 /Public/js/lib/jquery-1.10.2.min.map
ERR: 非法操作:js

[ 2016-08-26T17:44:54+08:00 ] 127.0.0.1 /Public/js/lib/jquery-1.10.2.min.map
ERR: 非法操作:js

[ 2016-08-26T17:45:23+08:00 ] 127.0.0.1 /Public/js/lib/jquery-1.10.2.min.map
ERR: 非法操作:js

