[ 2016-08-29T11:31:29+08:00 ] 127.0.0.1 /devices/newpost
INFO: [ app_begin ] --START--
INFO: Run Behavior\ReadHtmlCacheBehavior [ RunTime:0.000018s ]
INFO: [ app_begin ] --END-- [ RunTime:0.000050s ]
SQL: SHOW COLUMNS FROM `yh_devices` [ RunTime:0.0003s ]
NOTIC: [8] Undefined index: validate /var/www/mqtt/ThinkPHP/Library/Think/Model.class.php 第 1185 行.
SQL: SELECT * FROM `yh_devices` WHERE `uuid` = '4' LIMIT 1   [ RunTime:0.0002s ]
NOTIC: [8] Undefined index: auto /var/www/mqtt/ThinkPHP/Library/Think/Model.class.php 第 1128 行.
SQL: INSERT INTO `yh_devices` (`title`,`uuid`,`description`) VALUES ('3','4','5') [ RunTime:0.0001s ]

[ 2016-08-29T11:31:33+08:00 ] 127.0.0.1 /devices/newpost
INFO: [ app_begin ] --START--
INFO: Run Behavior\ReadHtmlCacheBehavior [ RunTime:0.000016s ]
INFO: [ app_begin ] --END-- [ RunTime:0.000047s ]
SQL: SHOW COLUMNS FROM `yh_devices` [ RunTime:0.0003s ]
NOTIC: [8] Undefined index: validate /var/www/mqtt/ThinkPHP/Library/Think/Model.class.php 第 1185 行.
SQL: SELECT * FROM `yh_devices` WHERE `uuid` = '4' LIMIT 1   [ RunTime:0.0002s ]

[ 2016-08-29T11:31:37+08:00 ] 127.0.0.1 /Public/js/lib/jquery-1.10.2.min.map
ERR: 非法操作:js

[ 2016-08-29T11:31:42+08:00 ] 127.0.0.1 /devices/newpost
INFO: [ app_begin ] --START--
INFO: Run Behavior\ReadHtmlCacheBehavior [ RunTime:0.000017s ]
INFO: [ app_begin ] --END-- [ RunTime:0.000050s ]
SQL: SHOW COLUMNS FROM `yh_devices` [ RunTime:0.0003s ]
NOTIC: [8] Undefined index: validate /var/www/mqtt/ThinkPHP/Library/Think/Model.class.php 第 1185 行.
SQL: SELECT * FROM `yh_devices` WHERE `uuid` = '21331321' LIMIT 1   [ RunTime:0.0001s ]
NOTIC: [8] Undefined index: auto /var/www/mqtt/ThinkPHP/Library/Think/Model.class.php 第 1128 行.
SQL: INSERT INTO `yh_devices` (`title`,`uuid`,`description`) VALUES ('3','21331321','5') [ RunTime:0.0001s ]

[ 2016-08-29T11:35:04+08:00 ] 127.0.0.1 /Public/js/lib/jquery-1.10.2.min.map
ERR: 非法操作:js

[ 2016-08-29T11:35:05+08:00 ] 127.0.0.1 /Public/js/lib/jquery-1.10.2.min.map
ERR: 非法操作:js

[ 2016-08-29T15:11:56+08:00 ] 127.0.0.1 /Public/js/lib/jquery-1.10.2.min.map
ERR: 非法操作:js

[ 2016-08-29T15:29:18+08:00 ] 127.0.0.1 /Public/js/lib/jquery-1.10.2.min.map
ERR: 非法操作:js

[ 2016-08-29T15:29:19+08:00 ] 127.0.0.1 /Public/js/lib/jquery-1.10.2.min.map
ERR: 非法操作:js

[ 2016-08-29T15:32:35+08:00 ] 127.0.0.1 /devices/import
INFO: [ app_begin ] --START--
INFO: Run Behavior\ReadHtmlCacheBehavior [ RunTime:0.000017s ]
INFO: [ app_begin ] --END-- [ RunTime:0.000049s ]
SQL: SHOW COLUMNS FROM `yh_devices` [ RunTime:0.0003s ]
NOTIC: [2] call_user_func() expects parameter 1 to be a valid callback, no array or string given /var/www/mqtt/ThinkPHP/Library/Think/Upload.class.php 第 170 行.
NOTIC: [8] Undefined index: validate /var/www/mqtt/ThinkPHP/Library/Think/Model.class.php 第 1185 行.
NOTIC: [8] Undefined index: uuid /var/www/mqtt/ThinkPHP/Library/Think/Model.class.php 第 1303 行.
NOTIC: [8] Undefined index: sucess /var/www/mqtt/Application/Home/Controller/DevicesController.class.php 第 75 行.
NOTIC: [8] Undefined index: validate /var/www/mqtt/ThinkPHP/Library/Think/Model.class.php 第 1185 行.
NOTIC: [8] Undefined index: uuid /var/www/mqtt/ThinkPHP/Library/Think/Model.class.php 第 1303 行.
NOTIC: [8] Undefined index: sucess /var/www/mqtt/Application/Home/Controller/DevicesController.class.php 第 75 行.
NOTIC: [8] Undefined index: validate /var/www/mqtt/ThinkPHP/Library/Think/Model.class.php 第 1185 行.
NOTIC: [8] Undefined index: uuid /var/www/mqtt/ThinkPHP/Library/Think/Model.class.php 第 1303 行.
NOTIC: [8] Undefined index: sucess /var/www/mqtt/Application/Home/Controller/DevicesController.class.php 第 75 行.
NOTIC: [8] Undefined index: validate /var/www/mqtt/ThinkPHP/Library/Think/Model.class.php 第 1185 行.
NOTIC: [8] Undefined index: uuid /var/www/mqtt/ThinkPHP/Library/Think/Model.class.php 第 1303 行.
NOTIC: [8] Undefined index: sucess /var/www/mqtt/Application/Home/Controller/DevicesController.class.php 第 75 行.
NOTIC: [8] Undefined index: validate /var/www/mqtt/ThinkPHP/Library/Think/Model.class.php 第 1185 行.
NOTIC: [8] Undefined index: uuid /var/www/mqtt/ThinkPHP/Library/Think/Model.class.php 第 1303 行.
NOTIC: [8] Undefined index: sucess /var/www/mqtt/Application/Home/Controller/DevicesController.class.php 第 75 行.
NOTIC: [8] Undefined index: validate /var/www/mqtt/ThinkPHP/Library/Think/Model.class.php 第 1185 行.
NOTIC: [8] Undefined index: uuid /var/www/mqtt/ThinkPHP/Library/Think/Model.class.php 第 1303 行.
NOTIC: [8] Undefined index: sucess /var/www/mqtt/Application/Home/Controller/DevicesController.class.php 第 75 行.
NOTIC: [8] Undefined index: validate /var/www/mqtt/ThinkPHP/Library/Think/Model.class.php 第 1185 行.
NOTIC: [8] Undefined index: uuid /var/www/mqtt/ThinkPHP/Library/Think/Model.class.php 第 1303 行.
NOTIC: [8] Undefined index: sucess /var/www/mqtt/Application/Home/Controller/DevicesController.class.php 第 75 行.
NOTIC: [8] Undefined index: validate /var/www/mqtt/ThinkPHP/Library/Think/Model.class.php 第 1185 行.
NOTIC: [8] Undefined index: uuid /var/www/mqtt/ThinkPHP/Library/Think/Model.class.php 第 1303 行.
NOTIC: [8] Undefined index: sucess /var/www/mqtt/Application/Home/Controller/DevicesController.class.php 第 75 行.
NOTIC: [8] Undefined index: validate /var/www/mqtt/ThinkPHP/Library/Think/Model.class.php 第 1185 行.
NOTIC: [8] Undefined index: uuid /var/www/mqtt/ThinkPHP/Library/Think/Model.class.php 第 1303 行.
NOTIC: [8] Undefined index: sucess /var/www/mqtt/Application/Home/Controller/DevicesController.class.php 第 75 行.
NOTIC: [8] Undefined index: validate /var/www/mqtt/ThinkPHP/Library/Think/Model.class.php 第 1185 行.
NOTIC: [8] Undefined index: uuid /var/www/mqtt/ThinkPHP/Library/Think/Model.class.php 第 1303 行.
NOTIC: [8] Undefined index: sucess /var/www/mqtt/Application/Home/Controller/DevicesController.class.php 第 75 行.
NOTIC: [8] Undefined index: validate /var/www/mqtt/ThinkPHP/Library/Think/Model.class.php 第 1185 行.
NOTIC: [8] Undefined index: uuid /var/www/mqtt/ThinkPHP/Library/Think/Model.class.php 第 1303 行.
NOTIC: [8] Undefined index: sucess /var/www/mqtt/Application/Home/Controller/DevicesController.class.php 第 75 行.
NOTIC: [8] Undefined index: validate /var/www/mqtt/ThinkPHP/Library/Think/Model.class.php 第 1185 行.
NOTIC: [8] Undefined index: uuid /var/www/mqtt/ThinkPHP/Library/Think/Model.class.php 第 1303 行.
NOTIC: [8] Undefined index: sucess /var/www/mqtt/Application/Home/Controller/DevicesController.class.php 第 75 行.
NOTIC: [8] Undefined index: validate /var/www/mqtt/ThinkPHP/Library/Think/Model.class.php 第 1185 行.
NOTIC: [8] Undefined index: uuid /var/www/mqtt/ThinkPHP/Library/Think/Model.class.php 第 1303 行.
NOTIC: [8] Undefined index: sucess /var/www/mqtt/Application/Home/Controller/DevicesController.class.php 第 75 行.
NOTIC: [8] Undefined index: validate /var/www/mqtt/ThinkPHP/Library/Think/Model.class.php 第 1185 行.
NOTIC: [8] Undefined index: uuid /var/www/mqtt/ThinkPHP/Library/Think/Model.class.php 第 1303 行.
NOTIC: [8] Undefined index: sucess /var/www/mqtt/Application/Home/Controller/DevicesController.class.php 第 75 行.
NOTIC: [8] Undefined index: validate /var/www/mqtt/ThinkPHP/Library/Think/Model.class.php 第 1185 行.
NOTIC: [8] Undefined index: uuid /var/www/mqtt/ThinkPHP/Library/Think/Model.class.php 第 1303 行.
NOTIC: [8] Undefined index: sucess /var/www/mqtt/Application/Home/Controller/DevicesController.class.php 第 75 行.
NOTIC: [8] Undefined index: validate /var/www/mqtt/ThinkPHP/Library/Think/Model.class.php 第 1185 行.
NOTIC: [8] Undefined index: uuid /var/www/mqtt/ThinkPHP/Library/Think/Model.class.php 第 1303 行.
NOTIC: [8] Undefined index: sucess /var/www/mqtt/Application/Home/Controller/DevicesController.class.php 第 75 行.
NOTIC: [8] Undefined index: validate /var/www/mqtt/ThinkPHP/Library/Think/Model.class.php 第 1185 行.
NOTIC: [8] Undefined index: uuid /var/www/mqtt/ThinkPHP/Library/Think/Model.class.php 第 1303 行.
NOTIC: [8] Undefined index: sucess /var/www/mqtt/Application/Home/Controller/DevicesController.class.php 第 75 行.
NOTIC: [8] Undefined index: validate /var/www/mqtt/ThinkPHP/Library/Think/Model.class.php 第 1185 行.
NOTIC: [8] Undefined index: uuid /var/www/mqtt/ThinkPHP/Library/Think/Model.class.php 第 1303 行.
NOTIC: [8] Undefined index: sucess /var/www/mqtt/Application/Home/Controller/DevicesController.class.php 第 75 行.
NOTIC: [8] Undefined index: validate /var/www/mqtt/ThinkPHP/Library/Think/Model.class.php 第 1185 行.
NOTIC: [8] Undefined index: uuid /var/www/mqtt/ThinkPHP/Library/Think/Model.class.php 第 1303 行.
NOTIC: [8] Undefined index: sucess /var/www/mqtt/Application/Home/Controller/DevicesController.class.php 第 75 行.
NOTIC: [8] Undefined index: validate /var/www/mqtt/ThinkPHP/Library/Think/Model.class.php 第 1185 行.
NOTIC: [8] Undefined index: uuid /var/www/mqtt/ThinkPHP/Library/Think/Model.class.php 第 1303 行.
NOTIC: [8] Undefined index: sucess /var/www/mqtt/Application/Home/Controller/DevicesController.class.php 第 75 行.
NOTIC: [8] Undefined index: validate /var/www/mqtt/ThinkPHP/Library/Think/Model.class.php 第 1185 行.
NOTIC: [8] Undefined index: uuid /var/www/mqtt/ThinkPHP/Library/Think/Model.class.php 第 1303 行.
NOTIC: [8] Undefined index: sucess /var/www/mqtt/Application/Home/Controller/DevicesController.class.php 第 75 行.
NOTIC: [8] Undefined index: validate /var/www/mqtt/ThinkPHP/Library/Think/Model.class.php 第 1185 行.
NOTIC: [8] Undefined index: uuid /var/www/mqtt/ThinkPHP/Library/Think/Model.class.php 第 1303 行.
NOTIC: [8] Undefined index: sucess /var/www/mqtt/Application/Home/Controller/DevicesController.class.php 第 75 行.
NOTIC: [8] Undefined index: validate /var/www/mqtt/ThinkPHP/Library/Think/Model.class.php 第 1185 行.
NOTIC: [8] Undefined index: uuid /var/www/mqtt/ThinkPHP/Library/Think/Model.class.php 第 1303 行.
NOTIC: [8] Undefined index: sucess /var/www/mqtt/Application/Home/Controller/DevicesController.class.php 第 75 行.
NOTIC: [8] Undefined index: validate /var/www/mqtt/ThinkPHP/Library/Think/Model.class.php 第 1185 行.
NOTIC: [8] Undefined index: uuid /var/www/mqtt/ThinkPHP/Library/Think/Model.class.php 第 1303 行.
NOTIC: [8] Undefined index: sucess /var/www/mqtt/Application/Home/Controller/DevicesController.class.php 第 75 行.
NOTIC: [8] Undefined index: validate /var/www/mqtt/ThinkPHP/Library/Think/Model.class.php 第 1185 行.
NOTIC: [8] Undefined index: uuid /var/www/mqtt/ThinkPHP/Library/Think/Model.class.php 第 1303 行.
NOTIC: [8] Undefined index: sucess /var/www/mqtt/Application/Home/Controller/DevicesController.class.php 第 75 行.
NOTIC: [8] Undefined index: validate /var/www/mqtt/ThinkPHP/Library/Think/Model.class.php 第 1185 行.
NOTIC: [8] Undefined index: uuid /var/www/mqtt/ThinkPHP/Library/Think/Model.class.php 第 1303 行.
NOTIC: [8] Undefined index: sucess /var/www/mqtt/Application/Home/Controller/DevicesController.class.php 第 75 行.
NOTIC: [8] Undefined index: validate /var/www/mqtt/ThinkPHP/Library/Think/Model.class.php 第 1185 行.
NOTIC: [8] Undefined index: uuid /var/www/mqtt/ThinkPHP/Library/Think/Model.class.php 第 1303 行.
NOTIC: [8] Undefined index: sucess /var/www/mqtt/Application/Home/Controller/DevicesController.class.php 第 75 行.
NOTIC: [8] Undefined index: validate /var/www/mqtt/ThinkPHP/Library/Think/Model.class.php 第 1185 行.
NOTIC: [8] Undefined index: uuid /var/www/mqtt/ThinkPHP/Library/Think/Model.class.php 第 1303 行.
NOTIC: [8] Undefined index: sucess /var/www/mqtt/Application/Home/Controller/DevicesController.class.php 第 75 行.
NOTIC: [8] Undefined index: validate /var/www/mqtt/ThinkPHP/Library/Think/Model.class.php 第 1185 行.
NOTIC: [8] Undefined index: uuid /var/www/mqtt/ThinkPHP/Library/Think/Model.class.php 第 1303 行.
NOTIC: [8] Undefined index: sucess /var/www/mqtt/Application/Home/Controller/DevicesController.class.php 第 75 行.
NOTIC: [8] Undefined index: validate /var/www/mqtt/ThinkPHP/Library/Think/Model.class.php 第 1185 行.
NOTIC: [8] Undefined index: uuid /var/www/mqtt/ThinkPHP/Library/Think/Model.class.php 第 1303 行.
NOTIC: [8] Undefined index: sucess /var/www/mqtt/Application/Home/Controller/DevicesController.class.php 第 75 行.
NOTIC: [8] Undefined index: validate /var/www/mqtt/ThinkPHP/Library/Think/Model.class.php 第 1185 行.
NOTIC: [8] Undefined index: uuid /var/www/mqtt/ThinkPHP/Library/Think/Model.class.php 第 1303 行.
NOTIC: [8] Undefined index: sucess /var/www/mqtt/Application/Home/Controller/DevicesController.class.php 第 75 行.
NOTIC: [8] Undefined index: validate /var/www/mqtt/ThinkPHP/Library/Think/Model.class.php 第 1185 行.
NOTIC: [8] Undefined index: uuid /var/www/mqtt/ThinkPHP/Library/Think/Model.class.php 第 1303 行.
NOTIC: [8] Undefined index: sucess /var/www/mqtt/Application/Home/Controller/DevicesController.class.php 第 75 行.
NOTIC: [8] Undefined index: validate /var/www/mqtt/ThinkPHP/Library/Think/Model.class.php 第 1185 行.
NOTIC: [8] Undefined index: uuid /var/www/mqtt/ThinkPHP/Library/Think/Model.class.php 第 1303 行.
NOTIC: [8] Undefined index: sucess /var/www/mqtt/Application/Home/Controller/DevicesController.class.php 第 75 行.
NOTIC: [8] Undefined index: validate /var/www/mqtt/ThinkPHP/Library/Think/Model.class.php 第 1185 行.
NOTIC: [8] Undefined index: uuid /var/www/mqtt/ThinkPHP/Library/Think/Model.class.php 第 1303 行.
NOTIC: [8] Undefined index: sucess /var/www/mqtt/Application/Home/Controller/DevicesController.class.php 第 75 行.
NOTIC: [8] Undefined index: validate /var/www/mqtt/ThinkPHP/Library/Think/Model.class.php 第 1185 行.
NOTIC: [8] Undefined index: uuid /var/www/mqtt/ThinkPHP/Library/Think/Model.class.php 第 1303 行.
NOTIC: [8] Undefined index: sucess /var/www/mqtt/Application/Home/Controller/DevicesController.class.php 第 75 行.
NOTIC: [8] Undefined index: validate /var/www/mqtt/ThinkPHP/Library/Think/Model.class.php 第 1185 行.
NOTIC: [8] Undefined index: uuid /var/www/mqtt/ThinkPHP/Library/Think/Model.class.php 第 1303 行.
NOTIC: [8] Undefined index: sucess /var/www/mqtt/Application/Home/Controller/DevicesController.class.php 第 75 行.
NOTIC: [8] Undefined index: validate /var/www/mqtt/ThinkPHP/Library/Think/Model.class.php 第 1185 行.
NOTIC: [8] Undefined index: uuid /var/www/mqtt/ThinkPHP/Library/Think/Model.class.php 第 1303 行.
NOTIC: [8] Undefined index: sucess /var/www/mqtt/Application/Home/Controller/DevicesController.class.php 第 75 行.
NOTIC: [8] Undefined index: validate /var/www/mqtt/ThinkPHP/Library/Think/Model.class.php 第 1185 行.
NOTIC: [8] Undefined index: uuid /var/www/mqtt/ThinkPHP/Library/Think/Model.class.php 第 1303 行.
NOTIC: [8] Undefined index: sucess /var/www/mqtt/Application/Home/Controller/DevicesController.class.php 第 75 行.
NOTIC: [8] Undefined index: validate /var/www/mqtt/ThinkPHP/Library/Think/Model.class.php 第 1185 行.
NOTIC: [8] Undefined index: uuid /var/www/mqtt/ThinkPHP/Library/Think/Model.class.php 第 1303 行.
NOTIC: [8] Undefined index: sucess /var/www/mqtt/Application/Home/Controller/DevicesController.class.php 第 75 行.
NOTIC: [8] Undefined index: validate /var/www/mqtt/ThinkPHP/Library/Think/Model.class.php 第 1185 行.
NOTIC: [8] Undefined index: uuid /var/www/mqtt/ThinkPHP/Library/Think/Model.class.php 第 1303 行.
NOTIC: [8] Undefined index: sucess /var/www/mqtt/Application/Home/Controller/DevicesController.class.php 第 75 行.
NOTIC: [8] Undefined index: validate /var/www/mqtt/ThinkPHP/Library/Think/Model.class.php 第 1185 行.
NOTIC: [8] Undefined index: uuid /var/www/mqtt/ThinkPHP/Library/Think/Model.class.php 第 1303 行.
NOTIC: [8] Undefined index: sucess /var/www/mqtt/Application/Home/Controller/DevicesController.class.php 第 75 行.
NOTIC: [8] Undefined index: validate /var/www/mqtt/ThinkPHP/Library/Think/Model.class.php 第 1185 行.
NOTIC: [8] Undefined index: uuid /var/www/mqtt/ThinkPHP/Library/Think/Model.class.php 第 1303 行.
NOTIC: [8] Undefined index: sucess /var/www/mqtt/Application/Home/Controller/DevicesController.class.php 第 75 行.
NOTIC: [8] Undefined index: validate /var/www/mqtt/ThinkPHP/Library/Think/Model.class.php 第 1185 行.
NOTIC: [8] Undefined index: uuid /var/www/mqtt/ThinkPHP/Library/Think/Model.class.php 第 1303 行.
NOTIC: [8] Undefined index: sucess /var/www/mqtt/Application/Home/Controller/DevicesController.class.php 第 75 行.
NOTIC: [8] Undefined index: validate /var/www/mqtt/ThinkPHP/Library/Think/Model.class.php 第 1185 行.
NOTIC: [8] Undefined index: uuid /var/www/mqtt/ThinkPHP/Library/Think/Model.class.php 第 1303 行.
NOTIC: [8] Undefined index: sucess /var/www/mqtt/Application/Home/Controller/DevicesController.class.php 第 75 行.
NOTIC: [8] Undefined index: validate /var/www/mqtt/ThinkPHP/Library/Think/Model.class.php 第 1185 行.
NOTIC: [8] Undefined index: uuid /var/www/mqtt/ThinkPHP/Library/Think/Model.class.php 第 1303 行.
NOTIC: [8] Undefined index: sucess /var/www/mqtt/Application/Home/Controller/DevicesController.class.php 第 75 行.
NOTIC: [8] Undefined index: validate /var/www/mqtt/ThinkPHP/Library/Think/Model.class.php 第 1185 行.
NOTIC: [8] Undefined index: uuid /var/www/mqtt/ThinkPHP/Library/Think/Model.class.php 第 1303 行.
NOTIC: [8] Undefined index: sucess /var/www/mqtt/Application/Home/Controller/DevicesController.class.php 第 75 行.
NOTIC: [8] Undefined index: validate /var/www/mqtt/ThinkPHP/Library/Think/Model.class.php 第 1185 行.
NOTIC: [8] Undefined index: uuid /var/www/mqtt/ThinkPHP/Library/Think/Model.class.php 第 1303 行.
NOTIC: [8] Undefined index: sucess /var/www/mqtt/Application/Home/Controller/DevicesController.class.php 第 75 行.
NOTIC: [8] Undefined index: validate /var/www/mqtt/ThinkPHP/Library/Think/Model.class.php 第 1185 行.
NOTIC: [8] Undefined index: uuid /var/www/mqtt/ThinkPHP/Library/Think/Model.class.php 第 1303 行.
NOTIC: [8] Undefined index: sucess /var/www/mqtt/Application/Home/Controller/DevicesController.class.php 第 75 行.
NOTIC: [8] Undefined index: validate /var/www/mqtt/ThinkPHP/Library/Think/Model.class.php 第 1185 行.
NOTIC: [8] Undefined index: uuid /var/www/mqtt/ThinkPHP/Library/Think/Model.class.php 第 1303 行.
NOTIC: [8] Undefined index: sucess /var/www/mqtt/Application/Home/Controller/DevicesController.class.php 第 75 行.
NOTIC: [8] Undefined index: validate /var/www/mqtt/ThinkPHP/Library/Think/Model.class.php 第 1185 行.
NOTIC: [8] Undefined index: uuid /var/www/mqtt/ThinkPHP/Library/Think/Model.class.php 第 1303 行.
NOTIC: [8] Undefined index: sucess /var/www/mqtt/Application/Home/Controller/DevicesController.class.php 第 75 行.
NOTIC: [8] Undefined index: validate /var/www/mqtt/ThinkPHP/Library/Think/Model.class.php 第 1185 行.
NOTIC: [8] Undefined index: uuid /var/www/mqtt/ThinkPHP/Library/Think/Model.class.php 第 1303 行.
NOTIC: [8] Undefined index: sucess /var/www/mqtt/Application/Home/Controller/DevicesController.class.php 第 75 行.
NOTIC: [8] Undefined index: validate /var/www/mqtt/ThinkPHP/Library/Think/Model.class.php 第 1185 行.
NOTIC: [8] Undefined index: uuid /var/www/mqtt/ThinkPHP/Library/Think/Model.class.php 第 1303 行.
NOTIC: [8] Undefined index: sucess /var/www/mqtt/Application/Home/Controller/DevicesController.class.php 第 75 行.
NOTIC: [8] Undefined index: validate /var/www/mqtt/ThinkPHP/Library/Think/Model.class.php 第 1185 行.
NOTIC: [8] Undefined index: uuid /var/www/mqtt/ThinkPHP/Library/Think/Model.class.php 第 1303 行.
NOTIC: [8] Undefined index: sucess /var/www/mqtt/Application/Home/Controller/DevicesController.class.php 第 75 行.
NOTIC: [8] Undefined index: validate /var/www/mqtt/ThinkPHP/Library/Think/Model.class.php 第 1185 行.
NOTIC: [8] Undefined index: uuid /var/www/mqtt/ThinkPHP/Library/Think/Model.class.php 第 1303 行.
NOTIC: [8] Undefined index: sucess /var/www/mqtt/Application/Home/Controller/DevicesController.class.php 第 75 行.
NOTIC: [8] Undefined index: validate /var/www/mqtt/ThinkPHP/Library/Think/Model.class.php 第 1185 行.
NOTIC: [8] Undefined index: uuid /var/www/mqtt/ThinkPHP/Library/Think/Model.class.php 第 1303 行.
NOTIC: [8] Undefined index: sucess /var/www/mqtt/Application/Home/Controller/DevicesController.class.php 第 75 行.
NOTIC: [8] Undefined index: validate /var/www/mqtt/ThinkPHP/Library/Think/Model.class.php 第 1185 行.
NOTIC: [8] Undefined index: uuid /var/www/mqtt/ThinkPHP/Library/Think/Model.class.php 第 1303 行.
NOTIC: [8] Undefined index: sucess /var/www/mqtt/Application/Home/Controller/DevicesController.class.php 第 75 行.
NOTIC: [8] Undefined index: validate /var/www/mqtt/ThinkPHP/Library/Think/Model.class.php 第 1185 行.
NOTIC: [8] Undefined index: uuid /var/www/mqtt/ThinkPHP/Library/Think/Model.class.php 第 1303 行.
NOTIC: [8] Undefined index: sucess /var/www/mqtt/Application/Home/Controller/DevicesController.class.php 第 75 行.
NOTIC: [8] Undefined index: validate /var/www/mqtt/ThinkPHP/Library/Think/Model.class.php 第 1185 行.
NOTIC: [8] Undefined index: uuid /var/www/mqtt/ThinkPHP/Library/Think/Model.class.php 第 1303 行.
NOTIC: [8] Undefined index: sucess /var/www/mqtt/Application/Home/Controller/DevicesController.class.php 第 75 行.
NOTIC: [8] Undefined index: validate /var/www/mqtt/ThinkPHP/Library/Think/Model.class.php 第 1185 行.
NOTIC: [8] Undefined index: uuid /var/www/mqtt/ThinkPHP/Library/Think/Model.class.php 第 1303 行.
NOTIC: [8] Undefined index: sucess /var/www/mqtt/Application/Home/Controller/DevicesController.class.php 第 75 行.
NOTIC: [8] Undefined index: validate /var/www/mqtt/ThinkPHP/Library/Think/Model.class.php 第 1185 行.
NOTIC: [8] Undefined index: uuid /var/www/mqtt/ThinkPHP/Library/Think/Model.class.php 第 1303 行.
NOTIC: [8] Undefined index: sucess /var/www/mqtt/Application/Home/Controller/DevicesController.class.php 第 75 行.
NOTIC: [8] Undefined index: validate /var/www/mqtt/ThinkPHP/Library/Think/Model.class.php 第 1185 行.
NOTIC: [8] Undefined index: uuid /var/www/mqtt/ThinkPHP/Library/Think/Model.class.php 第 1303 行.
NOTIC: [8] Undefined index: sucess /var/www/mqtt/Application/Home/Controller/DevicesController.class.php 第 75 行.
NOTIC: [8] Undefined index: validate /var/www/mqtt/ThinkPHP/Library/Think/Model.class.php 第 1185 行.
NOTIC: [8] Undefined index: uuid /var/www/mqtt/ThinkPHP/Library/Think/Model.class.php 第 1303 行.
NOTIC: [8] Undefined index: sucess /var/www/mqtt/Application/Home/Controller/DevicesController.class.php 第 75 行.
NOTIC: [8] Undefined index: validate /var/www/mqtt/ThinkPHP/Library/Think/Model.class.php 第 1185 行.
NOTIC: [8] Undefined index: uuid /var/www/mqtt/ThinkPHP/Library/Think/Model.class.php 第 1303 行.
NOTIC: [8] Undefined index: sucess /var/www/mqtt/Application/Home/Controller/DevicesController.class.php 第 75 行.
NOTIC: [8] Undefined index: validate /var/www/mqtt/ThinkPHP/Library/Think/Model.class.php 第 1185 行.
NOTIC: [8] Undefined index: uuid /var/www/mqtt/ThinkPHP/Library/Think/Model.class.php 第 1303 行.
NOTIC: [8] Undefined index: sucess /var/www/mqtt/Application/Home/Controller/DevicesController.class.php 第 75 行.
NOTIC: [8] Undefined index: validate /var/www/mqtt/ThinkPHP/Library/Think/Model.class.php 第 1185 行.
NOTIC: [8] Undefined index: uuid /var/www/mqtt/ThinkPHP/Library/Think/Model.class.php 第 1303 行.
NOTIC: [8] Undefined index: sucess /var/www/mqtt/Application/Home/Controller/DevicesController.class.php 第 75 行.
NOTIC: [8] Undefined index: validate /var/www/mqtt/ThinkPHP/Library/Think/Model.class.php 第 1185 行.
NOTIC: [8] Undefined index: uuid /var/www/mqtt/ThinkPHP/Library/Think/Model.class.php 第 1303 行.
NOTIC: [8] Undefined index: sucess /var/www/mqtt/Application/Home/Controller/DevicesController.class.php 第 75 行.
NOTIC: [8] Undefined index: validate /var/www/mqtt/ThinkPHP/Library/Think/Model.class.php 第 1185 行.
NOTIC: [8] Undefined index: uuid /var/www/mqtt/ThinkPHP/Library/Think/Model.class.php 第 1303 行.
NOTIC: [8] Undefined index: sucess /var/www/mqtt/Application/Home/Controller/DevicesController.class.php 第 75 行.
NOTIC: [8] Undefined index: validate /var/www/mqtt/ThinkPHP/Library/Think/Model.class.php 第 1185 行.
NOTIC: [8] Undefined index: uuid /var/www/mqtt/ThinkPHP/Library/Think/Model.class.php 第 1303 行.
NOTIC: [8] Undefined index: sucess /var/www/mqtt/Application/Home/Controller/DevicesController.class.php 第 75 行.
NOTIC: [8] Undefined index: validate /var/www/mqtt/ThinkPHP/Library/Think/Model.class.php 第 1185 行.
NOTIC: [8] Undefined index: uuid /var/www/mqtt/ThinkPHP/Library/Think/Model.class.php 第 1303 行.
NOTIC: [8] Undefined index: sucess /var/www/mqtt/Application/Home/Controller/DevicesController.class.php 第 75 行.
NOTIC: [8] Undefined index: validate /var/www/mqtt/ThinkPHP/Library/Think/Model.class.php 第 1185 行.
NOTIC: [8] Undefined index: uuid /var/www/mqtt/ThinkPHP/Library/Think/Model.class.php 第 1303 行.
NOTIC: [8] Undefined index: sucess /var/www/mqtt/Application/Home/Controller/DevicesController.class.php 第 75 行.
NOTIC: [8] Undefined index: validate /var/www/mqtt/ThinkPHP/Library/Think/Model.class.php 第 1185 行.
NOTIC: [8] Undefined index: uuid /var/www/mqtt/ThinkPHP/Library/Think/Model.class.php 第 1303 行.
NOTIC: [8] Undefined index: sucess /var/www/mqtt/Application/Home/Controller/DevicesController.class.php 第 75 行.
NOTIC: [8] Undefined index: validate /var/www/mqtt/ThinkPHP/Library/Think/Model.class.php 第 1185 行.
NOTIC: [8] Undefined index: uuid /var/www/mqtt/ThinkPHP/Library/Think/Model.class.php 第 1303 行.
NOTIC: [8] Undefined index: sucess /var/www/mqtt/Application/Home/Controller/DevicesController.class.php 第 75 行.
NOTIC: [8] Undefined index: validate /var/www/mqtt/ThinkPHP/Library/Think/Model.class.php 第 1185 行.
NOTIC: [8] Undefined index: uuid /var/www/mqtt/ThinkPHP/Library/Think/Model.class.php 第 1303 行.
NOTIC: [8] Undefined index: sucess /var/www/mqtt/Application/Home/Controller/DevicesController.class.php 第 75 行.
NOTIC: [8] Undefined index: validate /var/www/mqtt/ThinkPHP/Library/Think/Model.class.php 第 1185 行.
NOTIC: [8] Undefined index: uuid /var/www/mqtt/ThinkPHP/Library/Think/Model.class.php 第 1303 行.
NOTIC: [8] Undefined index: sucess /var/www/mqtt/Application/Home/Controller/DevicesController.class.php 第 75 行.
NOTIC: [8] Undefined index: validate /var/www/mqtt/ThinkPHP/Library/Think/Model.class.php 第 1185 行.
NOTIC: [8] Undefined index: uuid /var/www/mqtt/ThinkPHP/Library/Think/Model.class.php 第 1303 行.
NOTIC: [8] Undefined index: sucess /var/www/mqtt/Application/Home/Controller/DevicesController.class.php 第 75 行.
NOTIC: [8] Undefined index: validate /var/www/mqtt/ThinkPHP/Library/Think/Model.class.php 第 1185 行.
NOTIC: [8] Undefined index: uuid /var/www/mqtt/ThinkPHP/Library/Think/Model.class.php 第 1303 行.
NOTIC: [8] Undefined index: sucess /var/www/mqtt/Application/Home/Controller/DevicesController.class.php 第 75 行.
NOTIC: [8] Undefined index: validate /var/www/mqtt/ThinkPHP/Library/Think/Model.class.php 第 1185 行.
NOTIC: [8] Undefined index: uuid /var/www/mqtt/ThinkPHP/Library/Think/Model.class.php 第 1303 行.
NOTIC: [8] Undefined index: sucess /var/www/mqtt/Application/Home/Controller/DevicesController.class.php 第 75 行.
NOTIC: [8] Undefined index: validate /var/www/mqtt/ThinkPHP/Library/Think/Model.class.php 第 1185 行.
NOTIC: [8] Undefined index: uuid /var/www/mqtt/ThinkPHP/Library/Think/Model.class.php 第 1303 行.
NOTIC: [8] Undefined index: sucess /var/www/mqtt/Application/Home/Controller/DevicesController.class.php 第 75 行.
NOTIC: [8] Undefined index: validate /var/www/mqtt/ThinkPHP/Library/Think/Model.class.php 第 1185 行.
NOTIC: [8] Undefined index: uuid /var/www/mqtt/ThinkPHP/Library/Think/Model.class.php 第 1303 行.
NOTIC: [8] Undefined index: sucess /var/www/mqtt/Application/Home/Controller/DevicesController.class.php 第 75 行.
NOTIC: [8] Undefined index: validate /var/www/mqtt/ThinkPHP/Library/Think/Model.class.php 第 1185 行.
NOTIC: [8] Undefined index: uuid /var/www/mqtt/ThinkPHP/Library/Think/Model.class.php 第 1303 行.
NOTIC: [8] Undefined index: sucess /var/www/mqtt/Application/Home/Controller/DevicesController.class.php 第 75 行.
NOTIC: [8] Undefined index: validate /var/www/mqtt/ThinkPHP/Library/Think/Model.class.php 第 1185 行.
NOTIC: [8] Undefined index: uuid /var/www/mqtt/ThinkPHP/Library/Think/Model.class.php 第 1303 行.
NOTIC: [8] Undefined index: sucess /var/www/mqtt/Application/Home/Controller/DevicesController.class.php 第 75 行.
NOTIC: [8] Undefined index: validate /var/www/mqtt/ThinkPHP/Library/Think/Model.class.php 第 1185 行.
NOTIC: [8] Undefined index: uuid /var/www/mqtt/ThinkPHP/Library/Think/Model.class.php 第 1303 行.
NOTIC: [8] Undefined index: sucess /var/www/mqtt/Application/Home/Controller/DevicesController.class.php 第 75 行.
NOTIC: [8] Undefined index: validate /var/www/mqtt/ThinkPHP/Library/Think/Model.class.php 第 1185 行.
NOTIC: [8] Undefined index: uuid /var/www/mqtt/ThinkPHP/Library/Think/Model.class.php 第 1303 行.
NOTIC: [8] Undefined index: sucess /var/www/mqtt/Application/Home/Controller/DevicesController.class.php 第 75 行.
NOTIC: [8] Undefined index: validate /var/www/mqtt/ThinkPHP/Library/Think/Model.class.php 第 1185 行.
NOTIC: [8] Undefined index: uuid /var/www/mqtt/ThinkPHP/Library/Think/Model.class.php 第 1303 行.
NOTIC: [8] Undefined index: sucess /var/www/mqtt/Application/Home/Controller/DevicesController.class.php 第 75 行.
NOTIC: [8] Undefined index: validate /var/www/mqtt/ThinkPHP/Library/Think/Model.class.php 第 1185 行.
NOTIC: [8] Undefined index: uuid /var/www/mqtt/ThinkPHP/Library/Think/Model.class.php 第 1303 行.
NOTIC: [8] Undefined index: sucess /var/www/mqtt/Application/Home/Controller/DevicesController.class.php 第 75 行.
NOTIC: [8] Undefined index: validate /var/www/mqtt/ThinkPHP/Library/Think/Model.class.php 第 1185 行.
NOTIC: [8] Undefined index: uuid /var/www/mqtt/ThinkPHP/Library/Think/Model.class.php 第 1303 行.
NOTIC: [8] Undefined index: sucess /var/www/mqtt/Application/Home/Controller/DevicesController.class.php 第 75 行.
NOTIC: [8] Undefined index: validate /var/www/mqtt/ThinkPHP/Library/Think/Model.class.php 第 1185 行.
NOTIC: [8] Undefined index: uuid /var/www/mqtt/ThinkPHP/Library/Think/Model.class.php 第 1303 行.
NOTIC: [8] Undefined index: sucess /var/www/mqtt/Application/Home/Controller/DevicesController.class.php 第 75 行.
NOTIC: [8] Undefined index: validate /var/www/mqtt/ThinkPHP/Library/Think/Model.class.php 第 1185 行.
NOTIC: [8] Undefined index: uuid /var/www/mqtt/ThinkPHP/Library/Think/Model.class.php 第 1303 行.
NOTIC: [8] Undefined index: sucess /var/www/mqtt/Application/Home/Controller/DevicesController.class.php 第 75 行.
NOTIC: [8] Undefined index: validate /var/www/mqtt/ThinkPHP/Library/Think/Model.class.php 第 1185 行.
NOTIC: [8] Undefined index: uuid /var/www/mqtt/ThinkPHP/Library/Think/Model.class.php 第 1303 行.
NOTIC: [8] Undefined index: sucess /var/www/mqtt/Application/Home/Controller/DevicesController.class.php 第 75 行.
NOTIC: [8] Undefined index: validate /var/www/mqtt/ThinkPHP/Library/Think/Model.class.php 第 1185 行.
NOTIC: [8] Undefined index: uuid /var/www/mqtt/ThinkPHP/Library/Think/Model.class.php 第 1303 行.
NOTIC: [8] Undefined index: sucess /var/www/mqtt/Application/Home/Controller/DevicesController.class.php 第 75 行.
NOTIC: [8] Undefined index: validate /var/www/mqtt/ThinkPHP/Library/Think/Model.class.php 第 1185 行.
NOTIC: [8] Undefined index: uuid /var/www/mqtt/ThinkPHP/Library/Think/Model.class.php 第 1303 行.
NOTIC: [8] Undefined index: sucess /var/www/mqtt/Application/Home/Controller/DevicesController.class.php 第 75 行.
NOTIC: [8] Undefined index: validate /var/www/mqtt/ThinkPHP/Library/Think/Model.class.php 第 1185 行.
NOTIC: [8] Undefined index: uuid /var/www/mqtt/ThinkPHP/Library/Think/Model.class.php 第 1303 行.
NOTIC: [8] Undefined index: sucess /var/www/mqtt/Application/Home/Controller/DevicesController.class.php 第 75 行.
NOTIC: [8] Undefined index: validate /var/www/mqtt/ThinkPHP/Library/Think/Model.class.php 第 1185 行.
NOTIC: [8] Undefined index: uuid /var/www/mqtt/ThinkPHP/Library/Think/Model.class.php 第 1303 行.
NOTIC: [8] Undefined index: sucess /var/www/mqtt/Application/Home/Controller/DevicesController.class.php 第 75 行.
NOTIC: [8] Undefined index: validate /var/www/mqtt/ThinkPHP/Library/Think/Model.class.php 第 1185 行.
NOTIC: [8] Undefined index: uuid /var/www/mqtt/ThinkPHP/Library/Think/Model.class.php 第 1303 行.
NOTIC: [8] Undefined index: sucess /var/www/mqtt/Application/Home/Controller/DevicesController.class.php 第 75 行.
NOTIC: [8] Undefined index: validate /var/www/mqtt/ThinkPHP/Library/Think/Model.class.php 第 1185 行.
NOTIC: [8] Undefined index: uuid /var/www/mqtt/ThinkPHP/Library/Think/Model.class.php 第 1303 行.
NOTIC: [8] Undefined index: sucess /var/www/mqtt/Application/Home/Controller/DevicesController.class.php 第 75 行.
NOTIC: [8] Undefined index: validate /var/www/mqtt/ThinkPHP/Library/Think/Model.class.php 第 1185 行.
NOTIC: [8] Undefined index: uuid /var/www/mqtt/ThinkPHP/Library/Think/Model.class.php 第 1303 行.
NOTIC: [8] Undefined index: sucess /var/www/mqtt/Application/Home/Controller/DevicesController.class.php 第 75 行.
NOTIC: [8] Undefined index: validate /var/www/mqtt/ThinkPHP/Library/Think/Model.class.php 第 1185 行.
NOTIC: [8] Undefined index: uuid /var/www/mqtt/ThinkPHP/Library/Think/Model.class.php 第 1303 行.
NOTIC: [8] Undefined index: sucess /var/www/mqtt/Application/Home/Controller/DevicesController.class.php 第 75 行.
NOTIC: [8] Undefined index: validate /var/www/mqtt/ThinkPHP/Library/Think/Model.class.php 第 1185 行.
NOTIC: [8] Undefined index: uuid /var/www/mqtt/ThinkPHP/Library/Think/Model.class.php 第 1303 行.
NOTIC: [8] Undefined index: sucess /var/www/mqtt/Application/Home/Controller/DevicesController.class.php 第 75 行.
NOTIC: [8] Undefined index: validate /var/www/mqtt/ThinkPHP/Library/Think/Model.class.php 第 1185 行.
NOTIC: [8] Undefined index: uuid /var/www/mqtt/ThinkPHP/Library/Think/Model.class.php 第 1303 行.
NOTIC: [8] Undefined index: sucess /var/www/mqtt/Application/Home/Controller/DevicesController.class.php 第 75 行.
NOTIC: [8] Undefined index: validate /var/www/mqtt/ThinkPHP/Library/Think/Model.class.php 第 1185 行.
NOTIC: [8] Undefined index: uuid /var/www/mqtt/ThinkPHP/Library/Think/Model.class.php 第 1303 行.
NOTIC: [8] Undefined index: sucess /var/www/mqtt/Application/Home/Controller/DevicesController.class.php 第 75 行.
NOTIC: [8] Undefined index: validate /var/www/mqtt/ThinkPHP/Library/Think/Model.class.php 第 1185 行.
NOTIC: [8] Undefined index: uuid /var/www/mqtt/ThinkPHP/Library/Think/Model.class.php 第 1303 行.
NOTIC: [8] Undefined index: sucess /var/www/mqtt/Application/Home/Controller/DevicesController.class.php 第 75 行.
NOTIC: [8] Undefined index: validate /var/www/mqtt/ThinkPHP/Library/Think/Model.class.php 第 1185 行.
NOTIC: [8] Undefined index: uuid /var/www/mqtt/ThinkPHP/Library/Think/Model.class.php 第 1303 行.
NOTIC: [8] Undefined index: sucess /var/www/mqtt/Application/Home/Controller/DevicesController.class.php 第 75 行.
NOTIC: [8] Undefined index: validate /var/www/mqtt/ThinkPHP/Library/Think/Model.class.php 第 1185 行.
NOTIC: [8] Undefined index: uuid /var/www/mqtt/ThinkPHP/Library/Think/Model.class.php 第 1303 行.
NOTIC: [8] Undefined index: sucess /var/www/mqtt/Application/Home/Controller/DevicesController.class.php 第 75 行.
NOTIC: [8] Undefined index: validate /var/www/mqtt/ThinkPHP/Library/Think/Model.class.php 第 1185 行.
NOTIC: [8] Undefined index: uuid /var/www/mqtt/ThinkPHP/Library/Think/Model.class.php 第 1303 行.
NOTIC: [8] Undefined index: sucess /var/www/mqtt/Application/Home/Controller/DevicesController.class.php 第 75 行.
NOTIC: [8] Undefined index: validate /var/www/mqtt/ThinkPHP/Library/Think/Model.class.php 第 1185 行.
NOTIC: [8] Undefined index: uuid /var/www/mqtt/ThinkPHP/Library/Think/Model.class.php 第 1303 行.
NOTIC: [8] Undefined index: sucess /var/www/mqtt/Application/Home/Controller/DevicesController.class.php 第 75 行.
NOTIC: [8] Undefined index: validate /var/www/mqtt/ThinkPHP/Library/Think/Model.class.php 第 1185 行.
NOTIC: [8] Undefined index: uuid /var/www/mqtt/ThinkPHP/Library/Think/Model.class.php 第 1303 行.
NOTIC: [8] Undefined index: sucess /var/www/mqtt/Application/Home/Controller/DevicesController.class.php 第 75 行.
NOTIC: [8] Undefined index: validate /var/www/mqtt/ThinkPHP/Library/Think/Model.class.php 第 1185 行.
NOTIC: [8] Undefined index: uuid /var/www/mqtt/ThinkPHP/Library/Think/Model.class.php 第 1303 行.
NOTIC: [8] Undefined index: sucess /var/www/mqtt/Application/Home/Controller/DevicesController.class.php 第 75 行.
NOTIC: [8] Undefined index: validate /var/www/mqtt/ThinkPHP/Library/Think/Model.class.php 第 1185 行.
NOTIC: [8] Undefined index: uuid /var/www/mqtt/ThinkPHP/Library/Think/Model.class.php 第 1303 行.
NOTIC: [8] Undefined index: sucess /var/www/mqtt/Application/Home/Controller/DevicesController.class.php 第 75 行.
NOTIC: [8] Undefined index: validate /var/www/mqtt/ThinkPHP/Library/Think/Model.class.php 第 1185 行.
NOTIC: [8] Undefined index: uuid /var/www/mqtt/ThinkPHP/Library/Think/Model.class.php 第 1303 行.
NOTIC: [8] Undefined index: sucess /var/www/mqtt/Application/Home/Controller/DevicesController.class.php 第 75 行.
NOTIC: [8] Undefined index: validate /var/www/mqtt/ThinkPHP/Library/Think/Model.class.php 第 1185 行.
NOTIC: [8] Undefined index: uuid /var/www/mqtt/ThinkPHP/Library/Think/Model.class.php 第 1303 行.
NOTIC: [8] Undefined index: sucess /var/www/mqtt/Application/Home/Controller/DevicesController.class.php 第 75 行.
NOTIC: [8] Undefined index: validate /var/www/mqtt/ThinkPHP/Library/Think/Model.class.php 第 1185 行.
NOTIC: [8] Undefined index: uuid /var/www/mqtt/ThinkPHP/Library/Think/Model.class.php 第 1303 行.
NOTIC: [8] Undefined index: sucess /var/www/mqtt/Application/Home/Controller/DevicesController.class.php 第 75 行.
NOTIC: [8] Undefined index: validate /var/www/mqtt/ThinkPHP/Library/Think/Model.class.php 第 1185 行.
NOTIC: [8] Undefined index: uuid /var/www/mqtt/ThinkPHP/Library/Think/Model.class.php 第 1303 行.
NOTIC: [8] Undefined index: sucess /var/www/mqtt/Application/Home/Controller/DevicesController.class.php 第 75 行.

[ 2016-08-29T15:33:22+08:00 ] 127.0.0.1 /Public/js/lib/jquery-1.10.2.min.map
ERR: 非法操作:js

[ 2016-08-29T15:33:23+08:00 ] 127.0.0.1 /Public/js/lib/jquery-1.10.2.min.map
ERR: 非法操作:js

[ 2016-08-29T15:34:11+08:00 ] 127.0.0.1 /Public/js/lib/jquery-1.10.2.min.map
ERR: 非法操作:js

[ 2016-08-29T16:05:54+08:00 ] 127.0.0.1 /Public/js/lib/jquery-1.10.2.min.map
ERR: 非法操作:js

[ 2016-08-29T16:05:55+08:00 ] 127.0.0.1 /Public/js/lib/jquery-1.10.2.min.map
ERR: 非法操作:js

[ 2016-08-29T16:05:59+08:00 ] 127.0.0.1 /Public/js/lib/jquery-1.10.2.min.map
ERR: 非法操作:js

[ 2016-08-29T16:06:01+08:00 ] 127.0.0.1 /Public/js/lib/jquery-1.10.2.min.map
ERR: 非法操作:js

[ 2016-08-29T16:12:28+08:00 ] 127.0.0.1 /Public/js/lib/jquery-1.10.2.min.map
ERR: 非法操作:js

[ 2016-08-29T16:17:05+08:00 ] 192.168.2.103 /index.php/mqtt
ERR: 模板不存在:./Application/Home/View/Public/404.html

[ 2016-08-29T16:28:36+08:00 ] 127.0.0.1 /Public/js/lib/jquery-1.10.2.min.map
ERR: 非法操作:js

[ 2016-08-29T16:28:37+08:00 ] 127.0.0.1 /Public/js/lib/jquery-1.10.2.min.map
ERR: 非法操作:js

[ 2016-08-29T16:30:04+08:00 ] 127.0.0.1 /Public/js/lib/jquery-1.10.2.min.map
ERR: 非法操作:js

[ 2016-08-29T16:30:06+08:00 ] 127.0.0.1 /Public/js/lib/jquery-1.10.2.min.map
ERR: 非法操作:js

[ 2016-08-29T16:30:37+08:00 ] 127.0.0.1 /Public/js/lib/jquery-1.10.2.min.map
ERR: 非法操作:js

[ 2016-08-29T16:31:02+08:00 ] 127.0.0.1 /Public/js/lib/jquery-1.10.2.min.map
ERR: 非法操作:js

[ 2016-08-29T16:31:11+08:00 ] 127.0.0.1 /Public/js/lib/jquery-1.10.2.min.map
ERR: 非法操作:js

[ 2016-08-29T16:31:12+08:00 ] 127.0.0.1 /Public/js/lib/jquery-1.10.2.min.map
ERR: 非法操作:js

[ 2016-08-29T16:31:27+08:00 ] 127.0.0.1 /Public/js/lib/jquery-1.10.2.min.map
ERR: 非法操作:js

[ 2016-08-29T16:31:28+08:00 ] 127.0.0.1 /Public/js/lib/jquery-1.10.2.min.map
ERR: 非法操作:js

[ 2016-08-29T16:31:44+08:00 ] 127.0.0.1 /Public/js/lib/jquery-1.10.2.min.map
ERR: 非法操作:js

[ 2016-08-29T16:31:57+08:00 ] 127.0.0.1 /Public/js/lib/jquery-1.10.2.min.map
ERR: 非法操作:js

[ 2016-08-29T16:31:58+08:00 ] 127.0.0.1 /Public/js/lib/jquery-1.10.2.min.map
ERR: 非法操作:js

[ 2016-08-29T16:32:47+08:00 ] 127.0.0.1 /Public/js/lib/jquery-1.10.2.min.map
ERR: 非法操作:js

[ 2016-08-29T16:32:58+08:00 ] 127.0.0.1 /Public/js/lib/jquery-1.10.2.min.map
ERR: 非法操作:js

[ 2016-08-29T16:33:16+08:00 ] 127.0.0.1 /Public/js/lib/jquery-1.10.2.min.map
ERR: 非法操作:js

[ 2016-08-29T16:33:44+08:00 ] 127.0.0.1 /Public/js/lib/jquery-1.10.2.min.map
ERR: 非法操作:js

[ 2016-08-29T16:34:14+08:00 ] 127.0.0.1 /Public/js/lib/jquery-1.10.2.min.map
ERR: 非法操作:js

[ 2016-08-29T16:34:32+08:00 ] 127.0.0.1 /Public/js/lib/jquery-1.10.2.min.map
ERR: 非法操作:js

[ 2016-08-29T16:34:42+08:00 ] 127.0.0.1 /Public/js/lib/jquery-1.10.2.min.map
ERR: 非法操作:js

[ 2016-08-29T16:34:45+08:00 ] 127.0.0.1 /Public/js/lib/jquery-1.10.2.min.map
ERR: 非法操作:js

[ 2016-08-29T16:35:32+08:00 ] 127.0.0.1 /Public/js/lib/jquery-1.10.2.min.map
ERR: 非法操作:js

[ 2016-08-29T16:35:38+08:00 ] 127.0.0.1 /Public/js/lib/jquery-1.10.2.min.map
ERR: 非法操作:js

[ 2016-08-29T16:35:40+08:00 ] 127.0.0.1 /Public/js/lib/jquery-1.10.2.min.map
ERR: 非法操作:js

[ 2016-08-29T16:35:41+08:00 ] 127.0.0.1 /Public/js/lib/jquery-1.10.2.min.map
ERR: 非法操作:js

[ 2016-08-29T16:35:44+08:00 ] 127.0.0.1 /Public/js/lib/jquery-1.10.2.min.map
ERR: 非法操作:js

[ 2016-08-29T16:40:26+08:00 ] 127.0.0.1 /Public/js/lib/jquery-1.10.2.min.map
ERR: 非法操作:js

[ 2016-08-29T16:40:27+08:00 ] 127.0.0.1 /Public/js/lib/jquery-1.10.2.min.map
ERR: 非法操作:js

[ 2016-08-29T16:40:30+08:00 ] 127.0.0.1 /Public/js/lib/jquery-1.10.2.min.map
ERR: 非法操作:js

[ 2016-08-29T16:49:11+08:00 ] 127.0.0.1 /Public/js/lib/jquery-1.10.2.min.map
ERR: 非法操作:js

[ 2016-08-29T16:53:48+08:00 ] 127.0.0.1 /Public/js/lib/jquery-1.10.2.min.map
ERR: 非法操作:js

[ 2016-08-29T16:53:50+08:00 ] 127.0.0.1 /Public/js/lib/jquery-1.10.2.min.map
ERR: 非法操作:js

[ 2016-08-29T16:54:22+08:00 ] 127.0.0.1 /Public/js/lib/jquery-1.10.2.min.map
ERR: 非法操作:js

[ 2016-08-29T17:01:48+08:00 ] 127.0.0.1 /Public/js/lib/jquery-1.10.2.min.map
ERR: 非法操作:js

[ 2016-08-29T17:01:50+08:00 ] 127.0.0.1 /Public/js/lib/jquery-1.10.2.min.map
ERR: 非法操作:js

[ 2016-08-29T17:01:54+08:00 ] 127.0.0.1 /Public/js/lib/jquery-1.10.2.min.map
ERR: 非法操作:js

[ 2016-08-29T17:01:57+08:00 ] 127.0.0.1 /Public/js/lib/jquery-1.10.2.min.map
ERR: 非法操作:js

[ 2016-08-29T17:03:10+08:00 ] 127.0.0.1 /Public/js/lib/jquery-1.10.2.min.map
ERR: 非法操作:js

[ 2016-08-29T17:03:31+08:00 ] 127.0.0.1 /Public/js/lib/jquery-1.10.2.min.map
ERR: 非法操作:js

[ 2016-08-29T17:03:54+08:00 ] 127.0.0.1 /Public/js/lib/jquery-1.10.2.min.map
ERR: 非法操作:js

[ 2016-08-29T17:20:22+08:00 ] 127.0.0.1 /Public/js/lib/jquery-1.10.2.min.map
ERR: 非法操作:js

[ 2016-08-29T17:20:24+08:00 ] 127.0.0.1 /Public/js/lib/jquery-1.10.2.min.map
ERR: 非法操作:js

[ 2016-08-29T17:20:49+08:00 ] 127.0.0.1 /Public/js/lib/jquery-1.10.2.min.map
ERR: 非法操作:js

[ 2016-08-29T17:22:42+08:00 ] 127.0.0.1 /Public/js/lib/jquery-1.10.2.min.map
ERR: 非法操作:js

[ 2016-08-29T17:22:46+08:00 ] 127.0.0.1 /Public/js/lib/jquery-1.10.2.min.map
ERR: 非法操作:js

[ 2016-08-29T17:23:40+08:00 ] 127.0.0.1 /Public/js/lib/jquery-1.10.2.min.map
ERR: 非法操作:js

[ 2016-08-29T17:23:42+08:00 ] 127.0.0.1 /Public/js/lib/jquery-1.10.2.min.map
ERR: 非法操作:js

[ 2016-08-29T17:25:56+08:00 ] 127.0.0.1 /Public/js/lib/jquery-1.10.2.min.map
ERR: 非法操作:js

[ 2016-08-29T17:25:57+08:00 ] 127.0.0.1 /Public/js/lib/jquery-1.10.2.min.map
ERR: 非法操作:js

[ 2016-08-29T17:26:02+08:00 ] 127.0.0.1 /devices/editpost
INFO: [ app_begin ] --START--
INFO: Run Behavior\ReadHtmlCacheBehavior [ RunTime:0.000018s ]
INFO: [ app_begin ] --END-- [ RunTime:0.000060s ]
SQL: SHOW COLUMNS FROM `yh_devices` [ RunTime:0.0003s ]
NOTIC: [8] Undefined index: validate /var/www/mqtt/ThinkPHP/Library/Think/Model.class.php 第 1185 行.
NOTIC: [8] Undefined index: auto /var/www/mqtt/ThinkPHP/Library/Think/Model.class.php 第 1128 行.
SQL: UPDATE `yh_devices` SET `title`='',`uuid`='70006-0331',`description`='wwwwddddddddddddddddddddddddddddddddddd' WHERE `id` = '27' [ RunTime:0.0002s ]

[ 2016-08-29T18:23:51+08:00 ] 127.0.0.1 /Public/js/lib/jquery-1.10.2.min.map
ERR: 非法操作:js

[ 2016-08-29T19:14:26+08:00 ] 127.0.0.1 /Public/js/lib/jquery-1.10.2.min.map
ERR: 非法操作:js

[ 2016-08-29T19:29:53+08:00 ] 127.0.0.1 /Public/js/lib/jquery-1.10.2.min.map
ERR: 非法操作:js

