[ 2016-08-12T11:23:47+08:00 ] 127.0.0.1 /
INFO: [ app_begin ] --START--
INFO: Run Behavior\ReadHtmlCacheBehavior [ RunTime:0.000014s ]
INFO: [ app_begin ] --END-- [ RunTime:0.000041s ]
INFO: [ view_parse ] --START--
INFO: [ template_filter ] --START--
INFO: Run Behavior\ContentReplaceBehavior [ RunTime:0.000026s ]
INFO: [ template_filter ] --END-- [ RunTime:0.000074s ]
INFO: Run Behavior\ParseTemplateBehavior [ RunTime:0.000927s ]
INFO: [ view_parse ] --END-- [ RunTime:0.000951s ]
INFO: [ view_filter ] --START--
INFO: Run Behavior\WriteHtmlCacheBehavior [ RunTime:0.000020s ]
INFO: [ view_filter ] --END-- [ RunTime:0.000038s ]
INFO: [ app_end ] --START--
INFO: Run Behavior\ShowPageTraceBehavior [ RunTime:0.000014s ]
INFO: [ app_end ] --END-- [ RunTime:0.000031s ]

[ 2016-08-12T11:40:02+08:00 ] 127.0.0.1 /
INFO: [ app_begin ] --START--
INFO: Run Behavior\ReadHtmlCacheBehavior [ RunTime:0.000015s ]
INFO: [ app_begin ] --END-- [ RunTime:0.000044s ]
INFO: [ view_parse ] --START--
INFO: [ template_filter ] --START--
INFO: Run Behavior\ContentReplaceBehavior [ RunTime:0.000026s ]
INFO: [ template_filter ] --END-- [ RunTime:0.000049s ]
INFO: Run Behavior\ParseTemplateBehavior [ RunTime:0.001036s ]
INFO: [ view_parse ] --END-- [ RunTime:0.001061s ]
INFO: [ view_filter ] --START--
INFO: Run Behavior\WriteHtmlCacheBehavior [ RunTime:0.000020s ]
INFO: [ view_filter ] --END-- [ RunTime:0.000037s ]
INFO: [ app_end ] --START--
INFO: Run Behavior\ShowPageTraceBehavior [ RunTime:0.000014s ]
INFO: [ app_end ] --END-- [ RunTime:0.000031s ]

[ 2016-08-12T11:41:02+08:00 ] 127.0.0.1 /
INFO: [ app_begin ] --START--
INFO: Run Behavior\ReadHtmlCacheBehavior [ RunTime:0.000014s ]
INFO: [ app_begin ] --END-- [ RunTime:0.000041s ]
INFO: [ view_parse ] --START--
INFO: [ template_filter ] --START--
INFO: Run Behavior\ContentReplaceBehavior [ RunTime:0.000025s ]
INFO: [ template_filter ] --END-- [ RunTime:0.000047s ]
INFO: Run Behavior\ParseTemplateBehavior [ RunTime:0.000894s ]
INFO: [ view_parse ] --END-- [ RunTime:0.000926s ]
INFO: [ view_filter ] --START--
INFO: Run Behavior\WriteHtmlCacheBehavior [ RunTime:0.000018s ]
INFO: [ view_filter ] --END-- [ RunTime:0.000034s ]
INFO: [ app_end ] --START--
INFO: Run Behavior\ShowPageTraceBehavior [ RunTime:0.000013s ]
INFO: [ app_end ] --END-- [ RunTime:0.000029s ]

[ 2016-08-12T11:41:21+08:00 ] 127.0.0.1 /
INFO: [ app_begin ] --START--
INFO: Run Behavior\ReadHtmlCacheBehavior [ RunTime:0.000015s ]
INFO: [ app_begin ] --END-- [ RunTime:0.000044s ]
INFO: [ view_parse ] --START--
INFO: [ template_filter ] --START--
INFO: Run Behavior\ContentReplaceBehavior [ RunTime:0.000027s ]
INFO: [ template_filter ] --END-- [ RunTime:0.000051s ]
INFO: Run Behavior\ParseTemplateBehavior [ RunTime:0.001023s ]
INFO: [ view_parse ] --END-- [ RunTime:0.001048s ]
INFO: [ view_filter ] --START--
INFO: Run Behavior\WriteHtmlCacheBehavior [ RunTime:0.000019s ]
INFO: [ view_filter ] --END-- [ RunTime:0.000036s ]
INFO: [ app_end ] --START--
INFO: Run Behavior\ShowPageTraceBehavior [ RunTime:0.000013s ]
INFO: [ app_end ] --END-- [ RunTime:0.000030s ]

[ 2016-08-12T11:42:16+08:00 ] 127.0.0.1 /
INFO: [ app_begin ] --START--
INFO: Run Behavior\ReadHtmlCacheBehavior [ RunTime:0.000014s ]
INFO: [ app_begin ] --END-- [ RunTime:0.000042s ]
INFO: [ view_parse ] --START--
INFO: [ template_filter ] --START--
INFO: Run Behavior\ContentReplaceBehavior [ RunTime:0.000027s ]
INFO: [ template_filter ] --END-- [ RunTime:0.000050s ]
INFO: Run Behavior\ParseTemplateBehavior [ RunTime:0.000938s ]
INFO: [ view_parse ] --END-- [ RunTime:0.000961s ]
INFO: [ view_filter ] --START--
INFO: Run Behavior\WriteHtmlCacheBehavior [ RunTime:0.000020s ]
INFO: [ view_filter ] --END-- [ RunTime:0.000037s ]
INFO: [ app_end ] --START--
INFO: Run Behavior\ShowPageTraceBehavior [ RunTime:0.000014s ]
INFO: [ app_end ] --END-- [ RunTime:0.000040s ]

[ 2016-08-12T11:45:35+08:00 ] 127.0.0.1 /
INFO: [ app_begin ] --START--
INFO: Run Behavior\ReadHtmlCacheBehavior [ RunTime:0.000015s ]
INFO: [ app_begin ] --END-- [ RunTime:0.000041s ]
INFO: [ view_parse ] --START--
INFO: [ template_filter ] --START--
INFO: Run Behavior\ContentReplaceBehavior [ RunTime:0.000027s ]
INFO: [ template_filter ] --END-- [ RunTime:0.000054s ]
INFO: Run Behavior\ParseTemplateBehavior [ RunTime:0.001020s ]
INFO: [ view_parse ] --END-- [ RunTime:0.001044s ]
INFO: [ view_filter ] --START--
INFO: Run Behavior\WriteHtmlCacheBehavior [ RunTime:0.000020s ]
INFO: [ view_filter ] --END-- [ RunTime:0.000038s ]
INFO: [ app_end ] --START--
INFO: Run Behavior\ShowPageTraceBehavior [ RunTime:0.000013s ]
INFO: [ app_end ] --END-- [ RunTime:0.000031s ]

[ 2016-08-12T11:47:27+08:00 ] 127.0.0.1 /
INFO: [ app_begin ] --START--
INFO: Run Behavior\ReadHtmlCacheBehavior [ RunTime:0.000014s ]
INFO: [ app_begin ] --END-- [ RunTime:0.000041s ]
INFO: [ view_parse ] --START--
INFO: [ template_filter ] --START--
INFO: Run Behavior\ContentReplaceBehavior [ RunTime:0.000026s ]
INFO: [ template_filter ] --END-- [ RunTime:0.000049s ]
INFO: Run Behavior\ParseTemplateBehavior [ RunTime:0.000958s ]
INFO: [ view_parse ] --END-- [ RunTime:0.000981s ]
INFO: [ view_filter ] --START--
INFO: Run Behavior\WriteHtmlCacheBehavior [ RunTime:0.000018s ]
INFO: [ view_filter ] --END-- [ RunTime:0.000036s ]
INFO: [ app_end ] --START--
INFO: Run Behavior\ShowPageTraceBehavior [ RunTime:0.000014s ]
INFO: [ app_end ] --END-- [ RunTime:0.000031s ]

[ 2016-08-12T11:47:36+08:00 ] 127.0.0.1 /
INFO: [ app_begin ] --START--
INFO: Run Behavior\ReadHtmlCacheBehavior [ RunTime:0.000014s ]
INFO: [ app_begin ] --END-- [ RunTime:0.000040s ]
INFO: [ view_parse ] --START--
INFO: [ template_filter ] --START--
INFO: Run Behavior\ContentReplaceBehavior [ RunTime:0.000025s ]
INFO: [ template_filter ] --END-- [ RunTime:0.000047s ]
INFO: Run Behavior\ParseTemplateBehavior [ RunTime:0.000927s ]
INFO: [ view_parse ] --END-- [ RunTime:0.000969s ]
INFO: [ view_filter ] --START--
INFO: Run Behavior\WriteHtmlCacheBehavior [ RunTime:0.000019s ]
INFO: [ view_filter ] --END-- [ RunTime:0.000036s ]
INFO: [ app_end ] --START--
INFO: Run Behavior\ShowPageTraceBehavior [ RunTime:0.000013s ]
INFO: [ app_end ] --END-- [ RunTime:0.000030s ]

[ 2016-08-12T14:50:43+08:00 ] 127.0.0.1 /
INFO: [ app_begin ] --START--
INFO: Run Behavior\ReadHtmlCacheBehavior [ RunTime:0.000017s ]
INFO: [ app_begin ] --END-- [ RunTime:0.000049s ]
INFO: [ view_parse ] --START--
INFO: [ template_filter ] --START--
INFO: Run Behavior\ContentReplaceBehavior [ RunTime:0.000029s ]
INFO: [ template_filter ] --END-- [ RunTime:0.000055s ]
INFO: Run Behavior\ParseTemplateBehavior [ RunTime:0.001016s ]
INFO: [ view_parse ] --END-- [ RunTime:0.001041s ]
INFO: [ view_filter ] --START--
INFO: Run Behavior\WriteHtmlCacheBehavior [ RunTime:0.000023s ]
INFO: [ view_filter ] --END-- [ RunTime:0.000042s ]
INFO: [ app_end ] --START--
INFO: Run Behavior\ShowPageTraceBehavior [ RunTime:0.000016s ]
INFO: [ app_end ] --END-- [ RunTime:0.000036s ]

[ 2016-08-12T14:52:48+08:00 ] 127.0.0.1 /
INFO: [ app_begin ] --START--
INFO: Run Behavior\ReadHtmlCacheBehavior [ RunTime:0.000017s ]
INFO: [ app_begin ] --END-- [ RunTime:0.000057s ]
INFO: [ view_parse ] --START--
INFO: [ template_filter ] --START--
INFO: Run Behavior\ContentReplaceBehavior [ RunTime:0.000028s ]
INFO: [ template_filter ] --END-- [ RunTime:0.000061s ]
INFO: Run Behavior\ParseTemplateBehavior [ RunTime:0.000993s ]
INFO: [ view_parse ] --END-- [ RunTime:0.001016s ]
INFO: [ view_filter ] --START--
INFO: Run Behavior\WriteHtmlCacheBehavior [ RunTime:0.000022s ]
INFO: [ view_filter ] --END-- [ RunTime:0.000040s ]
INFO: [ app_end ] --START--
INFO: Run Behavior\ShowPageTraceBehavior [ RunTime:0.000016s ]
INFO: [ app_end ] --END-- [ RunTime:0.000034s ]

[ 2016-08-12T14:52:49+08:00 ] 127.0.0.1 /
INFO: [ app_begin ] --START--
INFO: Run Behavior\ReadHtmlCacheBehavior [ RunTime:0.000016s ]
INFO: [ app_begin ] --END-- [ RunTime:0.000045s ]
INFO: [ view_parse ] --START--
INFO: [ template_filter ] --START--
INFO: Run Behavior\ContentReplaceBehavior [ RunTime:0.000028s ]
INFO: [ template_filter ] --END-- [ RunTime:0.000052s ]
INFO: Run Behavior\ParseTemplateBehavior [ RunTime:0.000936s ]
INFO: [ view_parse ] --END-- [ RunTime:0.000960s ]
INFO: [ view_filter ] --START--
INFO: Run Behavior\WriteHtmlCacheBehavior [ RunTime:0.000019s ]
INFO: [ view_filter ] --END-- [ RunTime:0.000037s ]
INFO: [ app_end ] --START--
INFO: Run Behavior\ShowPageTraceBehavior [ RunTime:0.000014s ]
INFO: [ app_end ] --END-- [ RunTime:0.000032s ]

[ 2016-08-12T14:52:49+08:00 ] 127.0.0.1 /
INFO: [ app_begin ] --START--
INFO: Run Behavior\ReadHtmlCacheBehavior [ RunTime:0.000014s ]
INFO: [ app_begin ] --END-- [ RunTime:0.000042s ]
INFO: [ view_parse ] --START--
INFO: [ template_filter ] --START--
INFO: Run Behavior\ContentReplaceBehavior [ RunTime:0.000028s ]
INFO: [ template_filter ] --END-- [ RunTime:0.000053s ]
INFO: Run Behavior\ParseTemplateBehavior [ RunTime:0.000991s ]
INFO: [ view_parse ] --END-- [ RunTime:0.001015s ]
INFO: [ view_filter ] --START--
INFO: Run Behavior\WriteHtmlCacheBehavior [ RunTime:0.000019s ]
INFO: [ view_filter ] --END-- [ RunTime:0.000038s ]
INFO: [ app_end ] --START--
INFO: Run Behavior\ShowPageTraceBehavior [ RunTime:0.000014s ]
INFO: [ app_end ] --END-- [ RunTime:0.000033s ]

[ 2016-08-12T14:52:49+08:00 ] 127.0.0.1 /
INFO: [ app_begin ] --START--
INFO: Run Behavior\ReadHtmlCacheBehavior [ RunTime:0.000014s ]
INFO: [ app_begin ] --END-- [ RunTime:0.000042s ]
INFO: [ view_parse ] --START--
INFO: [ template_filter ] --START--
INFO: Run Behavior\ContentReplaceBehavior [ RunTime:0.000037s ]
INFO: [ template_filter ] --END-- [ RunTime:0.000071s ]
INFO: Run Behavior\ParseTemplateBehavior [ RunTime:0.001037s ]
INFO: [ view_parse ] --END-- [ RunTime:0.001062s ]
INFO: [ view_filter ] --START--
INFO: Run Behavior\WriteHtmlCacheBehavior [ RunTime:0.000019s ]
INFO: [ view_filter ] --END-- [ RunTime:0.000037s ]
INFO: [ app_end ] --START--
INFO: Run Behavior\ShowPageTraceBehavior [ RunTime:0.000014s ]
INFO: [ app_end ] --END-- [ RunTime:0.000031s ]

[ 2016-08-12T14:52:50+08:00 ] 127.0.0.1 /
INFO: [ app_begin ] --START--
INFO: Run Behavior\ReadHtmlCacheBehavior [ RunTime:0.000015s ]
INFO: [ app_begin ] --END-- [ RunTime:0.000043s ]
INFO: [ view_parse ] --START--
INFO: [ template_filter ] --START--
INFO: Run Behavior\ContentReplaceBehavior [ RunTime:0.000027s ]
INFO: [ template_filter ] --END-- [ RunTime:0.000059s ]
INFO: Run Behavior\ParseTemplateBehavior [ RunTime:0.000976s ]
INFO: [ view_parse ] --END-- [ RunTime:0.001001s ]
INFO: [ view_filter ] --START--
INFO: Run Behavior\WriteHtmlCacheBehavior [ RunTime:0.000019s ]
INFO: [ view_filter ] --END-- [ RunTime:0.000037s ]
INFO: [ app_end ] --START--
INFO: Run Behavior\ShowPageTraceBehavior [ RunTime:0.000014s ]
INFO: [ app_end ] --END-- [ RunTime:0.000032s ]

[ 2016-08-12T15:01:03+08:00 ] 127.0.0.1 /
INFO: [ app_begin ] --START--
INFO: Run Behavior\ReadHtmlCacheBehavior [ RunTime:0.000017s ]
INFO: [ app_begin ] --END-- [ RunTime:0.000048s ]
INFO: [ view_parse ] --START--
INFO: [ template_filter ] --START--
INFO: Run Behavior\ContentReplaceBehavior [ RunTime:0.000028s ]
INFO: [ template_filter ] --END-- [ RunTime:0.000053s ]
INFO: Run Behavior\ParseTemplateBehavior [ RunTime:0.000966s ]
INFO: [ view_parse ] --END-- [ RunTime:0.000991s ]
INFO: [ view_filter ] --START--
INFO: Run Behavior\WriteHtmlCacheBehavior [ RunTime:0.000023s ]
INFO: [ view_filter ] --END-- [ RunTime:0.000040s ]
INFO: [ app_end ] --START--
INFO: Run Behavior\ShowPageTraceBehavior [ RunTime:0.000016s ]
INFO: [ app_end ] --END-- [ RunTime:0.000034s ]

[ 2016-08-12T15:13:12+08:00 ] 127.0.0.1 /home/admin
ERR: 无法加载控制器:Admin

[ 2016-08-12T15:13:19+08:00 ] 127.0.0.1 /index.php/home/admin
ERR: 无法加载控制器:Admin

[ 2016-08-12T15:13:20+08:00 ] 127.0.0.1 /index.php/home/admin
ERR: 无法加载控制器:Admin

[ 2016-08-12T15:13:26+08:00 ] 127.0.0.1 /index.php/Home/admin
ERR: 无法加载控制器:Admin

[ 2016-08-12T15:13:29+08:00 ] 127.0.0.1 /index.php/Home/Admin
ERR: 无法加载控制器:Admin

[ 2016-08-12T15:14:36+08:00 ] 127.0.0.1 /index.php/Home/Admin
ERR: 无法加载控制器:Admin

[ 2016-08-12T15:14:37+08:00 ] 127.0.0.1 /index.php/Home/Admin
ERR: 无法加载控制器:Admin

[ 2016-08-12T15:47:49+08:00 ] 127.0.0.1 /Admin/dashboard
ERR: 模板不存在:./Application/Home/View/Admin/dashboard.html

[ 2016-08-12T16:35:01+08:00 ] 127.0.0.1 /Public/css/fonts/fontawesome-webfont.woff2?v=4.6.3
ERR: 无法加载控制器:Public

[ 2016-08-12T16:35:01+08:00 ] 127.0.0.1 /Public/css/fonts/fontawesome-webfont.woff?v=4.6.3
ERR: 无法加载控制器:Public

[ 2016-08-12T16:35:01+08:00 ] 127.0.0.1 /Public/css/fonts/fontawesome-webfont.ttf?v=4.6.3
ERR: 无法加载控制器:Public

[ 2016-08-12T16:35:02+08:00 ] 127.0.0.1 /Public/css/fonts/fontawesome-webfont.woff2?v=4.6.3
ERR: 无法加载控制器:Public

[ 2016-08-12T16:35:02+08:00 ] 127.0.0.1 /Public/css/fonts/fontawesome-webfont.woff?v=4.6.3
ERR: 无法加载控制器:Public

[ 2016-08-12T16:35:02+08:00 ] 127.0.0.1 /Public/css/fonts/fontawesome-webfont.ttf?v=4.6.3
ERR: 无法加载控制器:Public

[ 2016-08-12T16:35:03+08:00 ] 127.0.0.1 /Public/css/fonts/fontawesome-webfont.woff2?v=4.6.3
ERR: 无法加载控制器:Public

[ 2016-08-12T16:35:03+08:00 ] 127.0.0.1 /Public/css/fonts/fontawesome-webfont.woff?v=4.6.3
ERR: 无法加载控制器:Public

[ 2016-08-12T16:35:03+08:00 ] 127.0.0.1 /Public/css/fonts/fontawesome-webfont.ttf?v=4.6.3
ERR: 无法加载控制器:Public

[ 2016-08-12T16:35:03+08:00 ] 127.0.0.1 /Public/css/fonts/fontawesome-webfont.woff2?v=4.6.3
ERR: 无法加载控制器:Public

[ 2016-08-12T16:35:03+08:00 ] 127.0.0.1 /Public/css/fonts/fontawesome-webfont.woff?v=4.6.3
ERR: 无法加载控制器:Public

[ 2016-08-12T16:35:03+08:00 ] 127.0.0.1 /Public/css/fonts/fontawesome-webfont.ttf?v=4.6.3
ERR: 无法加载控制器:Public

[ 2016-08-12T16:36:15+08:00 ] 127.0.0.1 /Public/css/fonts/fontawesome-webfont.woff2?v=4.6.3
ERR: 无法加载控制器:Public

[ 2016-08-12T16:36:15+08:00 ] 127.0.0.1 /Public/css/fonts/fontawesome-webfont.woff?v=4.6.3
ERR: 无法加载控制器:Public

[ 2016-08-12T16:36:15+08:00 ] 127.0.0.1 /Public/css/fonts/fontawesome-webfont.ttf?v=4.6.3
ERR: 无法加载控制器:Public

[ 2016-08-12T16:36:16+08:00 ] 127.0.0.1 /Public/css/fonts/fontawesome-webfont.woff2?v=4.6.3
ERR: 无法加载控制器:Public

[ 2016-08-12T16:36:16+08:00 ] 127.0.0.1 /Public/css/fonts/fontawesome-webfont.woff?v=4.6.3
ERR: 无法加载控制器:Public

[ 2016-08-12T16:36:17+08:00 ] 127.0.0.1 /Public/css/fonts/fontawesome-webfont.ttf?v=4.6.3
ERR: 无法加载控制器:Public

[ 2016-08-12T17:02:41+08:00 ] 127.0.0.1 /Public/css/lib/fonts/glyphicons-halflings-regular.woff2
ERR: 无法加载控制器:Public

[ 2016-08-12T17:02:41+08:00 ] 127.0.0.1 /Public/css/lib/fonts/glyphicons-halflings-regular.woff
ERR: 无法加载控制器:Public

[ 2016-08-12T17:02:41+08:00 ] 127.0.0.1 /Public/css/lib/fonts/glyphicons-halflings-regular.ttf
ERR: 无法加载控制器:Public

[ 2016-08-12T17:04:31+08:00 ] 127.0.0.1 /Public/css/lib/bootstrap.css.map
ERR: 无法加载控制器:Public

[ 2016-08-12T17:04:32+08:00 ] 127.0.0.1 /Public/css/lib/bootstrap.css.map
ERR: 无法加载控制器:Public

[ 2016-08-12T17:04:53+08:00 ] 127.0.0.1 /Public/css/lib/bootstrap.css.map
ERR: 无法加载控制器:Public

[ 2016-08-12T17:06:29+08:00 ] 127.0.0.1 /Public/css/lib/bootstrap.css.map
ERR: 无法加载控制器:Public

[ 2016-08-12T17:06:30+08:00 ] 127.0.0.1 /Public/css/lib/bootstrap.css.map
ERR: 无法加载控制器:Public

[ 2016-08-12T17:08:31+08:00 ] 127.0.0.1 /Public/css/lib/bootstrap.css.map
ERR: 无法加载控制器:Public

[ 2016-08-12T17:08:32+08:00 ] 127.0.0.1 /Public/css/lib/bootstrap.css.map
ERR: 无法加载控制器:Public

[ 2016-08-12T17:09:24+08:00 ] 127.0.0.1 /Public/css/lib/bootstrap.css.map
ERR: 无法加载控制器:Public

[ 2016-08-12T17:09:50+08:00 ] 127.0.0.1 /Public/css/lib/bootstrap.css.map
ERR: 无法加载控制器:Public

[ 2016-08-12T17:10:33+08:00 ] 127.0.0.1 /Public/css/lib/bootstrap.css.map
ERR: 无法加载控制器:Public

[ 2016-08-12T17:10:47+08:00 ] 127.0.0.1 /Public/css/lib/bootstrap.css.map
ERR: 无法加载控制器:Public

[ 2016-08-12T17:10:48+08:00 ] 127.0.0.1 /Public/css/lib/bootstrap.css.map
ERR: 无法加载控制器:Public

[ 2016-08-12T17:11:05+08:00 ] 127.0.0.1 /Public/css/lib/bootstrap.css.map
ERR: 无法加载控制器:Public

[ 2016-08-12T17:11:12+08:00 ] 127.0.0.1 /Public/css/lib/bootstrap.css.map
ERR: 无法加载控制器:Public

[ 2016-08-12T17:11:51+08:00 ] 127.0.0.1 /Public/css/lib/bootstrap.css.map
ERR: 无法加载控制器:Public

[ 2016-08-12T17:11:57+08:00 ] 127.0.0.1 /Public/css/lib/bootstrap.css.map
ERR: 无法加载控制器:Public

[ 2016-08-12T17:12:46+08:00 ] 127.0.0.1 /Public/css/lib/bootstrap.css.map
ERR: 无法加载控制器:Public

