[ 2016-09-14T09:50:49+08:00 ] 127.0.0.1 /Index/loginpost
INFO: [ app_begin ] --START--
INFO: Run Behavior\ReadHtmlCacheBehavior [ RunTime:0.000048s ]
INFO: [ app_begin ] --END-- [ RunTime:0.000148s ]
SQL: SHOW COLUMNS FROM `yh_admin` [ RunTime:0.0019s ]
SQL: SELECT * FROM `yh_admin` WHERE `password` = '5416d7cd6ef195a0f7622a9c56b55e84' LIMIT 1   [ RunTime:0.0007s ]
SQL: SHOW COLUMNS FROM `yh_admin` [ RunTime:0.0004s ]
SQL: SELECT * FROM `yh_admin` WHERE `id` = '1' LIMIT 1   [ RunTime:0.0002s ]

[ 2016-09-14T11:10:29+08:00 ] 127.0.0.1 /Public/js/lib/jquery-1.10.2.min.map
ERR: 非法操作:js

[ 2016-09-14T11:10:41+08:00 ] 127.0.0.1 /Index/loginpost
INFO: [ app_begin ] --START--
INFO: Run Behavior\ReadHtmlCacheBehavior [ RunTime:0.000018s ]
INFO: [ app_begin ] --END-- [ RunTime:0.000050s ]
SQL: SHOW COLUMNS FROM `yh_admin` [ RunTime:0.0003s ]
SQL: SELECT * FROM `yh_admin` WHERE `password` = '5416d7cd6ef195a0f7622a9c56b55e84' LIMIT 1   [ RunTime:0.0001s ]
SQL: SHOW COLUMNS FROM `yh_admin` [ RunTime:0.0002s ]
SQL: SELECT * FROM `yh_admin` WHERE `id` = '1' LIMIT 1   [ RunTime:0.0001s ]

[ 2016-09-14T11:10:41+08:00 ] 127.0.0.1 /Public/js/lib/jquery-1.10.2.min.map
ERR: 非法操作:js

[ 2016-09-14T11:10:43+08:00 ] 127.0.0.1 /Public/js/lib/jquery-1.10.2.min.map
ERR: 非法操作:js

[ 2016-09-14T18:28:19+08:00 ] 127.0.0.1 /Index/loginpost
INFO: [ app_begin ] --START--
INFO: Run Behavior\ReadHtmlCacheBehavior [ RunTime:0.000017s ]
INFO: [ app_begin ] --END-- [ RunTime:0.000048s ]
SQL: SHOW COLUMNS FROM `yh_admin` [ RunTime:0.0003s ]
SQL: SELECT * FROM `yh_admin` WHERE `password` = '5416d7cd6ef195a0f7622a9c56b55e84' LIMIT 1   [ RunTime:0.0001s ]
SQL: SHOW COLUMNS FROM `yh_admin` [ RunTime:0.0002s ]
SQL: SELECT * FROM `yh_admin` WHERE `id` = '1' LIMIT 1   [ RunTime:0.0001s ]

